[0.187s] Invoking command in '/home/yurs/softleg_ws/build/rbt_pd_cnt': CMAKE_PREFIX_PATH=/opt/ros/humble /usr/bin/cmake /home/yurs/softleg_ws/src/rbt_pd_cnt -DAMENT_CMAKE_SYMLINK_INSTALL=1 -DCMAKE_INSTALL_PREFIX=/home/yurs/softleg_ws/install/rbt_pd_cnt
[0.204s] -- Found ament_cmake: 1.3.9 (/opt/ros/humble/share/ament_cmake/cmake)
[0.348s] -- Override CMake install command with custom implementation using symlinks instead of copying resources
[0.374s] -- Found rclcpp: 16.0.9 (/opt/ros/humble/share/rclcpp/cmake)
[0.418s] -- Found rosidl_generator_c: 3.1.5 (/opt/ros/humble/share/rosidl_generator_c/cmake)
[0.421s] -- Found rosidl_adapter: 3.1.5 (/opt/ros/humble/share/rosidl_adapter/cmake)
[0.427s] -- Found rosidl_generator_cpp: 3.1.5 (/opt/ros/humble/share/rosidl_generator_cpp/cmake)
[0.455s] -- Using all available rosidl_typesupport_c: rosidl_typesupport_fastrtps_c;rosidl_typesupport_introspection_c
[0.471s] -- Using all available rosidl_typesupport_cpp: rosidl_typesupport_fastrtps_cpp;rosidl_typesupport_introspection_cpp
[0.520s] -- Found rmw_implementation_cmake: 6.1.2 (/opt/ros/humble/share/rmw_implementation_cmake/cmake)
[0.522s] -- Found rmw_fastrtps_cpp: 6.2.6 (/opt/ros/humble/share/rmw_fastrtps_cpp/cmake)
[0.690s] -- Using RMW implementation 'rmw_fastrtps_cpp' as default
[0.871s] -- Found rclcpp_lifecycle: 16.0.9 (/opt/ros/humble/share/rclcpp_lifecycle/cmake)
[0.916s] -- Found pluginlib: 5.1.0 (/opt/ros/humble/share/pluginlib/cmake)
[0.937s] -- Found controller_interface: 2.41.0 (/opt/ros/humble/share/controller_interface/cmake)
[1.565s] -- Found realtime_tools: 2.5.0 (/opt/ros/humble/share/realtime_tools/cmake)
[1.948s] -- Found ament_lint_auto: 0.12.11 (/opt/ros/humble/share/ament_lint_auto/cmake)
[2.001s] -- Added test 'cppcheck' to perform static code analysis on C / C++ code
[2.001s] -- Configured cppcheck include dirs: /home/yurs/softleg_ws/src/rbt_pd_cnt/include
[2.001s] -- Configured cppcheck exclude dirs and/or files: 
[2.002s] -- Added test 'lint_cmake' to check CMake code style
[2.003s] -- Added test 'uncrustify' to check C / C++ code style
[2.003s] -- Configured uncrustify additional arguments: 
[2.003s] -- Added test 'xmllint' to check XML markup files
[2.006s] -- Configuring done
[2.041s] -- Generating done
[2.042s] -- Build files have been written to: /home/yurs/softleg_ws/build/rbt_pd_cnt
[2.047s] Invoked command in '/home/yurs/softleg_ws/build/rbt_pd_cnt' returned '0': CMAKE_PREFIX_PATH=/opt/ros/humble /usr/bin/cmake /home/yurs/softleg_ws/src/rbt_pd_cnt -DAMENT_CMAKE_SYMLINK_INSTALL=1 -DCMAKE_INSTALL_PREFIX=/home/yurs/softleg_ws/install/rbt_pd_cnt
[2.048s] Invoking command in '/home/yurs/softleg_ws/build/rbt_pd_cnt': CMAKE_PREFIX_PATH=/opt/ros/humble /usr/bin/cmake --build /home/yurs/softleg_ws/build/rbt_pd_cnt -- -j8 -l8
[2.086s] [ 50%] [32mBuilding CXX object CMakeFiles/rbt_pd_cnt.dir/src/robot_pd_cnt.cpp.o[0m
[3.674s] In file included from [01m[K/home/yurs/softleg_ws/src/rbt_pd_cnt/src/robot_pd_cnt.cpp:2[m[K:
[3.674s] [01m[K/home/yurs/softleg_ws/src/rbt_pd_cnt/include/rbt_pd_cnt/robot_pd_cnt.hpp:[m[K In constructor ‘[01m[Krbt_pd_cnt::Rbt_PD_cnt::Rbt_PD_cnt()[m[K’:
[3.674s] [01m[K/home/yurs/softleg_ws/src/rbt_pd_cnt/include/rbt_pd_cnt/robot_pd_cnt.hpp:60:70:[m[K [01;35m[Kwarning: [m[K‘[01m[Krbt_pd_cnt::Rbt_PD_cnt::rt_command_ptr_[m[K’ will be initialized after [[01;35m[K-Wreorder[m[K]
[3.674s]    60 |             realtime_tools::RealtimeBuffer<std::shared_ptr<CmdType>> [01;35m[Krt_command_ptr_[m[K;
[3.674s]       |                                                                      [01;35m[K^~~~~~~~~~~~~~~[m[K
[3.674s] [01m[K/home/yurs/softleg_ws/src/rbt_pd_cnt/include/rbt_pd_cnt/robot_pd_cnt.hpp:45:54:[m[K [01;35m[Kwarning: [m[K  ‘[01m[Krclcpp::Subscription<sensor_msgs::msg::JointState_<std::allocator<void> > >::SharedPtr rbt_pd_cnt::Rbt_PD_cnt::jnt_cmd_sub_[m[K’ [[01;35m[K-Wreorder[m[K]
[3.674s]    45 |             rclcpp::Subscription<CmdType>::SharedPtr [01;35m[Kjnt_cmd_sub_[m[K;
[3.674s]       |                                                      [01;35m[K^~~~~~~~~~~~[m[K
[3.674s] [01m[K/home/yurs/softleg_ws/src/rbt_pd_cnt/src/robot_pd_cnt.cpp:19:5:[m[K [01;35m[Kwarning: [m[K  when initialized here [[01;35m[K-Wreorder[m[K]
[3.674s]    19 |     [01;35m[KRbt_PD_cnt[m[K::Rbt_PD_cnt():
[3.674s]       |     [01;35m[K^~~~~~~~~~[m[K
[7.489s] [100%] [32m[1mLinking CXX shared library librbt_pd_cnt.so[0m
[7.844s] [100%] Built target rbt_pd_cnt
[7.851s] Invoked command in '/home/yurs/softleg_ws/build/rbt_pd_cnt' returned '0': CMAKE_PREFIX_PATH=/opt/ros/humble /usr/bin/cmake --build /home/yurs/softleg_ws/build/rbt_pd_cnt -- -j8 -l8
[7.867s] Invoking command in '/home/yurs/softleg_ws/build/rbt_pd_cnt': CMAKE_PREFIX_PATH=/opt/ros/humble /usr/bin/cmake --install /home/yurs/softleg_ws/build/rbt_pd_cnt
[7.873s] -- Install configuration: ""
[7.873s] -- Execute custom install script
[7.873s] -- Symlinking: /home/yurs/softleg_ws/install/rbt_pd_cnt/share/rbt_pd_cnt//rbt_pd_cnt.xml
[7.880s] -- Symlinking: /home/yurs/softleg_ws/install/rbt_pd_cnt/include/rbt_pd_cnt/real_pd_cnt.hpp
[7.886s] -- Symlinking: /home/yurs/softleg_ws/install/rbt_pd_cnt/include/rbt_pd_cnt/robot_pd_cnt.hpp
[7.892s] -- Symlinking: /home/yurs/softleg_ws/install/rbt_pd_cnt/lib/librbt_pd_cnt.so
[7.898s] -- Symlinking: /home/yurs/softleg_ws/install/rbt_pd_cnt/share/rbt_pd_cnt/environment/library_path.sh
[7.904s] -- Symlinking: /home/yurs/softleg_ws/install/rbt_pd_cnt/share/rbt_pd_cnt/environment/library_path.dsv
[7.911s] -- Symlinking: /home/yurs/softleg_ws/install/rbt_pd_cnt/share/ament_index/resource_index/package_run_dependencies/rbt_pd_cnt
[7.917s] -- Symlinking: /home/yurs/softleg_ws/install/rbt_pd_cnt/share/ament_index/resource_index/parent_prefix_path/rbt_pd_cnt
[7.924s] -- Symlinking: /home/yurs/softleg_ws/install/rbt_pd_cnt/share/rbt_pd_cnt/environment/ament_prefix_path.sh
[7.930s] -- Symlinking: /home/yurs/softleg_ws/install/rbt_pd_cnt/share/rbt_pd_cnt/environment/ament_prefix_path.dsv
[7.937s] -- Symlinking: /home/yurs/softleg_ws/install/rbt_pd_cnt/share/rbt_pd_cnt/environment/path.sh
[7.944s] -- Symlinking: /home/yurs/softleg_ws/install/rbt_pd_cnt/share/rbt_pd_cnt/environment/path.dsv
[7.952s] -- Symlinking: /home/yurs/softleg_ws/install/rbt_pd_cnt/share/rbt_pd_cnt/local_setup.bash
[7.963s] -- Symlinking: /home/yurs/softleg_ws/install/rbt_pd_cnt/share/rbt_pd_cnt/local_setup.sh
[7.974s] -- Symlinking: /home/yurs/softleg_ws/install/rbt_pd_cnt/share/rbt_pd_cnt/local_setup.zsh
[7.984s] -- Symlinking: /home/yurs/softleg_ws/install/rbt_pd_cnt/share/rbt_pd_cnt/local_setup.dsv
[7.993s] -- Symlinking: /home/yurs/softleg_ws/install/rbt_pd_cnt/share/rbt_pd_cnt/package.dsv
[8.000s] -- Symlinking: /home/yurs/softleg_ws/install/rbt_pd_cnt/share/ament_index/resource_index/packages/rbt_pd_cnt
[8.005s] -- Symlinking: /home/yurs/softleg_ws/install/rbt_pd_cnt/share/ament_index/resource_index/controller_interface__pluginlib__plugin/rbt_pd_cnt
[8.012s] -- Symlinking: /home/yurs/softleg_ws/install/rbt_pd_cnt/share/rbt_pd_cnt/cmake/ament_cmake_export_dependencies-extras.cmake
[8.018s] -- Symlinking: /home/yurs/softleg_ws/install/rbt_pd_cnt/share/rbt_pd_cnt/cmake/ament_cmake_export_include_directories-extras.cmake
[8.025s] -- Symlinking: /home/yurs/softleg_ws/install/rbt_pd_cnt/share/rbt_pd_cnt/cmake/ament_cmake_export_libraries-extras.cmake
[8.030s] -- Symlinking: /home/yurs/softleg_ws/install/rbt_pd_cnt/share/rbt_pd_cnt/cmake/rbt_pd_cntConfig.cmake
[8.036s] -- Symlinking: /home/yurs/softleg_ws/install/rbt_pd_cnt/share/rbt_pd_cnt/cmake/rbt_pd_cntConfig-version.cmake
[8.042s] -- Symlinking: /home/yurs/softleg_ws/install/rbt_pd_cnt/share/rbt_pd_cnt/package.xml
[8.050s] Invoked command in '/home/yurs/softleg_ws/build/rbt_pd_cnt' returned '0': CMAKE_PREFIX_PATH=/opt/ros/humble /usr/bin/cmake --install /home/yurs/softleg_ws/build/rbt_pd_cnt
