[0.014s] Invoking command in '/home/yurs/softleg_ws/build/pi3hat_moteus_int_msgs': CMAKE_PREFIX_PATH=/opt/ros/humble /usr/bin/cmake /home/yurs/softleg_ws/src/pi3hat_moteus_int_msgs -DAMENT_CMAKE_SYMLINK_INSTALL=1 -DCMAKE_INSTALL_PREFIX=/home/yurs/softleg_ws/install/pi3hat_moteus_int_msgs
[0.219s] -- The C compiler identification is GNU 11.4.0
[0.219s] -- The CXX compiler identification is GNU 11.4.0
[0.219s] -- Detecting C compiler ABI info
[0.219s] -- Detecting C compiler ABI info - done
[0.219s] -- Check for working C compiler: /usr/bin/cc - skipped
[0.220s] -- Detecting C compile features
[0.220s] -- Detecting C compile features - done
[0.220s] -- Detecting CXX compiler ABI info
[0.298s] -- Detecting CXX compiler ABI info - done
[0.308s] -- Check for working CXX compiler: /usr/bin/c++ - skipped
[0.308s] -- Detecting CXX compile features
[0.308s] -- Detecting CXX compile features - done
[0.311s] -- Found ament_cmake: 1.3.9 (/opt/ros/humble/share/ament_cmake/cmake)
[0.461s] -- Found Python3: /usr/bin/python3 (found version "3.10.12") found components: Interpreter 
[0.558s] -- Override CMake install command with custom implementation using symlinks instead of copying resources
[0.599s] -- Found builtin_interfaces: 1.2.1 (/opt/ros/humble/share/builtin_interfaces/cmake)
[0.650s] -- Found rosidl_generator_c: 3.1.5 (/opt/ros/humble/share/rosidl_generator_c/cmake)
[0.655s] -- Found rosidl_adapter: 3.1.5 (/opt/ros/humble/share/rosidl_adapter/cmake)
[0.662s] -- Found rosidl_generator_cpp: 3.1.5 (/opt/ros/humble/share/rosidl_generator_cpp/cmake)
[0.676s] -- Using all available rosidl_typesupport_c: rosidl_typesupport_fastrtps_c;rosidl_typesupport_introspection_c
[0.694s] -- Using all available rosidl_typesupport_cpp: rosidl_typesupport_fastrtps_cpp;rosidl_typesupport_introspection_cpp
[0.726s] -- Found rosidl_default_generators: 1.2.0 (/opt/ros/humble/share/rosidl_default_generators/cmake)
[0.735s] -- Found std_msgs: 4.2.3 (/opt/ros/humble/share/std_msgs/cmake)
[0.972s] -- Found ament_cmake_cppcheck: 0.12.11 (/opt/ros/humble/share/ament_cmake_cppcheck/cmake)
[0.974s] -- Found ament_cmake_cpplint: 0.12.11 (/opt/ros/humble/share/ament_cmake_cpplint/cmake)
[0.976s] -- Found ament_cmake_uncrustify: 0.12.11 (/opt/ros/humble/share/ament_cmake_uncrustify/cmake)
[0.978s] -- Found ament_cmake_ros: 0.10.0 (/opt/ros/humble/share/ament_cmake_ros/cmake)
[1.253s] -- Using all available rosidl_typesupport_c: rosidl_typesupport_fastrtps_c;rosidl_typesupport_introspection_c
[1.395s] -- Using all available rosidl_typesupport_cpp: rosidl_typesupport_fastrtps_cpp;rosidl_typesupport_introspection_cpp
[1.427s] -- Found PythonInterp: /usr/bin/python3 (found suitable version "3.10.12", minimum required is "3.6") 
[1.429s] -- Found python_cmake_module: 0.10.0 (/opt/ros/humble/share/python_cmake_module/cmake)
[1.445s] -- Found PythonLibs: /usr/lib/x86_64-linux-gnu/libpython3.10.so (found suitable version "3.10.12", minimum required is "3.5") 
[1.445s] -- Using PYTHON_EXECUTABLE: /usr/bin/python3
[1.445s] -- Using PYTHON_INCLUDE_DIRS: /usr/include/python3.10
[1.445s] -- Using PYTHON_LIBRARIES: /usr/lib/x86_64-linux-gnu/libpython3.10.so
[1.457s] -- Found PythonExtra: .so  
[1.490s] -- Found ament_cmake_flake8: 0.12.11 (/opt/ros/humble/share/ament_cmake_flake8/cmake)
[1.492s] -- Found ament_cmake_pep257: 0.12.11 (/opt/ros/humble/share/ament_cmake_pep257/cmake)
[1.501s] -- Configuring done
[1.543s] -- Generating done
[1.545s] -- Build files have been written to: /home/yurs/softleg_ws/build/pi3hat_moteus_int_msgs
[1.551s] Invoked command in '/home/yurs/softleg_ws/build/pi3hat_moteus_int_msgs' returned '0': CMAKE_PREFIX_PATH=/opt/ros/humble /usr/bin/cmake /home/yurs/softleg_ws/src/pi3hat_moteus_int_msgs -DAMENT_CMAKE_SYMLINK_INSTALL=1 -DCMAKE_INSTALL_PREFIX=/home/yurs/softleg_ws/install/pi3hat_moteus_int_msgs
[1.552s] Invoking command in '/home/yurs/softleg_ws/build/pi3hat_moteus_int_msgs': CMAKE_PREFIX_PATH=/opt/ros/humble /usr/bin/cmake --build /home/yurs/softleg_ws/build/pi3hat_moteus_int_msgs -- -j8 -l8
[1.601s] [  2%] [34m[1mGenerating C code for ROS interfaces[0m
[1.608s] [  4%] [34m[1mGenerating C++ code for ROS interfaces[0m
[1.619s] [  4%] Built target ament_cmake_python_symlink_pi3hat_moteus_int_msgs
[1.892s] running egg_info
[1.892s] creating pi3hat_moteus_int_msgs.egg-info
[1.892s] writing pi3hat_moteus_int_msgs.egg-info/PKG-INFO
[1.893s] writing dependency_links to pi3hat_moteus_int_msgs.egg-info/dependency_links.txt
[1.893s] writing top-level names to pi3hat_moteus_int_msgs.egg-info/top_level.txt
[1.893s] writing manifest file 'pi3hat_moteus_int_msgs.egg-info/SOURCES.txt'
[1.895s] reading manifest file 'pi3hat_moteus_int_msgs.egg-info/SOURCES.txt'
[1.896s] writing manifest file 'pi3hat_moteus_int_msgs.egg-info/SOURCES.txt'
[1.927s] [  4%] Built target ament_cmake_python_build_pi3hat_moteus_int_msgs_egg
[2.025s] [  6%] [32mBuilding C object CMakeFiles/pi3hat_moteus_int_msgs__rosidl_generator_c.dir/rosidl_generator_c/pi3hat_moteus_int_msgs/msg/detail/joints_command__functions.c.o[0m
[2.026s] [  8%] [32mBuilding C object CMakeFiles/pi3hat_moteus_int_msgs__rosidl_generator_c.dir/rosidl_generator_c/pi3hat_moteus_int_msgs/msg/detail/joints_states__functions.c.o[0m
[2.026s] [ 10%] [32mBuilding C object CMakeFiles/pi3hat_moteus_int_msgs__rosidl_generator_c.dir/rosidl_generator_c/pi3hat_moteus_int_msgs/msg/detail/packet_pass__functions.c.o[0m
[2.119s] [ 12%] [32m[1mLinking C shared library libpi3hat_moteus_int_msgs__rosidl_generator_c.so[0m
[2.155s] [ 12%] Built target pi3hat_moteus_int_msgs__rosidl_generator_c
[2.160s] [ 12%] Built target pi3hat_moteus_int_msgs__cpp
[2.164s] [ 14%] [34m[1mGenerating C type support for eProsima Fast-RTPS[0m
[2.164s] [ 17%] [34m[1mGenerating C type support dispatch for ROS interfaces[0m
[2.164s] [ 19%] [34m[1mGenerating C introspection for ROS interfaces[0m
[2.171s] [ 21%] [34m[1mGenerating C++ type support for eProsima Fast-RTPS[0m
[2.172s] [ 25%] [34m[1mGenerating C++ introspection for ROS interfaces[0m
[2.172s] [ 25%] [34m[1mGenerating C++ type support dispatch for ROS interfaces[0m
[2.631s] [ 29%] [32mBuilding CXX object CMakeFiles/pi3hat_moteus_int_msgs__rosidl_typesupport_cpp.dir/rosidl_typesupport_cpp/pi3hat_moteus_int_msgs/msg/joints_states__type_support.cpp.o[0m
[2.634s] [ 29%] [32mBuilding CXX object CMakeFiles/pi3hat_moteus_int_msgs__rosidl_typesupport_cpp.dir/rosidl_typesupport_cpp/pi3hat_moteus_int_msgs/msg/packet_pass__type_support.cpp.o[0m
[2.645s] [ 31%] [32mBuilding CXX object CMakeFiles/pi3hat_moteus_int_msgs__rosidl_typesupport_cpp.dir/rosidl_typesupport_cpp/pi3hat_moteus_int_msgs/msg/joints_command__type_support.cpp.o[0m
[2.739s] [ 34%] [32mBuilding C object CMakeFiles/pi3hat_moteus_int_msgs__rosidl_typesupport_introspection_c.dir/rosidl_typesupport_introspection_c/pi3hat_moteus_int_msgs/msg/detail/packet_pass__type_support.c.o[0m
[2.755s] [ 36%] [32mBuilding CXX object CMakeFiles/pi3hat_moteus_int_msgs__rosidl_typesupport_c.dir/rosidl_typesupport_c/pi3hat_moteus_int_msgs/msg/packet_pass__type_support.cpp.o[0m
[2.785s] [ 38%] [32mBuilding CXX object CMakeFiles/pi3hat_moteus_int_msgs__rosidl_typesupport_introspection_cpp.dir/rosidl_typesupport_introspection_cpp/pi3hat_moteus_int_msgs/msg/detail/packet_pass__type_support.cpp.o[0m
[2.794s] [ 40%] [32mBuilding CXX object CMakeFiles/pi3hat_moteus_int_msgs__rosidl_typesupport_fastrtps_cpp.dir/rosidl_typesupport_fastrtps_cpp/pi3hat_moteus_int_msgs/msg/detail/dds_fastrtps/packet_pass__type_support.cpp.o[0m
[2.798s] [ 42%] [32mBuilding CXX object CMakeFiles/pi3hat_moteus_int_msgs__rosidl_typesupport_c.dir/rosidl_typesupport_c/pi3hat_moteus_int_msgs/msg/joints_states__type_support.cpp.o[0m
[2.841s] [ 44%] [32mBuilding C object CMakeFiles/pi3hat_moteus_int_msgs__rosidl_typesupport_introspection_c.dir/rosidl_typesupport_introspection_c/pi3hat_moteus_int_msgs/msg/detail/joints_states__type_support.c.o[0m
[2.882s] [ 46%] [32mBuilding CXX object CMakeFiles/pi3hat_moteus_int_msgs__rosidl_typesupport_c.dir/rosidl_typesupport_c/pi3hat_moteus_int_msgs/msg/joints_command__type_support.cpp.o[0m
[2.935s] [ 48%] [32mBuilding CXX object CMakeFiles/pi3hat_moteus_int_msgs__rosidl_typesupport_fastrtps_c.dir/rosidl_typesupport_fastrtps_c/pi3hat_moteus_int_msgs/msg/detail/packet_pass__type_support_c.cpp.o[0m
[2.938s] [ 51%] [32m[1mLinking CXX shared library libpi3hat_moteus_int_msgs__rosidl_typesupport_c.so[0m
[2.952s] [ 53%] [32mBuilding C object CMakeFiles/pi3hat_moteus_int_msgs__rosidl_typesupport_introspection_c.dir/rosidl_typesupport_introspection_c/pi3hat_moteus_int_msgs/msg/detail/joints_command__type_support.c.o[0m
[3.008s] [ 55%] [32mBuilding CXX object CMakeFiles/pi3hat_moteus_int_msgs__rosidl_typesupport_fastrtps_c.dir/rosidl_typesupport_fastrtps_c/pi3hat_moteus_int_msgs/msg/detail/joints_states__type_support_c.cpp.o[0m
[3.020s] [ 55%] Built target pi3hat_moteus_int_msgs__rosidl_typesupport_c
[3.025s] [ 57%] [32mBuilding CXX object CMakeFiles/pi3hat_moteus_int_msgs__rosidl_typesupport_fastrtps_cpp.dir/rosidl_typesupport_fastrtps_cpp/pi3hat_moteus_int_msgs/msg/detail/dds_fastrtps/joints_states__type_support.cpp.o[0m
[3.028s] [ 59%] [32m[1mLinking C shared library libpi3hat_moteus_int_msgs__rosidl_typesupport_introspection_c.so[0m
[3.040s] [ 61%] [32mBuilding CXX object CMakeFiles/pi3hat_moteus_int_msgs__rosidl_typesupport_fastrtps_cpp.dir/rosidl_typesupport_fastrtps_cpp/pi3hat_moteus_int_msgs/msg/detail/dds_fastrtps/joints_command__type_support.cpp.o[0m
[3.054s] [ 63%] [32m[1mLinking CXX shared library libpi3hat_moteus_int_msgs__rosidl_typesupport_cpp.so[0m
[3.089s] [ 63%] Built target pi3hat_moteus_int_msgs__rosidl_typesupport_introspection_c
[3.110s] [ 63%] Built target pi3hat_moteus_int_msgs__rosidl_typesupport_cpp
[3.122s] [ 65%] [32mBuilding CXX object CMakeFiles/pi3hat_moteus_int_msgs__rosidl_typesupport_introspection_cpp.dir/rosidl_typesupport_introspection_cpp/pi3hat_moteus_int_msgs/msg/detail/joints_states__type_support.cpp.o[0m
[3.127s] [ 68%] [32mBuilding CXX object CMakeFiles/pi3hat_moteus_int_msgs__rosidl_typesupport_fastrtps_c.dir/rosidl_typesupport_fastrtps_c/pi3hat_moteus_int_msgs/msg/detail/joints_command__type_support_c.cpp.o[0m
[3.387s] [ 70%] [32mBuilding CXX object CMakeFiles/pi3hat_moteus_int_msgs__rosidl_typesupport_introspection_cpp.dir/rosidl_typesupport_introspection_cpp/pi3hat_moteus_int_msgs/msg/detail/joints_command__type_support.cpp.o[0m
[3.730s] [ 72%] [32m[1mLinking CXX shared library libpi3hat_moteus_int_msgs__rosidl_typesupport_fastrtps_c.so[0m
[3.801s] [ 72%] Built target pi3hat_moteus_int_msgs__rosidl_typesupport_fastrtps_c
[3.877s] [ 74%] [32m[1mLinking CXX shared library libpi3hat_moteus_int_msgs__rosidl_typesupport_fastrtps_cpp.so[0m
[3.900s] [ 76%] [32m[1mLinking CXX shared library libpi3hat_moteus_int_msgs__rosidl_typesupport_introspection_cpp.so[0m
[3.956s] [ 76%] Built target pi3hat_moteus_int_msgs__rosidl_typesupport_fastrtps_cpp
[3.978s] [ 76%] Built target pi3hat_moteus_int_msgs__rosidl_typesupport_introspection_cpp
[3.992s] [ 76%] Built target pi3hat_moteus_int_msgs
[4.007s] [ 78%] [34m[1mGenerating Python code for ROS interfaces[0m
[4.441s] [ 78%] Built target pi3hat_moteus_int_msgs__py
[4.457s] [ 80%] [32mBuilding C object CMakeFiles/pi3hat_moteus_int_msgs__rosidl_generator_py.dir/rosidl_generator_py/pi3hat_moteus_int_msgs/msg/_joints_command_s.c.o[0m
[4.457s] [ 82%] [32mBuilding C object CMakeFiles/pi3hat_moteus_int_msgs__rosidl_generator_py.dir/rosidl_generator_py/pi3hat_moteus_int_msgs/msg/_packet_pass_s.c.o[0m
[4.457s] [ 85%] [32mBuilding C object CMakeFiles/pi3hat_moteus_int_msgs__rosidl_generator_py.dir/rosidl_generator_py/pi3hat_moteus_int_msgs/msg/_joints_states_s.c.o[0m
[4.629s] [ 87%] [32m[1mLinking C shared library rosidl_generator_py/pi3hat_moteus_int_msgs/libpi3hat_moteus_int_msgs__rosidl_generator_py.so[0m
[4.660s] [ 87%] Built target pi3hat_moteus_int_msgs__rosidl_generator_py
[4.675s] [ 91%] [32mBuilding C object CMakeFiles/pi3hat_moteus_int_msgs__rosidl_typesupport_fastrtps_c__pyext.dir/rosidl_generator_py/pi3hat_moteus_int_msgs/_pi3hat_moteus_int_msgs_s.ep.rosidl_typesupport_fastrtps_c.c.o[0m
[4.676s] [ 91%] [32mBuilding C object CMakeFiles/pi3hat_moteus_int_msgs__rosidl_typesupport_c__pyext.dir/rosidl_generator_py/pi3hat_moteus_int_msgs/_pi3hat_moteus_int_msgs_s.ep.rosidl_typesupport_c.c.o[0m
[4.678s] [ 93%] [32mBuilding C object CMakeFiles/pi3hat_moteus_int_msgs__rosidl_typesupport_introspection_c__pyext.dir/rosidl_generator_py/pi3hat_moteus_int_msgs/_pi3hat_moteus_int_msgs_s.ep.rosidl_typesupport_introspection_c.c.o[0m
[4.778s] [100%] [32m[1mLinking C shared library rosidl_generator_py/pi3hat_moteus_int_msgs/pi3hat_moteus_int_msgs_s__rosidl_typesupport_introspection_c.cpython-310-x86_64-linux-gnu.so[0m
[4.778s] [100%] [32m[1mLinking C shared library rosidl_generator_py/pi3hat_moteus_int_msgs/pi3hat_moteus_int_msgs_s__rosidl_typesupport_fastrtps_c.cpython-310-x86_64-linux-gnu.so[0m
[4.778s] [100%] [32m[1mLinking C shared library rosidl_generator_py/pi3hat_moteus_int_msgs/pi3hat_moteus_int_msgs_s__rosidl_typesupport_c.cpython-310-x86_64-linux-gnu.so[0m
[4.808s] [100%] Built target pi3hat_moteus_int_msgs__rosidl_typesupport_c__pyext
[4.809s] [100%] Built target pi3hat_moteus_int_msgs__rosidl_typesupport_introspection_c__pyext
[4.809s] [100%] Built target pi3hat_moteus_int_msgs__rosidl_typesupport_fastrtps_c__pyext
[4.818s] Invoked command in '/home/yurs/softleg_ws/build/pi3hat_moteus_int_msgs' returned '0': CMAKE_PREFIX_PATH=/opt/ros/humble /usr/bin/cmake --build /home/yurs/softleg_ws/build/pi3hat_moteus_int_msgs -- -j8 -l8
[4.890s] Invoking command in '/home/yurs/softleg_ws/build/pi3hat_moteus_int_msgs': CMAKE_PREFIX_PATH=/opt/ros/humble /usr/bin/cmake --install /home/yurs/softleg_ws/build/pi3hat_moteus_int_msgs
[4.896s] -- Install configuration: ""
[4.896s] -- Execute custom install script
[4.896s] -- Symlinking: /home/yurs/softleg_ws/install/pi3hat_moteus_int_msgs/share/ament_index/resource_index/rosidl_interfaces/pi3hat_moteus_int_msgs
[4.903s] -- Symlinking: /home/yurs/softleg_ws/install/pi3hat_moteus_int_msgs/include/pi3hat_moteus_int_msgs/pi3hat_moteus_int_msgs/msg/detail/joints_command__functions.h
[4.909s] -- Symlinking: /home/yurs/softleg_ws/install/pi3hat_moteus_int_msgs/include/pi3hat_moteus_int_msgs/pi3hat_moteus_int_msgs/msg/detail/joints_command__struct.h
[4.916s] -- Symlinking: /home/yurs/softleg_ws/install/pi3hat_moteus_int_msgs/include/pi3hat_moteus_int_msgs/pi3hat_moteus_int_msgs/msg/detail/joints_command__type_support.h
[4.922s] -- Symlinking: /home/yurs/softleg_ws/install/pi3hat_moteus_int_msgs/include/pi3hat_moteus_int_msgs/pi3hat_moteus_int_msgs/msg/detail/joints_states__functions.h
[4.928s] -- Symlinking: /home/yurs/softleg_ws/install/pi3hat_moteus_int_msgs/include/pi3hat_moteus_int_msgs/pi3hat_moteus_int_msgs/msg/detail/joints_states__struct.h
[4.936s] -- Symlinking: /home/yurs/softleg_ws/install/pi3hat_moteus_int_msgs/include/pi3hat_moteus_int_msgs/pi3hat_moteus_int_msgs/msg/detail/joints_states__type_support.h
[4.942s] -- Symlinking: /home/yurs/softleg_ws/install/pi3hat_moteus_int_msgs/include/pi3hat_moteus_int_msgs/pi3hat_moteus_int_msgs/msg/detail/packet_pass__functions.h
[4.948s] -- Symlinking: /home/yurs/softleg_ws/install/pi3hat_moteus_int_msgs/include/pi3hat_moteus_int_msgs/pi3hat_moteus_int_msgs/msg/detail/packet_pass__struct.h
[4.955s] -- Symlinking: /home/yurs/softleg_ws/install/pi3hat_moteus_int_msgs/include/pi3hat_moteus_int_msgs/pi3hat_moteus_int_msgs/msg/detail/packet_pass__type_support.h
[4.962s] -- Symlinking: /home/yurs/softleg_ws/install/pi3hat_moteus_int_msgs/include/pi3hat_moteus_int_msgs/pi3hat_moteus_int_msgs/msg/joints_command.h
[4.970s] -- Symlinking: /home/yurs/softleg_ws/install/pi3hat_moteus_int_msgs/include/pi3hat_moteus_int_msgs/pi3hat_moteus_int_msgs/msg/joints_states.h
[4.976s] -- Symlinking: /home/yurs/softleg_ws/install/pi3hat_moteus_int_msgs/include/pi3hat_moteus_int_msgs/pi3hat_moteus_int_msgs/msg/packet_pass.h
[4.985s] -- Symlinking: /home/yurs/softleg_ws/install/pi3hat_moteus_int_msgs/include/pi3hat_moteus_int_msgs/pi3hat_moteus_int_msgs/msg/rosidl_generator_c__visibility_control.h
[4.992s] -- Symlinking: /home/yurs/softleg_ws/install/pi3hat_moteus_int_msgs/share/pi3hat_moteus_int_msgs/environment/library_path.sh
[4.999s] -- Symlinking: /home/yurs/softleg_ws/install/pi3hat_moteus_int_msgs/share/pi3hat_moteus_int_msgs/environment/library_path.dsv
[5.006s] -- Symlinking: /home/yurs/softleg_ws/install/pi3hat_moteus_int_msgs/include/pi3hat_moteus_int_msgs/pi3hat_moteus_int_msgs/msg/detail/joints_command__rosidl_typesupport_fastrtps_c.h
[5.012s] -- Symlinking: /home/yurs/softleg_ws/install/pi3hat_moteus_int_msgs/include/pi3hat_moteus_int_msgs/pi3hat_moteus_int_msgs/msg/detail/joints_states__rosidl_typesupport_fastrtps_c.h
[5.020s] -- Symlinking: /home/yurs/softleg_ws/install/pi3hat_moteus_int_msgs/include/pi3hat_moteus_int_msgs/pi3hat_moteus_int_msgs/msg/detail/packet_pass__rosidl_typesupport_fastrtps_c.h
[5.027s] -- Symlinking: /home/yurs/softleg_ws/install/pi3hat_moteus_int_msgs/include/pi3hat_moteus_int_msgs/pi3hat_moteus_int_msgs/msg/rosidl_typesupport_fastrtps_c__visibility_control.h
[5.034s] -- Symlinking: /home/yurs/softleg_ws/install/pi3hat_moteus_int_msgs/include/pi3hat_moteus_int_msgs/pi3hat_moteus_int_msgs/msg/detail/joints_command__builder.hpp
[5.041s] -- Symlinking: /home/yurs/softleg_ws/install/pi3hat_moteus_int_msgs/include/pi3hat_moteus_int_msgs/pi3hat_moteus_int_msgs/msg/detail/joints_command__struct.hpp
[5.049s] -- Symlinking: /home/yurs/softleg_ws/install/pi3hat_moteus_int_msgs/include/pi3hat_moteus_int_msgs/pi3hat_moteus_int_msgs/msg/detail/joints_command__traits.hpp
[5.056s] -- Symlinking: /home/yurs/softleg_ws/install/pi3hat_moteus_int_msgs/include/pi3hat_moteus_int_msgs/pi3hat_moteus_int_msgs/msg/detail/joints_states__builder.hpp
[5.062s] -- Symlinking: /home/yurs/softleg_ws/install/pi3hat_moteus_int_msgs/include/pi3hat_moteus_int_msgs/pi3hat_moteus_int_msgs/msg/detail/joints_states__struct.hpp
[5.069s] -- Symlinking: /home/yurs/softleg_ws/install/pi3hat_moteus_int_msgs/include/pi3hat_moteus_int_msgs/pi3hat_moteus_int_msgs/msg/detail/joints_states__traits.hpp
[5.076s] -- Symlinking: /home/yurs/softleg_ws/install/pi3hat_moteus_int_msgs/include/pi3hat_moteus_int_msgs/pi3hat_moteus_int_msgs/msg/detail/packet_pass__builder.hpp
[5.083s] -- Symlinking: /home/yurs/softleg_ws/install/pi3hat_moteus_int_msgs/include/pi3hat_moteus_int_msgs/pi3hat_moteus_int_msgs/msg/detail/packet_pass__struct.hpp
[5.090s] -- Symlinking: /home/yurs/softleg_ws/install/pi3hat_moteus_int_msgs/include/pi3hat_moteus_int_msgs/pi3hat_moteus_int_msgs/msg/detail/packet_pass__traits.hpp
[5.097s] -- Symlinking: /home/yurs/softleg_ws/install/pi3hat_moteus_int_msgs/include/pi3hat_moteus_int_msgs/pi3hat_moteus_int_msgs/msg/joints_command.hpp
[5.104s] -- Symlinking: /home/yurs/softleg_ws/install/pi3hat_moteus_int_msgs/include/pi3hat_moteus_int_msgs/pi3hat_moteus_int_msgs/msg/joints_states.hpp
[5.111s] -- Symlinking: /home/yurs/softleg_ws/install/pi3hat_moteus_int_msgs/include/pi3hat_moteus_int_msgs/pi3hat_moteus_int_msgs/msg/packet_pass.hpp
[5.118s] -- Symlinking: /home/yurs/softleg_ws/install/pi3hat_moteus_int_msgs/include/pi3hat_moteus_int_msgs/pi3hat_moteus_int_msgs/msg/detail/joints_command__rosidl_typesupport_fastrtps_cpp.hpp
[5.125s] -- Symlinking: /home/yurs/softleg_ws/install/pi3hat_moteus_int_msgs/include/pi3hat_moteus_int_msgs/pi3hat_moteus_int_msgs/msg/detail/joints_states__rosidl_typesupport_fastrtps_cpp.hpp
[5.132s] -- Symlinking: /home/yurs/softleg_ws/install/pi3hat_moteus_int_msgs/include/pi3hat_moteus_int_msgs/pi3hat_moteus_int_msgs/msg/detail/packet_pass__rosidl_typesupport_fastrtps_cpp.hpp
[5.139s] -- Symlinking: /home/yurs/softleg_ws/install/pi3hat_moteus_int_msgs/include/pi3hat_moteus_int_msgs/pi3hat_moteus_int_msgs/msg/rosidl_typesupport_fastrtps_cpp__visibility_control.h
[5.146s] -- Symlinking: /home/yurs/softleg_ws/install/pi3hat_moteus_int_msgs/include/pi3hat_moteus_int_msgs/pi3hat_moteus_int_msgs/msg/detail/joints_command__rosidl_typesupport_introspection_c.h
[5.153s] -- Symlinking: /home/yurs/softleg_ws/install/pi3hat_moteus_int_msgs/include/pi3hat_moteus_int_msgs/pi3hat_moteus_int_msgs/msg/detail/joints_states__rosidl_typesupport_introspection_c.h
[5.159s] -- Symlinking: /home/yurs/softleg_ws/install/pi3hat_moteus_int_msgs/include/pi3hat_moteus_int_msgs/pi3hat_moteus_int_msgs/msg/detail/packet_pass__rosidl_typesupport_introspection_c.h
[5.166s] -- Symlinking: /home/yurs/softleg_ws/install/pi3hat_moteus_int_msgs/include/pi3hat_moteus_int_msgs/pi3hat_moteus_int_msgs/msg/rosidl_typesupport_introspection_c__visibility_control.h
[5.173s] -- Symlinking: /home/yurs/softleg_ws/install/pi3hat_moteus_int_msgs/include/pi3hat_moteus_int_msgs/pi3hat_moteus_int_msgs/msg/detail/joints_command__rosidl_typesupport_introspection_cpp.hpp
[5.180s] -- Symlinking: /home/yurs/softleg_ws/install/pi3hat_moteus_int_msgs/include/pi3hat_moteus_int_msgs/pi3hat_moteus_int_msgs/msg/detail/joints_states__rosidl_typesupport_introspection_cpp.hpp
[5.187s] -- Symlinking: /home/yurs/softleg_ws/install/pi3hat_moteus_int_msgs/include/pi3hat_moteus_int_msgs/pi3hat_moteus_int_msgs/msg/detail/packet_pass__rosidl_typesupport_introspection_cpp.hpp
[5.193s] -- Symlinking: /home/yurs/softleg_ws/install/pi3hat_moteus_int_msgs/share/pi3hat_moteus_int_msgs/environment/pythonpath.sh
[5.200s] -- Symlinking: /home/yurs/softleg_ws/install/pi3hat_moteus_int_msgs/share/pi3hat_moteus_int_msgs/environment/pythonpath.dsv
[5.206s] -- Symlinking: /home/yurs/softleg_ws/install/pi3hat_moteus_int_msgs/local/lib/python3.10/dist-packages/pi3hat_moteus_int_msgs-0.0.0-py3.10.egg-info/PKG-INFO
[5.212s] -- Symlinking: /home/yurs/softleg_ws/install/pi3hat_moteus_int_msgs/local/lib/python3.10/dist-packages/pi3hat_moteus_int_msgs-0.0.0-py3.10.egg-info/SOURCES.txt
[5.220s] -- Symlinking: /home/yurs/softleg_ws/install/pi3hat_moteus_int_msgs/local/lib/python3.10/dist-packages/pi3hat_moteus_int_msgs-0.0.0-py3.10.egg-info/dependency_links.txt
[5.226s] -- Symlinking: /home/yurs/softleg_ws/install/pi3hat_moteus_int_msgs/local/lib/python3.10/dist-packages/pi3hat_moteus_int_msgs-0.0.0-py3.10.egg-info/top_level.txt
[5.233s] -- Symlinking: /home/yurs/softleg_ws/install/pi3hat_moteus_int_msgs/local/lib/python3.10/dist-packages/pi3hat_moteus_int_msgs/__init__.py
[5.239s] -- Symlinking: /home/yurs/softleg_ws/install/pi3hat_moteus_int_msgs/local/lib/python3.10/dist-packages/pi3hat_moteus_int_msgs/_pi3hat_moteus_int_msgs_s.ep.rosidl_typesupport_c.c
[5.246s] -- Symlinking: /home/yurs/softleg_ws/install/pi3hat_moteus_int_msgs/local/lib/python3.10/dist-packages/pi3hat_moteus_int_msgs/_pi3hat_moteus_int_msgs_s.ep.rosidl_typesupport_fastrtps_c.c
[5.252s] -- Symlinking: /home/yurs/softleg_ws/install/pi3hat_moteus_int_msgs/local/lib/python3.10/dist-packages/pi3hat_moteus_int_msgs/_pi3hat_moteus_int_msgs_s.ep.rosidl_typesupport_introspection_c.c
[5.259s] -- Symlinking: /home/yurs/softleg_ws/install/pi3hat_moteus_int_msgs/local/lib/python3.10/dist-packages/pi3hat_moteus_int_msgs/libpi3hat_moteus_int_msgs__rosidl_generator_py.so
[5.266s] -- Symlinking: /home/yurs/softleg_ws/install/pi3hat_moteus_int_msgs/local/lib/python3.10/dist-packages/pi3hat_moteus_int_msgs/msg/__init__.py
[5.273s] -- Symlinking: /home/yurs/softleg_ws/install/pi3hat_moteus_int_msgs/local/lib/python3.10/dist-packages/pi3hat_moteus_int_msgs/msg/_joints_command.py
[5.279s] -- Symlinking: /home/yurs/softleg_ws/install/pi3hat_moteus_int_msgs/local/lib/python3.10/dist-packages/pi3hat_moteus_int_msgs/msg/_joints_command_s.c
[5.286s] -- Symlinking: /home/yurs/softleg_ws/install/pi3hat_moteus_int_msgs/local/lib/python3.10/dist-packages/pi3hat_moteus_int_msgs/msg/_joints_states.py
[5.292s] -- Symlinking: /home/yurs/softleg_ws/install/pi3hat_moteus_int_msgs/local/lib/python3.10/dist-packages/pi3hat_moteus_int_msgs/msg/_joints_states_s.c
[5.299s] -- Symlinking: /home/yurs/softleg_ws/install/pi3hat_moteus_int_msgs/local/lib/python3.10/dist-packages/pi3hat_moteus_int_msgs/msg/_packet_pass.py
[5.306s] -- Symlinking: /home/yurs/softleg_ws/install/pi3hat_moteus_int_msgs/local/lib/python3.10/dist-packages/pi3hat_moteus_int_msgs/msg/_packet_pass_s.c
[5.313s] -- Symlinking: /home/yurs/softleg_ws/install/pi3hat_moteus_int_msgs/local/lib/python3.10/dist-packages/pi3hat_moteus_int_msgs/pi3hat_moteus_int_msgs_s__rosidl_typesupport_c.cpython-310-x86_64-linux-gnu.so
[5.319s] -- Symlinking: /home/yurs/softleg_ws/install/pi3hat_moteus_int_msgs/local/lib/python3.10/dist-packages/pi3hat_moteus_int_msgs/pi3hat_moteus_int_msgs_s__rosidl_typesupport_fastrtps_c.cpython-310-x86_64-linux-gnu.so
[5.325s] -- Symlinking: /home/yurs/softleg_ws/install/pi3hat_moteus_int_msgs/local/lib/python3.10/dist-packages/pi3hat_moteus_int_msgs/pi3hat_moteus_int_msgs_s__rosidl_typesupport_introspection_c.cpython-310-x86_64-linux-gnu.so
[5.332s] -- Up-to-date symlink: /home/yurs/softleg_ws/install/pi3hat_moteus_int_msgs/local/lib/python3.10/dist-packages/pi3hat_moteus_int_msgs/pi3hat_moteus_int_msgs_s__rosidl_typesupport_fastrtps_c.cpython-310-x86_64-linux-gnu.so
[5.332s] -- Up-to-date symlink: /home/yurs/softleg_ws/install/pi3hat_moteus_int_msgs/local/lib/python3.10/dist-packages/pi3hat_moteus_int_msgs/pi3hat_moteus_int_msgs_s__rosidl_typesupport_introspection_c.cpython-310-x86_64-linux-gnu.so
[5.332s] -- Up-to-date symlink: /home/yurs/softleg_ws/install/pi3hat_moteus_int_msgs/local/lib/python3.10/dist-packages/pi3hat_moteus_int_msgs/pi3hat_moteus_int_msgs_s__rosidl_typesupport_c.cpython-310-x86_64-linux-gnu.so
[5.333s] -- Symlinking: /home/yurs/softleg_ws/install/pi3hat_moteus_int_msgs/share/pi3hat_moteus_int_msgs/msg/PacketPass.idl
[5.340s] -- Symlinking: /home/yurs/softleg_ws/install/pi3hat_moteus_int_msgs/share/pi3hat_moteus_int_msgs/msg/JointsStates.idl
[5.347s] -- Symlinking: /home/yurs/softleg_ws/install/pi3hat_moteus_int_msgs/share/pi3hat_moteus_int_msgs/msg/JointsCommand.idl
[5.355s] -- Symlinking: /home/yurs/softleg_ws/install/pi3hat_moteus_int_msgs/share/pi3hat_moteus_int_msgs/msg/PacketPass.msg
[5.361s] -- Symlinking: /home/yurs/softleg_ws/install/pi3hat_moteus_int_msgs/share/pi3hat_moteus_int_msgs/msg/JointsStates.msg
[5.367s] -- Symlinking: /home/yurs/softleg_ws/install/pi3hat_moteus_int_msgs/share/pi3hat_moteus_int_msgs/msg/JointsCommand.msg
[5.374s] -- Symlinking: /home/yurs/softleg_ws/install/pi3hat_moteus_int_msgs/share/ament_index/resource_index/package_run_dependencies/pi3hat_moteus_int_msgs
[5.381s] -- Symlinking: /home/yurs/softleg_ws/install/pi3hat_moteus_int_msgs/share/ament_index/resource_index/parent_prefix_path/pi3hat_moteus_int_msgs
[5.388s] -- Symlinking: /home/yurs/softleg_ws/install/pi3hat_moteus_int_msgs/share/pi3hat_moteus_int_msgs/environment/ament_prefix_path.sh
[5.394s] -- Symlinking: /home/yurs/softleg_ws/install/pi3hat_moteus_int_msgs/share/pi3hat_moteus_int_msgs/environment/ament_prefix_path.dsv
[5.401s] -- Symlinking: /home/yurs/softleg_ws/install/pi3hat_moteus_int_msgs/share/pi3hat_moteus_int_msgs/environment/path.sh
[5.407s] -- Symlinking: /home/yurs/softleg_ws/install/pi3hat_moteus_int_msgs/share/pi3hat_moteus_int_msgs/environment/path.dsv
[5.414s] -- Symlinking: /home/yurs/softleg_ws/install/pi3hat_moteus_int_msgs/share/pi3hat_moteus_int_msgs/local_setup.bash
[5.420s] -- Symlinking: /home/yurs/softleg_ws/install/pi3hat_moteus_int_msgs/share/pi3hat_moteus_int_msgs/local_setup.sh
[5.426s] -- Symlinking: /home/yurs/softleg_ws/install/pi3hat_moteus_int_msgs/share/pi3hat_moteus_int_msgs/local_setup.zsh
[5.433s] -- Symlinking: /home/yurs/softleg_ws/install/pi3hat_moteus_int_msgs/share/pi3hat_moteus_int_msgs/local_setup.dsv
[5.440s] -- Symlinking: /home/yurs/softleg_ws/install/pi3hat_moteus_int_msgs/share/pi3hat_moteus_int_msgs/package.dsv
[5.447s] -- Symlinking: /home/yurs/softleg_ws/install/pi3hat_moteus_int_msgs/share/ament_index/resource_index/packages/pi3hat_moteus_int_msgs
[5.454s] -- Symlinking: /home/yurs/softleg_ws/install/pi3hat_moteus_int_msgs/share/pi3hat_moteus_int_msgs/cmake/rosidl_cmake-extras.cmake
[5.460s] -- Symlinking: /home/yurs/softleg_ws/install/pi3hat_moteus_int_msgs/share/pi3hat_moteus_int_msgs/cmake/ament_cmake_export_dependencies-extras.cmake
[5.468s] -- Symlinking: /home/yurs/softleg_ws/install/pi3hat_moteus_int_msgs/share/pi3hat_moteus_int_msgs/cmake/ament_cmake_export_include_directories-extras.cmake
[5.475s] -- Symlinking: /home/yurs/softleg_ws/install/pi3hat_moteus_int_msgs/share/pi3hat_moteus_int_msgs/cmake/ament_cmake_export_libraries-extras.cmake
[5.481s] -- Symlinking: /home/yurs/softleg_ws/install/pi3hat_moteus_int_msgs/share/pi3hat_moteus_int_msgs/cmake/ament_cmake_export_targets-extras.cmake
[5.487s] -- Symlinking: /home/yurs/softleg_ws/install/pi3hat_moteus_int_msgs/share/pi3hat_moteus_int_msgs/cmake/rosidl_cmake_export_typesupport_targets-extras.cmake
[5.493s] -- Symlinking: /home/yurs/softleg_ws/install/pi3hat_moteus_int_msgs/share/pi3hat_moteus_int_msgs/cmake/rosidl_cmake_export_typesupport_libraries-extras.cmake
[5.499s] -- Symlinking: /home/yurs/softleg_ws/install/pi3hat_moteus_int_msgs/share/pi3hat_moteus_int_msgs/cmake/pi3hat_moteus_int_msgsConfig.cmake
[5.506s] -- Symlinking: /home/yurs/softleg_ws/install/pi3hat_moteus_int_msgs/share/pi3hat_moteus_int_msgs/cmake/pi3hat_moteus_int_msgsConfig-version.cmake
[5.512s] -- Symlinking: /home/yurs/softleg_ws/install/pi3hat_moteus_int_msgs/share/pi3hat_moteus_int_msgs/package.xml
[5.520s] -- Installing: /home/yurs/softleg_ws/install/pi3hat_moteus_int_msgs/lib/libpi3hat_moteus_int_msgs__rosidl_generator_c.so
[5.521s] -- Set runtime path of "/home/yurs/softleg_ws/install/pi3hat_moteus_int_msgs/lib/libpi3hat_moteus_int_msgs__rosidl_generator_c.so" to ""
[5.521s] -- Installing: /home/yurs/softleg_ws/install/pi3hat_moteus_int_msgs/lib/libpi3hat_moteus_int_msgs__rosidl_typesupport_fastrtps_c.so
[5.521s] -- Set runtime path of "/home/yurs/softleg_ws/install/pi3hat_moteus_int_msgs/lib/libpi3hat_moteus_int_msgs__rosidl_typesupport_fastrtps_c.so" to ""
[5.521s] -- Installing: /home/yurs/softleg_ws/install/pi3hat_moteus_int_msgs/lib/libpi3hat_moteus_int_msgs__rosidl_typesupport_fastrtps_cpp.so
[5.521s] -- Set runtime path of "/home/yurs/softleg_ws/install/pi3hat_moteus_int_msgs/lib/libpi3hat_moteus_int_msgs__rosidl_typesupport_fastrtps_cpp.so" to ""
[5.521s] -- Installing: /home/yurs/softleg_ws/install/pi3hat_moteus_int_msgs/lib/libpi3hat_moteus_int_msgs__rosidl_typesupport_introspection_c.so
[5.522s] -- Set runtime path of "/home/yurs/softleg_ws/install/pi3hat_moteus_int_msgs/lib/libpi3hat_moteus_int_msgs__rosidl_typesupport_introspection_c.so" to ""
[5.522s] -- Installing: /home/yurs/softleg_ws/install/pi3hat_moteus_int_msgs/lib/libpi3hat_moteus_int_msgs__rosidl_typesupport_c.so
[5.522s] -- Set runtime path of "/home/yurs/softleg_ws/install/pi3hat_moteus_int_msgs/lib/libpi3hat_moteus_int_msgs__rosidl_typesupport_c.so" to ""
[5.522s] -- Installing: /home/yurs/softleg_ws/install/pi3hat_moteus_int_msgs/lib/libpi3hat_moteus_int_msgs__rosidl_typesupport_introspection_cpp.so
[5.522s] -- Set runtime path of "/home/yurs/softleg_ws/install/pi3hat_moteus_int_msgs/lib/libpi3hat_moteus_int_msgs__rosidl_typesupport_introspection_cpp.so" to ""
[5.522s] -- Installing: /home/yurs/softleg_ws/install/pi3hat_moteus_int_msgs/lib/libpi3hat_moteus_int_msgs__rosidl_typesupport_cpp.so
[5.523s] -- Set runtime path of "/home/yurs/softleg_ws/install/pi3hat_moteus_int_msgs/lib/libpi3hat_moteus_int_msgs__rosidl_typesupport_cpp.so" to ""
[5.550s] Listing '/home/yurs/softleg_ws/install/pi3hat_moteus_int_msgs/local/lib/python3.10/dist-packages/pi3hat_moteus_int_msgs'...
[5.550s] Compiling '/home/yurs/softleg_ws/install/pi3hat_moteus_int_msgs/local/lib/python3.10/dist-packages/pi3hat_moteus_int_msgs/__init__.py'...
[5.551s] Listing '/home/yurs/softleg_ws/install/pi3hat_moteus_int_msgs/local/lib/python3.10/dist-packages/pi3hat_moteus_int_msgs/msg'...
[5.551s] Compiling '/home/yurs/softleg_ws/install/pi3hat_moteus_int_msgs/local/lib/python3.10/dist-packages/pi3hat_moteus_int_msgs/msg/__init__.py'...
[5.551s] Compiling '/home/yurs/softleg_ws/install/pi3hat_moteus_int_msgs/local/lib/python3.10/dist-packages/pi3hat_moteus_int_msgs/msg/_joints_command.py'...
[5.551s] Compiling '/home/yurs/softleg_ws/install/pi3hat_moteus_int_msgs/local/lib/python3.10/dist-packages/pi3hat_moteus_int_msgs/msg/_joints_states.py'...
[5.551s] Compiling '/home/yurs/softleg_ws/install/pi3hat_moteus_int_msgs/local/lib/python3.10/dist-packages/pi3hat_moteus_int_msgs/msg/_packet_pass.py'...
[5.554s] -- Installing: /home/yurs/softleg_ws/install/pi3hat_moteus_int_msgs/lib/libpi3hat_moteus_int_msgs__rosidl_generator_py.so
[5.554s] -- Set runtime path of "/home/yurs/softleg_ws/install/pi3hat_moteus_int_msgs/lib/libpi3hat_moteus_int_msgs__rosidl_generator_py.so" to ""
[5.554s] -- Installing: /home/yurs/softleg_ws/install/pi3hat_moteus_int_msgs/share/pi3hat_moteus_int_msgs/cmake/export_pi3hat_moteus_int_msgs__rosidl_generator_cExport.cmake
[5.555s] -- Installing: /home/yurs/softleg_ws/install/pi3hat_moteus_int_msgs/share/pi3hat_moteus_int_msgs/cmake/export_pi3hat_moteus_int_msgs__rosidl_generator_cExport-noconfig.cmake
[5.555s] -- Installing: /home/yurs/softleg_ws/install/pi3hat_moteus_int_msgs/share/pi3hat_moteus_int_msgs/cmake/export_pi3hat_moteus_int_msgs__rosidl_typesupport_fastrtps_cExport.cmake
[5.555s] -- Installing: /home/yurs/softleg_ws/install/pi3hat_moteus_int_msgs/share/pi3hat_moteus_int_msgs/cmake/export_pi3hat_moteus_int_msgs__rosidl_typesupport_fastrtps_cExport-noconfig.cmake
[5.555s] -- Installing: /home/yurs/softleg_ws/install/pi3hat_moteus_int_msgs/share/pi3hat_moteus_int_msgs/cmake/export_pi3hat_moteus_int_msgs__rosidl_generator_cppExport.cmake
[5.555s] -- Installing: /home/yurs/softleg_ws/install/pi3hat_moteus_int_msgs/share/pi3hat_moteus_int_msgs/cmake/export_pi3hat_moteus_int_msgs__rosidl_typesupport_fastrtps_cppExport.cmake
[5.555s] -- Installing: /home/yurs/softleg_ws/install/pi3hat_moteus_int_msgs/share/pi3hat_moteus_int_msgs/cmake/export_pi3hat_moteus_int_msgs__rosidl_typesupport_fastrtps_cppExport-noconfig.cmake
[5.556s] -- Installing: /home/yurs/softleg_ws/install/pi3hat_moteus_int_msgs/share/pi3hat_moteus_int_msgs/cmake/pi3hat_moteus_int_msgs__rosidl_typesupport_introspection_cExport.cmake
[5.556s] -- Installing: /home/yurs/softleg_ws/install/pi3hat_moteus_int_msgs/share/pi3hat_moteus_int_msgs/cmake/pi3hat_moteus_int_msgs__rosidl_typesupport_introspection_cExport-noconfig.cmake
[5.556s] -- Installing: /home/yurs/softleg_ws/install/pi3hat_moteus_int_msgs/share/pi3hat_moteus_int_msgs/cmake/pi3hat_moteus_int_msgs__rosidl_typesupport_cExport.cmake
[5.556s] -- Installing: /home/yurs/softleg_ws/install/pi3hat_moteus_int_msgs/share/pi3hat_moteus_int_msgs/cmake/pi3hat_moteus_int_msgs__rosidl_typesupport_cExport-noconfig.cmake
[5.556s] -- Installing: /home/yurs/softleg_ws/install/pi3hat_moteus_int_msgs/share/pi3hat_moteus_int_msgs/cmake/pi3hat_moteus_int_msgs__rosidl_typesupport_introspection_cppExport.cmake
[5.556s] -- Installing: /home/yurs/softleg_ws/install/pi3hat_moteus_int_msgs/share/pi3hat_moteus_int_msgs/cmake/pi3hat_moteus_int_msgs__rosidl_typesupport_introspection_cppExport-noconfig.cmake
[5.556s] -- Installing: /home/yurs/softleg_ws/install/pi3hat_moteus_int_msgs/share/pi3hat_moteus_int_msgs/cmake/pi3hat_moteus_int_msgs__rosidl_typesupport_cppExport.cmake
[5.557s] -- Installing: /home/yurs/softleg_ws/install/pi3hat_moteus_int_msgs/share/pi3hat_moteus_int_msgs/cmake/pi3hat_moteus_int_msgs__rosidl_typesupport_cppExport-noconfig.cmake
[5.557s] -- Installing: /home/yurs/softleg_ws/install/pi3hat_moteus_int_msgs/share/pi3hat_moteus_int_msgs/cmake/export_pi3hat_moteus_int_msgs__rosidl_generator_pyExport.cmake
[5.557s] -- Installing: /home/yurs/softleg_ws/install/pi3hat_moteus_int_msgs/share/pi3hat_moteus_int_msgs/cmake/export_pi3hat_moteus_int_msgs__rosidl_generator_pyExport-noconfig.cmake
[5.559s] Invoked command in '/home/yurs/softleg_ws/build/pi3hat_moteus_int_msgs' returned '0': CMAKE_PREFIX_PATH=/opt/ros/humble /usr/bin/cmake --install /home/yurs/softleg_ws/build/pi3hat_moteus_int_msgs
