[0.179s] Invoking command in '/home/yurs/softleg_ws/build/rbt_pd_cnt': CMAKE_PREFIX_PATH=/opt/ros/humble /usr/bin/cmake /home/yurs/softleg_ws/src/rbt_pd_cnt -DAMENT_CMAKE_SYMLINK_INSTALL=1 -DCMAKE_INSTALL_PREFIX=/home/yurs/softleg_ws/install/rbt_pd_cnt
[0.187s] -- Found ament_cmake: 1.3.9 (/opt/ros/humble/share/ament_cmake/cmake)
[0.311s] -- Override CMake install command with custom implementation using symlinks instead of copying resources
[0.320s] -- Found rclcpp: 16.0.9 (/opt/ros/humble/share/rclcpp/cmake)
[0.370s] -- Found rosidl_generator_c: 3.1.5 (/opt/ros/humble/share/rosidl_generator_c/cmake)
[0.374s] -- Found rosidl_adapter: 3.1.5 (/opt/ros/humble/share/rosidl_adapter/cmake)
[0.381s] -- Found rosidl_generator_cpp: 3.1.5 (/opt/ros/humble/share/rosidl_generator_cpp/cmake)
[0.396s] -- Using all available rosidl_typesupport_c: rosidl_typesupport_fastrtps_c;rosidl_typesupport_introspection_c
[0.415s] -- Using all available rosidl_typesupport_cpp: rosidl_typesupport_fastrtps_cpp;rosidl_typesupport_introspection_cpp
[0.471s] -- Found rmw_implementation_cmake: 6.1.2 (/opt/ros/humble/share/rmw_implementation_cmake/cmake)
[0.473s] -- Found rmw_fastrtps_cpp: 6.2.6 (/opt/ros/humble/share/rmw_fastrtps_cpp/cmake)
[0.592s] -- Using RMW implementation 'rmw_fastrtps_cpp' as default
[0.703s] -- Found rclcpp_lifecycle: 16.0.9 (/opt/ros/humble/share/rclcpp_lifecycle/cmake)
[0.728s] -- Found pluginlib: 5.1.0 (/opt/ros/humble/share/pluginlib/cmake)
[0.756s] [31mCMake Error at CMakeLists.txt:13 (find_package):
[0.756s]   By not providing "Findcontroller_interface.cmake" in CMAKE_MODULE_PATH this
[0.756s]   project has asked CMake to find a package configuration file provided by
[0.756s]   "controller_interface", but CMake did not find one.
[0.756s] 
[0.756s]   Could not find a package configuration file provided by
[0.756s]   "controller_interface" with any of the following names:
[0.757s] 
[0.757s]     controller_interfaceConfig.cmake
[0.757s]     controller_interface-config.cmake
[0.757s] 
[0.757s]   Add the installation prefix of "controller_interface" to CMAKE_PREFIX_PATH
[0.757s]   or set "controller_interface_DIR" to a directory containing one of the
[0.757s]   above files.  If "controller_interface" provides a separate development
[0.757s]   package or SDK, be sure it has been installed.
[0.757s] 
[0.757s] [0m
[0.757s] -- Configuring incomplete, errors occurred!
[0.757s] See also "/home/yurs/softleg_ws/build/rbt_pd_cnt/CMakeFiles/CMakeOutput.log".
[0.761s] Invoked command in '/home/yurs/softleg_ws/build/rbt_pd_cnt' returned '1': CMAKE_PREFIX_PATH=/opt/ros/humble /usr/bin/cmake /home/yurs/softleg_ws/src/rbt_pd_cnt -DAMENT_CMAKE_SYMLINK_INSTALL=1 -DCMAKE_INSTALL_PREFIX=/home/yurs/softleg_ws/install/rbt_pd_cnt
