[0.457s] Invoking command in '/home/yurs/softleg_ws/build/jumping_experiments': PYTHONPATH=/home/yurs/softleg_ws/build/jumping_experiments/prefix_override:/home/yurs/softleg_ws/install/jumping_experiments/lib/python3.10/site-packages:${PYTHONPATH} /usr/bin/python3 -W ignore:setup.py install is deprecated setup.py develop --editable --build-directory /home/yurs/softleg_ws/build/jumping_experiments/build --no-deps symlink_data
[0.602s] running develop
[0.602s] /usr/lib/python3/dist-packages/setuptools/command/easy_install.py:158: EasyInstallDeprecationWarning: easy_install command is deprecated. Use build and pip and other standards-based tools.
[0.603s]   warnings.warn(
[0.662s] running egg_info
[0.663s] writing jumping_experiments.egg-info/PKG-INFO
[0.663s] writing dependency_links to jumping_experiments.egg-info/dependency_links.txt
[0.663s] writing entry points to jumping_experiments.egg-info/entry_points.txt
[0.663s] writing requirements to jumping_experiments.egg-info/requires.txt
[0.663s] writing top-level names to jumping_experiments.egg-info/top_level.txt
[0.664s] reading manifest file 'jumping_experiments.egg-info/SOURCES.txt'
[0.665s] writing manifest file 'jumping_experiments.egg-info/SOURCES.txt'
[0.666s] running build_ext
[0.666s] Creating /home/yurs/softleg_ws/install/jumping_experiments/lib/python3.10/site-packages/jumping-experiments.egg-link (link to .)
[0.667s] Installing getup script to /home/yurs/softleg_ws/install/jumping_experiments/lib/jumping_experiments
[0.667s] Installing jumping_node script to /home/yurs/softleg_ws/install/jumping_experiments/lib/jumping_experiments
[0.667s] 
[0.667s] Installed /home/yurs/softleg_ws/build/jumping_experiments
[0.667s] running symlink_data
[0.685s] Invoked command in '/home/yurs/softleg_ws/build/jumping_experiments' returned '0': PYTHONPATH=/home/yurs/softleg_ws/build/jumping_experiments/prefix_override:/home/yurs/softleg_ws/install/jumping_experiments/lib/python3.10/site-packages:${PYTHONPATH} /usr/bin/python3 -W ignore:setup.py install is deprecated setup.py develop --editable --build-directory /home/yurs/softleg_ws/build/jumping_experiments/build --no-deps symlink_data
