[0.007s] Invoking command in '/home/yurs/softleg_ws/build/softleg_gazebo': AMENT_PREFIX_PATH=/home/yurs/softleg_ws/install/softleg_description:${AMENT_PREFIX_PATH} CMAKE_PREFIX_PATH=/home/yurs/softleg_ws/install/softleg_description:/opt/ros/humble /usr/bin/cmake --build /home/yurs/softleg_ws/build/softleg_gazebo -- -j8 -l8
[0.070s] Invoked command in '/home/yurs/softleg_ws/build/softleg_gazebo' returned '0': AMENT_PREFIX_PATH=/home/yurs/softleg_ws/install/softleg_description:${AMENT_PREFIX_PATH} CMAKE_PREFIX_PATH=/home/yurs/softleg_ws/install/softleg_description:/opt/ros/humble /usr/bin/cmake --build /home/yurs/softleg_ws/build/softleg_gazebo -- -j8 -l8
[0.086s] Invoking command in '/home/yurs/softleg_ws/build/softleg_gazebo': AMENT_PREFIX_PATH=/home/yurs/softleg_ws/install/softleg_description:${AMENT_PREFIX_PATH} CMAKE_PREFIX_PATH=/home/yurs/softleg_ws/install/softleg_description:/opt/ros/humble /usr/bin/cmake --install /home/yurs/softleg_ws/build/softleg_gazebo
[0.108s] -- Install configuration: ""
[0.109s] -- Execute custom install script
[0.110s] -- Up-to-date symlink: /home/yurs/softleg_ws/install/softleg_gazebo/share/softleg_gazebo/launch/sim.launch.py
[0.110s] -- Up-to-date symlink: /home/yurs/softleg_ws/install/softleg_gazebo/share/softleg_gazebo/config/softleg_gazebo_sim_jnt_PD.yaml
[0.110s] -- Up-to-date symlink: /home/yurs/softleg_ws/install/softleg_gazebo/share/ament_index/resource_index/package_run_dependencies/softleg_gazebo
[0.110s] -- Up-to-date symlink: /home/yurs/softleg_ws/install/softleg_gazebo/share/ament_index/resource_index/parent_prefix_path/softleg_gazebo
[0.111s] -- Up-to-date symlink: /home/yurs/softleg_ws/install/softleg_gazebo/share/softleg_gazebo/environment/ament_prefix_path.sh
[0.111s] -- Up-to-date symlink: /home/yurs/softleg_ws/install/softleg_gazebo/share/softleg_gazebo/environment/ament_prefix_path.dsv
[0.111s] -- Up-to-date symlink: /home/yurs/softleg_ws/install/softleg_gazebo/share/softleg_gazebo/environment/path.sh
[0.111s] -- Up-to-date symlink: /home/yurs/softleg_ws/install/softleg_gazebo/share/softleg_gazebo/environment/path.dsv
[0.111s] -- Up-to-date symlink: /home/yurs/softleg_ws/install/softleg_gazebo/share/softleg_gazebo/local_setup.bash
[0.111s] -- Up-to-date symlink: /home/yurs/softleg_ws/install/softleg_gazebo/share/softleg_gazebo/local_setup.sh
[0.112s] -- Up-to-date symlink: /home/yurs/softleg_ws/install/softleg_gazebo/share/softleg_gazebo/local_setup.zsh
[0.112s] -- Up-to-date symlink: /home/yurs/softleg_ws/install/softleg_gazebo/share/softleg_gazebo/local_setup.dsv
[0.112s] -- Symlinking: /home/yurs/softleg_ws/install/softleg_gazebo/share/softleg_gazebo/package.dsv
[0.119s] -- Up-to-date symlink: /home/yurs/softleg_ws/install/softleg_gazebo/share/ament_index/resource_index/packages/softleg_gazebo
[0.121s] -- Up-to-date symlink: /home/yurs/softleg_ws/install/softleg_gazebo/share/softleg_gazebo/cmake/softleg_gazeboConfig.cmake
[0.121s] -- Up-to-date symlink: /home/yurs/softleg_ws/install/softleg_gazebo/share/softleg_gazebo/cmake/softleg_gazeboConfig-version.cmake
[0.121s] -- Up-to-date symlink: /home/yurs/softleg_ws/install/softleg_gazebo/share/softleg_gazebo/package.xml
[0.132s] Invoked command in '/home/yurs/softleg_ws/build/softleg_gazebo' returned '0': AMENT_PREFIX_PATH=/home/yurs/softleg_ws/install/softleg_description:${AMENT_PREFIX_PATH} CMAKE_PREFIX_PATH=/home/yurs/softleg_ws/install/softleg_description:/opt/ros/humble /usr/bin/cmake --install /home/yurs/softleg_ws/build/softleg_gazebo
