[0.065s] DEBUG:colcon:Command line arguments: ['/usr/bin/colcon', 'build', '--symlink-install']
[0.065s] DEBUG:colcon:Parsed command line arguments: Namespace(log_base=None, log_level=None, verb_name='build', build_base='build', install_base='install', merge_install=False, symlink_install=True, test_result_base=None, continue_on_error=False, executor='parallel', parallel_workers=8, event_handlers=None, ignore_user_meta=False, metas=['./colcon.meta'], base_paths=['.'], packages_ignore=None, packages_ignore_regex=None, paths=None, packages_up_to=None, packages_up_to_regex=None, packages_above=None, packages_above_and_dependencies=None, packages_above_depth=None, packages_select_by_dep=None, packages_skip_by_dep=None, packages_skip_up_to=None, packages_select_build_failed=False, packages_skip_build_finished=False, packages_select_test_failures=False, packages_skip_test_passed=False, packages_select=None, packages_skip=None, packages_select_regex=None, packages_skip_regex=None, packages_start=None, packages_end=None, cmake_args=None, cmake_target=None, cmake_target_skip_unavailable=False, cmake_clean_cache=False, cmake_clean_first=False, cmake_force_configure=False, ament_cmake_args=None, catkin_cmake_args=None, catkin_skip_building_tests=False, mixin_files=None, mixin=None, verb_parser=<colcon_mixin.mixin.mixin_argument.MixinArgumentDecorator object at 0x75ed7fd0f0a0>, verb_extension=<colcon_core.verb.build.BuildVerb object at 0x75ed7fc7b490>, main=<bound method BuildVerb.main of <colcon_core.verb.build.BuildVerb object at 0x75ed7fc7b490>>, mixin_verb=('build',))
[0.142s] Level 1:colcon.colcon_core.package_discovery:discover_packages(colcon_meta) check parameters
[0.142s] Level 1:colcon.colcon_core.package_discovery:discover_packages(recursive) check parameters
[0.142s] Level 1:colcon.colcon_core.package_discovery:discover_packages(ignore) check parameters
[0.142s] Level 1:colcon.colcon_core.package_discovery:discover_packages(path) check parameters
[0.142s] Level 1:colcon.colcon_core.package_discovery:discover_packages(colcon_meta) discover
[0.142s] Level 1:colcon.colcon_core.package_discovery:discover_packages(recursive) discover
[0.142s] INFO:colcon.colcon_core.package_discovery:Crawling recursively for packages in '/home/yurs/softleg_ws'
[0.142s] Level 1:colcon.colcon_core.package_identification:_identify(.) by extensions ['ignore', 'ignore_ament_install']
[0.143s] Level 1:colcon.colcon_core.package_identification:_identify(.) by extension 'ignore'
[0.143s] Level 1:colcon.colcon_core.package_identification:_identify(.) by extension 'ignore_ament_install'
[0.143s] Level 1:colcon.colcon_core.package_identification:_identify(.) by extensions ['colcon_pkg']
[0.143s] Level 1:colcon.colcon_core.package_identification:_identify(.) by extension 'colcon_pkg'
[0.143s] Level 1:colcon.colcon_core.package_identification:_identify(.) by extensions ['colcon_meta']
[0.143s] Level 1:colcon.colcon_core.package_identification:_identify(.) by extension 'colcon_meta'
[0.143s] Level 1:colcon.colcon_core.package_identification:_identify(.) by extensions ['ros']
[0.143s] Level 1:colcon.colcon_core.package_identification:_identify(.) by extension 'ros'
[0.150s] Level 1:colcon.colcon_core.package_identification:_identify(.) by extensions ['cmake', 'python']
[0.150s] Level 1:colcon.colcon_core.package_identification:_identify(.) by extension 'cmake'
[0.150s] Level 1:colcon.colcon_core.package_identification:_identify(.) by extension 'python'
[0.150s] Level 1:colcon.colcon_core.package_identification:_identify(.) by extensions ['python_setup_py']
[0.150s] Level 1:colcon.colcon_core.package_identification:_identify(.) by extension 'python_setup_py'
[0.150s] Level 1:colcon.colcon_core.package_identification:_identify(build) by extensions ['ignore', 'ignore_ament_install']
[0.150s] Level 1:colcon.colcon_core.package_identification:_identify(build) by extension 'ignore'
[0.150s] Level 1:colcon.colcon_core.package_identification:_identify(build) ignored
[0.150s] Level 1:colcon.colcon_core.package_identification:_identify(install) by extensions ['ignore', 'ignore_ament_install']
[0.150s] Level 1:colcon.colcon_core.package_identification:_identify(install) by extension 'ignore'
[0.150s] Level 1:colcon.colcon_core.package_identification:_identify(install) ignored
[0.150s] Level 1:colcon.colcon_core.package_identification:_identify(log) by extensions ['ignore', 'ignore_ament_install']
[0.150s] Level 1:colcon.colcon_core.package_identification:_identify(log) by extension 'ignore'
[0.150s] Level 1:colcon.colcon_core.package_identification:_identify(log) ignored
[0.150s] Level 1:colcon.colcon_core.package_identification:_identify(src) by extensions ['ignore', 'ignore_ament_install']
[0.150s] Level 1:colcon.colcon_core.package_identification:_identify(src) by extension 'ignore'
[0.150s] Level 1:colcon.colcon_core.package_identification:_identify(src) by extension 'ignore_ament_install'
[0.150s] Level 1:colcon.colcon_core.package_identification:_identify(src) by extensions ['colcon_pkg']
[0.150s] Level 1:colcon.colcon_core.package_identification:_identify(src) by extension 'colcon_pkg'
[0.150s] Level 1:colcon.colcon_core.package_identification:_identify(src) by extensions ['colcon_meta']
[0.150s] Level 1:colcon.colcon_core.package_identification:_identify(src) by extension 'colcon_meta'
[0.150s] Level 1:colcon.colcon_core.package_identification:_identify(src) by extensions ['ros']
[0.150s] Level 1:colcon.colcon_core.package_identification:_identify(src) by extension 'ros'
[0.150s] Level 1:colcon.colcon_core.package_identification:_identify(src) by extensions ['cmake', 'python']
[0.150s] Level 1:colcon.colcon_core.package_identification:_identify(src) by extension 'cmake'
[0.150s] Level 1:colcon.colcon_core.package_identification:_identify(src) by extension 'python'
[0.150s] Level 1:colcon.colcon_core.package_identification:_identify(src) by extensions ['python_setup_py']
[0.151s] Level 1:colcon.colcon_core.package_identification:_identify(src) by extension 'python_setup_py'
[0.151s] Level 1:colcon.colcon_core.package_identification:_identify(src/jumping_experiments) by extensions ['ignore', 'ignore_ament_install']
[0.151s] Level 1:colcon.colcon_core.package_identification:_identify(src/jumping_experiments) by extension 'ignore'
[0.151s] Level 1:colcon.colcon_core.package_identification:_identify(src/jumping_experiments) by extension 'ignore_ament_install'
[0.151s] Level 1:colcon.colcon_core.package_identification:_identify(src/jumping_experiments) by extensions ['colcon_pkg']
[0.151s] Level 1:colcon.colcon_core.package_identification:_identify(src/jumping_experiments) by extension 'colcon_pkg'
[0.151s] Level 1:colcon.colcon_core.package_identification:_identify(src/jumping_experiments) by extensions ['colcon_meta']
[0.151s] Level 1:colcon.colcon_core.package_identification:_identify(src/jumping_experiments) by extension 'colcon_meta'
[0.151s] Level 1:colcon.colcon_core.package_identification:_identify(src/jumping_experiments) by extensions ['ros']
[0.151s] Level 1:colcon.colcon_core.package_identification:_identify(src/jumping_experiments) by extension 'ros'
[0.152s] DEBUG:colcon.colcon_core.package_identification:Package 'src/jumping_experiments' with type 'ros.ament_python' and name 'jumping_experiments'
[0.152s] Level 1:colcon.colcon_core.package_identification:_identify(src/pi3hat_moteus_int_msgs) by extensions ['ignore', 'ignore_ament_install']
[0.152s] Level 1:colcon.colcon_core.package_identification:_identify(src/pi3hat_moteus_int_msgs) by extension 'ignore'
[0.152s] Level 1:colcon.colcon_core.package_identification:_identify(src/pi3hat_moteus_int_msgs) by extension 'ignore_ament_install'
[0.152s] Level 1:colcon.colcon_core.package_identification:_identify(src/pi3hat_moteus_int_msgs) by extensions ['colcon_pkg']
[0.152s] Level 1:colcon.colcon_core.package_identification:_identify(src/pi3hat_moteus_int_msgs) by extension 'colcon_pkg'
[0.152s] Level 1:colcon.colcon_core.package_identification:_identify(src/pi3hat_moteus_int_msgs) by extensions ['colcon_meta']
[0.152s] Level 1:colcon.colcon_core.package_identification:_identify(src/pi3hat_moteus_int_msgs) by extension 'colcon_meta'
[0.153s] Level 1:colcon.colcon_core.package_identification:_identify(src/pi3hat_moteus_int_msgs) by extensions ['ros']
[0.153s] Level 1:colcon.colcon_core.package_identification:_identify(src/pi3hat_moteus_int_msgs) by extension 'ros'
[0.153s] DEBUG:colcon.colcon_core.package_identification:Package 'src/pi3hat_moteus_int_msgs' with type 'ros.ament_cmake' and name 'pi3hat_moteus_int_msgs'
[0.153s] Level 1:colcon.colcon_core.package_identification:_identify(src/rbt_pd_cnt) by extensions ['ignore', 'ignore_ament_install']
[0.153s] Level 1:colcon.colcon_core.package_identification:_identify(src/rbt_pd_cnt) by extension 'ignore'
[0.153s] Level 1:colcon.colcon_core.package_identification:_identify(src/rbt_pd_cnt) by extension 'ignore_ament_install'
[0.153s] Level 1:colcon.colcon_core.package_identification:_identify(src/rbt_pd_cnt) by extensions ['colcon_pkg']
[0.153s] Level 1:colcon.colcon_core.package_identification:_identify(src/rbt_pd_cnt) by extension 'colcon_pkg'
[0.153s] Level 1:colcon.colcon_core.package_identification:_identify(src/rbt_pd_cnt) by extensions ['colcon_meta']
[0.153s] Level 1:colcon.colcon_core.package_identification:_identify(src/rbt_pd_cnt) by extension 'colcon_meta'
[0.153s] Level 1:colcon.colcon_core.package_identification:_identify(src/rbt_pd_cnt) by extensions ['ros']
[0.153s] Level 1:colcon.colcon_core.package_identification:_identify(src/rbt_pd_cnt) by extension 'ros'
[0.154s] DEBUG:colcon.colcon_core.package_identification:Package 'src/rbt_pd_cnt' with type 'ros.ament_cmake' and name 'rbt_pd_cnt'
[0.154s] Level 1:colcon.colcon_core.package_identification:_identify(src/rlg_quad_controller) by extensions ['ignore', 'ignore_ament_install']
[0.154s] Level 1:colcon.colcon_core.package_identification:_identify(src/rlg_quad_controller) by extension 'ignore'
[0.154s] Level 1:colcon.colcon_core.package_identification:_identify(src/rlg_quad_controller) by extension 'ignore_ament_install'
[0.154s] Level 1:colcon.colcon_core.package_identification:_identify(src/rlg_quad_controller) by extensions ['colcon_pkg']
[0.154s] Level 1:colcon.colcon_core.package_identification:_identify(src/rlg_quad_controller) by extension 'colcon_pkg'
[0.154s] Level 1:colcon.colcon_core.package_identification:_identify(src/rlg_quad_controller) by extensions ['colcon_meta']
[0.154s] Level 1:colcon.colcon_core.package_identification:_identify(src/rlg_quad_controller) by extension 'colcon_meta'
[0.154s] Level 1:colcon.colcon_core.package_identification:_identify(src/rlg_quad_controller) by extensions ['ros']
[0.154s] Level 1:colcon.colcon_core.package_identification:_identify(src/rlg_quad_controller) by extension 'ros'
[0.154s] DEBUG:colcon.colcon_core.package_identification:Package 'src/rlg_quad_controller' with type 'ros.ament_python' and name 'rlg_quad_controller'
[0.154s] Level 1:colcon.colcon_core.package_identification:_identify(src/softleg_description) by extensions ['ignore', 'ignore_ament_install']
[0.154s] Level 1:colcon.colcon_core.package_identification:_identify(src/softleg_description) by extension 'ignore'
[0.154s] Level 1:colcon.colcon_core.package_identification:_identify(src/softleg_description) by extension 'ignore_ament_install'
[0.154s] Level 1:colcon.colcon_core.package_identification:_identify(src/softleg_description) by extensions ['colcon_pkg']
[0.154s] Level 1:colcon.colcon_core.package_identification:_identify(src/softleg_description) by extension 'colcon_pkg'
[0.154s] Level 1:colcon.colcon_core.package_identification:_identify(src/softleg_description) by extensions ['colcon_meta']
[0.154s] Level 1:colcon.colcon_core.package_identification:_identify(src/softleg_description) by extension 'colcon_meta'
[0.155s] Level 1:colcon.colcon_core.package_identification:_identify(src/softleg_description) by extensions ['ros']
[0.155s] Level 1:colcon.colcon_core.package_identification:_identify(src/softleg_description) by extension 'ros'
[0.155s] DEBUG:colcon.colcon_core.package_identification:Package 'src/softleg_description' with type 'ros.ament_cmake' and name 'softleg_description'
[0.155s] Level 1:colcon.colcon_core.package_identification:_identify(src/softleg_gazebo) by extensions ['ignore', 'ignore_ament_install']
[0.155s] Level 1:colcon.colcon_core.package_identification:_identify(src/softleg_gazebo) by extension 'ignore'
[0.155s] Level 1:colcon.colcon_core.package_identification:_identify(src/softleg_gazebo) by extension 'ignore_ament_install'
[0.155s] Level 1:colcon.colcon_core.package_identification:_identify(src/softleg_gazebo) by extensions ['colcon_pkg']
[0.155s] Level 1:colcon.colcon_core.package_identification:_identify(src/softleg_gazebo) by extension 'colcon_pkg'
[0.155s] Level 1:colcon.colcon_core.package_identification:_identify(src/softleg_gazebo) by extensions ['colcon_meta']
[0.155s] Level 1:colcon.colcon_core.package_identification:_identify(src/softleg_gazebo) by extension 'colcon_meta'
[0.155s] Level 1:colcon.colcon_core.package_identification:_identify(src/softleg_gazebo) by extensions ['ros']
[0.155s] Level 1:colcon.colcon_core.package_identification:_identify(src/softleg_gazebo) by extension 'ros'
[0.155s] DEBUG:colcon.colcon_core.package_identification:Package 'src/softleg_gazebo' with type 'ros.ament_cmake' and name 'softleg_gazebo'
[0.155s] Level 1:colcon.colcon_core.package_discovery:discover_packages(recursive) using defaults
[0.155s] Level 1:colcon.colcon_core.package_discovery:discover_packages(ignore) discover
[0.155s] Level 1:colcon.colcon_core.package_discovery:discover_packages(ignore) using defaults
[0.155s] Level 1:colcon.colcon_core.package_discovery:discover_packages(path) discover
[0.155s] Level 1:colcon.colcon_core.package_discovery:discover_packages(path) using defaults
[0.170s] Level 5:colcon.colcon_core.verb:set package 'jumping_experiments' build argument 'cmake_args' from command line to 'None'
[0.170s] Level 5:colcon.colcon_core.verb:set package 'jumping_experiments' build argument 'cmake_target' from command line to 'None'
[0.170s] Level 5:colcon.colcon_core.verb:set package 'jumping_experiments' build argument 'cmake_target_skip_unavailable' from command line to 'False'
[0.170s] Level 5:colcon.colcon_core.verb:set package 'jumping_experiments' build argument 'cmake_clean_cache' from command line to 'False'
[0.170s] Level 5:colcon.colcon_core.verb:set package 'jumping_experiments' build argument 'cmake_clean_first' from command line to 'False'
[0.170s] Level 5:colcon.colcon_core.verb:set package 'jumping_experiments' build argument 'cmake_force_configure' from command line to 'False'
[0.170s] Level 5:colcon.colcon_core.verb:set package 'jumping_experiments' build argument 'ament_cmake_args' from command line to 'None'
[0.170s] Level 5:colcon.colcon_core.verb:set package 'jumping_experiments' build argument 'catkin_cmake_args' from command line to 'None'
[0.170s] Level 5:colcon.colcon_core.verb:set package 'jumping_experiments' build argument 'catkin_skip_building_tests' from command line to 'False'
[0.170s] DEBUG:colcon.colcon_core.verb:Building package 'jumping_experiments' with the following arguments: {'ament_cmake_args': None, 'build_base': '/home/yurs/softleg_ws/build/jumping_experiments', 'catkin_cmake_args': None, 'catkin_skip_building_tests': False, 'cmake_args': None, 'cmake_clean_cache': False, 'cmake_clean_first': False, 'cmake_force_configure': False, 'cmake_target': None, 'cmake_target_skip_unavailable': False, 'install_base': '/home/yurs/softleg_ws/install/jumping_experiments', 'merge_install': False, 'path': '/home/yurs/softleg_ws/src/jumping_experiments', 'symlink_install': True, 'test_result_base': None}
[0.170s] Level 5:colcon.colcon_core.verb:set package 'pi3hat_moteus_int_msgs' build argument 'cmake_args' from command line to 'None'
[0.170s] Level 5:colcon.colcon_core.verb:set package 'pi3hat_moteus_int_msgs' build argument 'cmake_target' from command line to 'None'
[0.170s] Level 5:colcon.colcon_core.verb:set package 'pi3hat_moteus_int_msgs' build argument 'cmake_target_skip_unavailable' from command line to 'False'
[0.170s] Level 5:colcon.colcon_core.verb:set package 'pi3hat_moteus_int_msgs' build argument 'cmake_clean_cache' from command line to 'False'
[0.170s] Level 5:colcon.colcon_core.verb:set package 'pi3hat_moteus_int_msgs' build argument 'cmake_clean_first' from command line to 'False'
[0.170s] Level 5:colcon.colcon_core.verb:set package 'pi3hat_moteus_int_msgs' build argument 'cmake_force_configure' from command line to 'False'
[0.170s] Level 5:colcon.colcon_core.verb:set package 'pi3hat_moteus_int_msgs' build argument 'ament_cmake_args' from command line to 'None'
[0.171s] Level 5:colcon.colcon_core.verb:set package 'pi3hat_moteus_int_msgs' build argument 'catkin_cmake_args' from command line to 'None'
[0.171s] Level 5:colcon.colcon_core.verb:set package 'pi3hat_moteus_int_msgs' build argument 'catkin_skip_building_tests' from command line to 'False'
[0.171s] DEBUG:colcon.colcon_core.verb:Building package 'pi3hat_moteus_int_msgs' with the following arguments: {'ament_cmake_args': None, 'build_base': '/home/yurs/softleg_ws/build/pi3hat_moteus_int_msgs', 'catkin_cmake_args': None, 'catkin_skip_building_tests': False, 'cmake_args': None, 'cmake_clean_cache': False, 'cmake_clean_first': False, 'cmake_force_configure': False, 'cmake_target': None, 'cmake_target_skip_unavailable': False, 'install_base': '/home/yurs/softleg_ws/install/pi3hat_moteus_int_msgs', 'merge_install': False, 'path': '/home/yurs/softleg_ws/src/pi3hat_moteus_int_msgs', 'symlink_install': True, 'test_result_base': None}
[0.171s] Level 5:colcon.colcon_core.verb:set package 'rbt_pd_cnt' build argument 'cmake_args' from command line to 'None'
[0.171s] Level 5:colcon.colcon_core.verb:set package 'rbt_pd_cnt' build argument 'cmake_target' from command line to 'None'
[0.171s] Level 5:colcon.colcon_core.verb:set package 'rbt_pd_cnt' build argument 'cmake_target_skip_unavailable' from command line to 'False'
[0.171s] Level 5:colcon.colcon_core.verb:set package 'rbt_pd_cnt' build argument 'cmake_clean_cache' from command line to 'False'
[0.171s] Level 5:colcon.colcon_core.verb:set package 'rbt_pd_cnt' build argument 'cmake_clean_first' from command line to 'False'
[0.171s] Level 5:colcon.colcon_core.verb:set package 'rbt_pd_cnt' build argument 'cmake_force_configure' from command line to 'False'
[0.171s] Level 5:colcon.colcon_core.verb:set package 'rbt_pd_cnt' build argument 'ament_cmake_args' from command line to 'None'
[0.171s] Level 5:colcon.colcon_core.verb:set package 'rbt_pd_cnt' build argument 'catkin_cmake_args' from command line to 'None'
[0.171s] Level 5:colcon.colcon_core.verb:set package 'rbt_pd_cnt' build argument 'catkin_skip_building_tests' from command line to 'False'
[0.171s] DEBUG:colcon.colcon_core.verb:Building package 'rbt_pd_cnt' with the following arguments: {'ament_cmake_args': None, 'build_base': '/home/yurs/softleg_ws/build/rbt_pd_cnt', 'catkin_cmake_args': None, 'catkin_skip_building_tests': False, 'cmake_args': None, 'cmake_clean_cache': False, 'cmake_clean_first': False, 'cmake_force_configure': False, 'cmake_target': None, 'cmake_target_skip_unavailable': False, 'install_base': '/home/yurs/softleg_ws/install/rbt_pd_cnt', 'merge_install': False, 'path': '/home/yurs/softleg_ws/src/rbt_pd_cnt', 'symlink_install': True, 'test_result_base': None}
[0.171s] Level 5:colcon.colcon_core.verb:set package 'softleg_description' build argument 'cmake_args' from command line to 'None'
[0.171s] Level 5:colcon.colcon_core.verb:set package 'softleg_description' build argument 'cmake_target' from command line to 'None'
[0.171s] Level 5:colcon.colcon_core.verb:set package 'softleg_description' build argument 'cmake_target_skip_unavailable' from command line to 'False'
[0.171s] Level 5:colcon.colcon_core.verb:set package 'softleg_description' build argument 'cmake_clean_cache' from command line to 'False'
[0.171s] Level 5:colcon.colcon_core.verb:set package 'softleg_description' build argument 'cmake_clean_first' from command line to 'False'
[0.171s] Level 5:colcon.colcon_core.verb:set package 'softleg_description' build argument 'cmake_force_configure' from command line to 'False'
[0.171s] Level 5:colcon.colcon_core.verb:set package 'softleg_description' build argument 'ament_cmake_args' from command line to 'None'
[0.171s] Level 5:colcon.colcon_core.verb:set package 'softleg_description' build argument 'catkin_cmake_args' from command line to 'None'
[0.171s] Level 5:colcon.colcon_core.verb:set package 'softleg_description' build argument 'catkin_skip_building_tests' from command line to 'False'
[0.171s] DEBUG:colcon.colcon_core.verb:Building package 'softleg_description' with the following arguments: {'ament_cmake_args': None, 'build_base': '/home/yurs/softleg_ws/build/softleg_description', 'catkin_cmake_args': None, 'catkin_skip_building_tests': False, 'cmake_args': None, 'cmake_clean_cache': False, 'cmake_clean_first': False, 'cmake_force_configure': False, 'cmake_target': None, 'cmake_target_skip_unavailable': False, 'install_base': '/home/yurs/softleg_ws/install/softleg_description', 'merge_install': False, 'path': '/home/yurs/softleg_ws/src/softleg_description', 'symlink_install': True, 'test_result_base': None}
[0.171s] Level 5:colcon.colcon_core.verb:set package 'rlg_quad_controller' build argument 'cmake_args' from command line to 'None'
[0.171s] Level 5:colcon.colcon_core.verb:set package 'rlg_quad_controller' build argument 'cmake_target' from command line to 'None'
[0.171s] Level 5:colcon.colcon_core.verb:set package 'rlg_quad_controller' build argument 'cmake_target_skip_unavailable' from command line to 'False'
[0.171s] Level 5:colcon.colcon_core.verb:set package 'rlg_quad_controller' build argument 'cmake_clean_cache' from command line to 'False'
[0.171s] Level 5:colcon.colcon_core.verb:set package 'rlg_quad_controller' build argument 'cmake_clean_first' from command line to 'False'
[0.171s] Level 5:colcon.colcon_core.verb:set package 'rlg_quad_controller' build argument 'cmake_force_configure' from command line to 'False'
[0.171s] Level 5:colcon.colcon_core.verb:set package 'rlg_quad_controller' build argument 'ament_cmake_args' from command line to 'None'
[0.171s] Level 5:colcon.colcon_core.verb:set package 'rlg_quad_controller' build argument 'catkin_cmake_args' from command line to 'None'
[0.171s] Level 5:colcon.colcon_core.verb:set package 'rlg_quad_controller' build argument 'catkin_skip_building_tests' from command line to 'False'
[0.171s] DEBUG:colcon.colcon_core.verb:Building package 'rlg_quad_controller' with the following arguments: {'ament_cmake_args': None, 'build_base': '/home/yurs/softleg_ws/build/rlg_quad_controller', 'catkin_cmake_args': None, 'catkin_skip_building_tests': False, 'cmake_args': None, 'cmake_clean_cache': False, 'cmake_clean_first': False, 'cmake_force_configure': False, 'cmake_target': None, 'cmake_target_skip_unavailable': False, 'install_base': '/home/yurs/softleg_ws/install/rlg_quad_controller', 'merge_install': False, 'path': '/home/yurs/softleg_ws/src/rlg_quad_controller', 'symlink_install': True, 'test_result_base': None}
[0.172s] Level 5:colcon.colcon_core.verb:set package 'softleg_gazebo' build argument 'cmake_args' from command line to 'None'
[0.172s] Level 5:colcon.colcon_core.verb:set package 'softleg_gazebo' build argument 'cmake_target' from command line to 'None'
[0.172s] Level 5:colcon.colcon_core.verb:set package 'softleg_gazebo' build argument 'cmake_target_skip_unavailable' from command line to 'False'
[0.172s] Level 5:colcon.colcon_core.verb:set package 'softleg_gazebo' build argument 'cmake_clean_cache' from command line to 'False'
[0.172s] Level 5:colcon.colcon_core.verb:set package 'softleg_gazebo' build argument 'cmake_clean_first' from command line to 'False'
[0.172s] Level 5:colcon.colcon_core.verb:set package 'softleg_gazebo' build argument 'cmake_force_configure' from command line to 'False'
[0.172s] Level 5:colcon.colcon_core.verb:set package 'softleg_gazebo' build argument 'ament_cmake_args' from command line to 'None'
[0.172s] Level 5:colcon.colcon_core.verb:set package 'softleg_gazebo' build argument 'catkin_cmake_args' from command line to 'None'
[0.172s] Level 5:colcon.colcon_core.verb:set package 'softleg_gazebo' build argument 'catkin_skip_building_tests' from command line to 'False'
[0.172s] DEBUG:colcon.colcon_core.verb:Building package 'softleg_gazebo' with the following arguments: {'ament_cmake_args': None, 'build_base': '/home/yurs/softleg_ws/build/softleg_gazebo', 'catkin_cmake_args': None, 'catkin_skip_building_tests': False, 'cmake_args': None, 'cmake_clean_cache': False, 'cmake_clean_first': False, 'cmake_force_configure': False, 'cmake_target': None, 'cmake_target_skip_unavailable': False, 'install_base': '/home/yurs/softleg_ws/install/softleg_gazebo', 'merge_install': False, 'path': '/home/yurs/softleg_ws/src/softleg_gazebo', 'symlink_install': True, 'test_result_base': None}
[0.172s] INFO:colcon.colcon_core.executor:Executing jobs using 'parallel' executor
[0.173s] DEBUG:colcon.colcon_parallel_executor.executor.parallel:run_until_complete
[0.173s] INFO:colcon.colcon_ros.task.ament_cmake.build:Building ROS package in '/home/yurs/softleg_ws/src/pi3hat_moteus_int_msgs' with build type 'ament_cmake'
[0.173s] INFO:colcon.colcon_cmake.task.cmake.build:Building CMake package in '/home/yurs/softleg_ws/src/pi3hat_moteus_int_msgs'
[0.175s] INFO:colcon.colcon_core.plugin_system:Skipping extension 'colcon_core.shell.bat': Not used on non-Windows systems
[0.175s] INFO:colcon.colcon_core.shell:Skip shell extension 'powershell' for command environment: Not usable outside of PowerShell
[0.175s] DEBUG:colcon.colcon_core.shell:Skip shell extension 'dsv' for command environment
[0.177s] INFO:colcon.colcon_ros.task.ament_cmake.build:Building ROS package in '/home/yurs/softleg_ws/src/softleg_description' with build type 'ament_cmake'
[0.178s] INFO:colcon.colcon_cmake.task.cmake.build:Building CMake package in '/home/yurs/softleg_ws/src/softleg_description'
[0.178s] INFO:colcon.colcon_core.shell:Skip shell extension 'powershell' for command environment: Not usable outside of PowerShell
[0.178s] DEBUG:colcon.colcon_core.shell:Skip shell extension 'dsv' for command environment
[0.179s] INFO:colcon.colcon_ros.task.ament_python.build:Building ROS package in '/home/yurs/softleg_ws/src/jumping_experiments' with build type 'ament_python'
[0.180s] Level 1:colcon.colcon_core.shell:create_environment_hook('jumping_experiments', 'ament_prefix_path')
[0.180s] INFO:colcon.colcon_core.shell:Creating environment hook '/home/yurs/softleg_ws/install/jumping_experiments/share/jumping_experiments/hook/ament_prefix_path.ps1'
[0.180s] INFO:colcon.colcon_core.shell:Creating environment descriptor '/home/yurs/softleg_ws/install/jumping_experiments/share/jumping_experiments/hook/ament_prefix_path.dsv'
[0.180s] INFO:colcon.colcon_core.shell:Creating environment hook '/home/yurs/softleg_ws/install/jumping_experiments/share/jumping_experiments/hook/ament_prefix_path.sh'
[0.181s] INFO:colcon.colcon_core.shell:Skip shell extension 'powershell' for command environment: Not usable outside of PowerShell
[0.181s] DEBUG:colcon.colcon_core.shell:Skip shell extension 'dsv' for command environment
[0.183s] INFO:colcon.colcon_ros.task.ament_cmake.build:Building ROS package in '/home/yurs/softleg_ws/src/rbt_pd_cnt' with build type 'ament_cmake'
[0.183s] INFO:colcon.colcon_cmake.task.cmake.build:Building CMake package in '/home/yurs/softleg_ws/src/rbt_pd_cnt'
[0.183s] INFO:colcon.colcon_core.shell:Skip shell extension 'powershell' for command environment: Not usable outside of PowerShell
[0.183s] DEBUG:colcon.colcon_core.shell:Skip shell extension 'dsv' for command environment
[0.188s] DEBUG:colcon.colcon_core.event_handler.log_command:Invoking command in '/home/yurs/softleg_ws/build/pi3hat_moteus_int_msgs': CMAKE_PREFIX_PATH=/opt/ros/humble /usr/bin/cmake --build /home/yurs/softleg_ws/build/pi3hat_moteus_int_msgs -- -j8 -l8
[0.190s] DEBUG:colcon.colcon_core.event_handler.log_command:Invoking command in '/home/yurs/softleg_ws/build/softleg_description': CMAKE_PREFIX_PATH=/opt/ros/humble /usr/bin/cmake --build /home/yurs/softleg_ws/build/softleg_description -- -j8 -l8
[0.345s] INFO:colcon.colcon_core.task.python.build:Building Python package in '/home/yurs/softleg_ws/src/jumping_experiments'
[0.345s] INFO:colcon.colcon_core.shell:Skip shell extension 'powershell' for command environment: Not usable outside of PowerShell
[0.345s] DEBUG:colcon.colcon_core.shell:Skip shell extension 'dsv' for command environment
[0.354s] DEBUG:colcon.colcon_core.event_handler.log_command:Invoking command in '/home/yurs/softleg_ws/build/rbt_pd_cnt': CMAKE_PREFIX_PATH=/opt/ros/humble /usr/bin/cmake --build /home/yurs/softleg_ws/build/rbt_pd_cnt -- -j8 -l8
[0.354s] DEBUG:colcon.colcon_core.event_handler.log_command:Invoked command in '/home/yurs/softleg_ws/build/softleg_description' returned '0': CMAKE_PREFIX_PATH=/opt/ros/humble /usr/bin/cmake --build /home/yurs/softleg_ws/build/softleg_description -- -j8 -l8
[0.373s] DEBUG:colcon.colcon_core.event_handler.log_command:Invoking command in '/home/yurs/softleg_ws/build/softleg_description': CMAKE_PREFIX_PATH=/opt/ros/humble /usr/bin/cmake --install /home/yurs/softleg_ws/build/softleg_description
[0.394s] Level 1:colcon.colcon_core.environment:create_environment_scripts_only(softleg_description)
[0.395s] DEBUG:colcon.colcon_core.event_handler.log_command:Invoked command in '/home/yurs/softleg_ws/build/softleg_description' returned '0': CMAKE_PREFIX_PATH=/opt/ros/humble /usr/bin/cmake --install /home/yurs/softleg_ws/build/softleg_description
[0.398s] Level 1:colcon.colcon_core.environment:checking '/home/yurs/softleg_ws/install/softleg_description' for CMake module files
[0.398s] Level 1:colcon.colcon_core.environment:checking '/home/yurs/softleg_ws/install/softleg_description' for CMake config files
[0.399s] Level 1:colcon.colcon_core.shell:create_environment_hook('softleg_description', 'cmake_prefix_path')
[0.399s] INFO:colcon.colcon_core.shell:Creating environment hook '/home/yurs/softleg_ws/install/softleg_description/share/softleg_description/hook/cmake_prefix_path.ps1'
[0.400s] INFO:colcon.colcon_core.shell:Creating environment descriptor '/home/yurs/softleg_ws/install/softleg_description/share/softleg_description/hook/cmake_prefix_path.dsv'
[0.400s] INFO:colcon.colcon_core.shell:Creating environment hook '/home/yurs/softleg_ws/install/softleg_description/share/softleg_description/hook/cmake_prefix_path.sh'
[0.401s] Level 1:colcon.colcon_core.environment:checking '/home/yurs/softleg_ws/install/softleg_description/bin'
[0.401s] Level 1:colcon.colcon_core.environment:checking '/home/yurs/softleg_ws/install/softleg_description/lib/pkgconfig/softleg_description.pc'
[0.401s] Level 1:colcon.colcon_core.environment:checking '/home/yurs/softleg_ws/install/softleg_description/lib/python3.10/site-packages'
[0.401s] Level 1:colcon.colcon_core.environment:checking '/home/yurs/softleg_ws/install/softleg_description/bin'
[0.402s] INFO:colcon.colcon_core.shell:Creating package script '/home/yurs/softleg_ws/install/softleg_description/share/softleg_description/package.ps1'
[0.403s] INFO:colcon.colcon_core.shell:Creating package descriptor '/home/yurs/softleg_ws/install/softleg_description/share/softleg_description/package.dsv'
[0.403s] INFO:colcon.colcon_core.shell:Creating package script '/home/yurs/softleg_ws/install/softleg_description/share/softleg_description/package.sh'
[0.404s] INFO:colcon.colcon_core.shell:Creating package script '/home/yurs/softleg_ws/install/softleg_description/share/softleg_description/package.bash'
[0.405s] INFO:colcon.colcon_core.shell:Creating package script '/home/yurs/softleg_ws/install/softleg_description/share/softleg_description/package.zsh'
[0.406s] Level 1:colcon.colcon_core.environment:create_file_with_runtime_dependencies(/home/yurs/softleg_ws/install/softleg_description/share/colcon-core/packages/softleg_description)
[0.408s] DEBUG:colcon.colcon_core.event_handler.log_command:Invoked command in '/home/yurs/softleg_ws/build/rbt_pd_cnt' returned '0': CMAKE_PREFIX_PATH=/opt/ros/humble /usr/bin/cmake --build /home/yurs/softleg_ws/build/rbt_pd_cnt -- -j8 -l8
[0.411s] DEBUG:colcon.colcon_core.event_handler.log_command:Invoked command in '/home/yurs/softleg_ws/build/pi3hat_moteus_int_msgs' returned '0': CMAKE_PREFIX_PATH=/opt/ros/humble /usr/bin/cmake --build /home/yurs/softleg_ws/build/pi3hat_moteus_int_msgs -- -j8 -l8
[0.422s] Level 1:colcon.colcon_core.environment:create_environment_scripts_only(softleg_description)
[0.422s] Level 1:colcon.colcon_core.environment:checking '/home/yurs/softleg_ws/install/softleg_description' for CMake module files
[0.422s] Level 1:colcon.colcon_core.environment:checking '/home/yurs/softleg_ws/install/softleg_description' for CMake config files
[0.423s] Level 1:colcon.colcon_core.shell:create_environment_hook('softleg_description', 'cmake_prefix_path')
[0.423s] INFO:colcon.colcon_core.shell:Creating environment hook '/home/yurs/softleg_ws/install/softleg_description/share/softleg_description/hook/cmake_prefix_path.ps1'
[0.423s] INFO:colcon.colcon_core.shell:Creating environment descriptor '/home/yurs/softleg_ws/install/softleg_description/share/softleg_description/hook/cmake_prefix_path.dsv'
[0.423s] INFO:colcon.colcon_core.shell:Creating environment hook '/home/yurs/softleg_ws/install/softleg_description/share/softleg_description/hook/cmake_prefix_path.sh'
[0.424s] Level 1:colcon.colcon_core.environment:checking '/home/yurs/softleg_ws/install/softleg_description/bin'
[0.424s] Level 1:colcon.colcon_core.environment:checking '/home/yurs/softleg_ws/install/softleg_description/lib/pkgconfig/softleg_description.pc'
[0.424s] Level 1:colcon.colcon_core.environment:checking '/home/yurs/softleg_ws/install/softleg_description/lib/python3.10/site-packages'
[0.424s] Level 1:colcon.colcon_core.environment:checking '/home/yurs/softleg_ws/install/softleg_description/bin'
[0.424s] INFO:colcon.colcon_core.shell:Creating package script '/home/yurs/softleg_ws/install/softleg_description/share/softleg_description/package.ps1'
[0.425s] INFO:colcon.colcon_core.shell:Creating package descriptor '/home/yurs/softleg_ws/install/softleg_description/share/softleg_description/package.dsv'
[0.425s] INFO:colcon.colcon_core.shell:Creating package script '/home/yurs/softleg_ws/install/softleg_description/share/softleg_description/package.sh'
[0.425s] INFO:colcon.colcon_core.shell:Creating package script '/home/yurs/softleg_ws/install/softleg_description/share/softleg_description/package.bash'
[0.426s] INFO:colcon.colcon_core.shell:Creating package script '/home/yurs/softleg_ws/install/softleg_description/share/softleg_description/package.zsh'
[0.426s] Level 1:colcon.colcon_core.environment:create_file_with_runtime_dependencies(/home/yurs/softleg_ws/install/softleg_description/share/colcon-core/packages/softleg_description)
[0.426s] INFO:colcon.colcon_ros.task.ament_cmake.build:Building ROS package in '/home/yurs/softleg_ws/src/softleg_gazebo' with build type 'ament_cmake'
[0.426s] INFO:colcon.colcon_cmake.task.cmake.build:Building CMake package in '/home/yurs/softleg_ws/src/softleg_gazebo'
[0.427s] INFO:colcon.colcon_core.shell:Skip shell extension 'powershell' for command environment: Not usable outside of PowerShell
[0.427s] DEBUG:colcon.colcon_core.shell:Skip shell extension 'dsv' for command environment
[0.430s] DEBUG:colcon.colcon_core.event_handler.log_command:Invoking command in '/home/yurs/softleg_ws/build/rbt_pd_cnt': CMAKE_PREFIX_PATH=/opt/ros/humble /usr/bin/cmake --install /home/yurs/softleg_ws/build/rbt_pd_cnt
[0.432s] DEBUG:colcon.colcon_core.event_handler.log_command:Invoking command in '/home/yurs/softleg_ws/build/softleg_gazebo': AMENT_PREFIX_PATH=/home/yurs/softleg_ws/install/softleg_description:${AMENT_PREFIX_PATH} CMAKE_PREFIX_PATH=/home/yurs/softleg_ws/install/softleg_description:/opt/ros/humble /usr/bin/cmake --build /home/yurs/softleg_ws/build/softleg_gazebo -- -j8 -l8
[0.446s] Level 1:colcon.colcon_core.environment:create_environment_scripts_only(rbt_pd_cnt)
[0.446s] Level 1:colcon.colcon_core.environment:checking '/home/yurs/softleg_ws/install/rbt_pd_cnt' for CMake module files
[0.446s] DEBUG:colcon.colcon_core.event_handler.log_command:Invoked command in '/home/yurs/softleg_ws/build/rbt_pd_cnt' returned '0': CMAKE_PREFIX_PATH=/opt/ros/humble /usr/bin/cmake --install /home/yurs/softleg_ws/build/rbt_pd_cnt
[0.447s] Level 1:colcon.colcon_core.environment:checking '/home/yurs/softleg_ws/install/rbt_pd_cnt' for CMake config files
[0.447s] Level 1:colcon.colcon_core.shell:create_environment_hook('rbt_pd_cnt', 'cmake_prefix_path')
[0.447s] INFO:colcon.colcon_core.shell:Creating environment hook '/home/yurs/softleg_ws/install/rbt_pd_cnt/share/rbt_pd_cnt/hook/cmake_prefix_path.ps1'
[0.448s] INFO:colcon.colcon_core.shell:Creating environment descriptor '/home/yurs/softleg_ws/install/rbt_pd_cnt/share/rbt_pd_cnt/hook/cmake_prefix_path.dsv'
[0.448s] INFO:colcon.colcon_core.shell:Creating environment hook '/home/yurs/softleg_ws/install/rbt_pd_cnt/share/rbt_pd_cnt/hook/cmake_prefix_path.sh'
[0.449s] Level 1:colcon.colcon_core.environment:checking '/home/yurs/softleg_ws/install/rbt_pd_cnt/lib'
[0.449s] Level 1:colcon.colcon_core.shell:create_environment_hook('rbt_pd_cnt', 'ld_library_path_lib')
[0.449s] INFO:colcon.colcon_core.shell:Creating environment hook '/home/yurs/softleg_ws/install/rbt_pd_cnt/share/rbt_pd_cnt/hook/ld_library_path_lib.ps1'
[0.450s] INFO:colcon.colcon_core.shell:Creating environment descriptor '/home/yurs/softleg_ws/install/rbt_pd_cnt/share/rbt_pd_cnt/hook/ld_library_path_lib.dsv'
[0.450s] INFO:colcon.colcon_core.shell:Creating environment hook '/home/yurs/softleg_ws/install/rbt_pd_cnt/share/rbt_pd_cnt/hook/ld_library_path_lib.sh'
[0.450s] Level 1:colcon.colcon_core.environment:checking '/home/yurs/softleg_ws/install/rbt_pd_cnt/bin'
[0.450s] Level 1:colcon.colcon_core.environment:checking '/home/yurs/softleg_ws/install/rbt_pd_cnt/lib/pkgconfig/rbt_pd_cnt.pc'
[0.450s] Level 1:colcon.colcon_core.environment:checking '/home/yurs/softleg_ws/install/rbt_pd_cnt/lib/python3.10/site-packages'
[0.451s] Level 1:colcon.colcon_core.environment:checking '/home/yurs/softleg_ws/install/rbt_pd_cnt/bin'
[0.451s] INFO:colcon.colcon_core.shell:Creating package script '/home/yurs/softleg_ws/install/rbt_pd_cnt/share/rbt_pd_cnt/package.ps1'
[0.451s] INFO:colcon.colcon_core.shell:Creating package descriptor '/home/yurs/softleg_ws/install/rbt_pd_cnt/share/rbt_pd_cnt/package.dsv'
[0.452s] INFO:colcon.colcon_core.shell:Creating package script '/home/yurs/softleg_ws/install/rbt_pd_cnt/share/rbt_pd_cnt/package.sh'
[0.452s] INFO:colcon.colcon_core.shell:Creating package script '/home/yurs/softleg_ws/install/rbt_pd_cnt/share/rbt_pd_cnt/package.bash'
[0.453s] INFO:colcon.colcon_core.shell:Creating package script '/home/yurs/softleg_ws/install/rbt_pd_cnt/share/rbt_pd_cnt/package.zsh'
[0.453s] Level 1:colcon.colcon_core.environment:create_file_with_runtime_dependencies(/home/yurs/softleg_ws/install/rbt_pd_cnt/share/colcon-core/packages/rbt_pd_cnt)
[0.459s] DEBUG:colcon.colcon_core.event_handler.log_command:Invoked command in '/home/yurs/softleg_ws/build/softleg_gazebo' returned '0': AMENT_PREFIX_PATH=/home/yurs/softleg_ws/install/softleg_description:${AMENT_PREFIX_PATH} CMAKE_PREFIX_PATH=/home/yurs/softleg_ws/install/softleg_description:/opt/ros/humble /usr/bin/cmake --build /home/yurs/softleg_ws/build/softleg_gazebo -- -j8 -l8
[0.471s] Level 1:colcon.colcon_core.environment:create_environment_scripts_only(rbt_pd_cnt)
[0.472s] Level 1:colcon.colcon_core.environment:checking '/home/yurs/softleg_ws/install/rbt_pd_cnt' for CMake module files
[0.472s] Level 1:colcon.colcon_core.environment:checking '/home/yurs/softleg_ws/install/rbt_pd_cnt' for CMake config files
[0.473s] Level 1:colcon.colcon_core.shell:create_environment_hook('rbt_pd_cnt', 'cmake_prefix_path')
[0.473s] INFO:colcon.colcon_core.shell:Creating environment hook '/home/yurs/softleg_ws/install/rbt_pd_cnt/share/rbt_pd_cnt/hook/cmake_prefix_path.ps1'
[0.473s] INFO:colcon.colcon_core.shell:Creating environment descriptor '/home/yurs/softleg_ws/install/rbt_pd_cnt/share/rbt_pd_cnt/hook/cmake_prefix_path.dsv'
[0.474s] INFO:colcon.colcon_core.shell:Creating environment hook '/home/yurs/softleg_ws/install/rbt_pd_cnt/share/rbt_pd_cnt/hook/cmake_prefix_path.sh'
[0.474s] Level 1:colcon.colcon_core.environment:checking '/home/yurs/softleg_ws/install/rbt_pd_cnt/lib'
[0.474s] Level 1:colcon.colcon_core.shell:create_environment_hook('rbt_pd_cnt', 'ld_library_path_lib')
[0.475s] INFO:colcon.colcon_core.shell:Creating environment hook '/home/yurs/softleg_ws/install/rbt_pd_cnt/share/rbt_pd_cnt/hook/ld_library_path_lib.ps1'
[0.475s] INFO:colcon.colcon_core.shell:Creating environment descriptor '/home/yurs/softleg_ws/install/rbt_pd_cnt/share/rbt_pd_cnt/hook/ld_library_path_lib.dsv'
[0.475s] INFO:colcon.colcon_core.shell:Creating environment hook '/home/yurs/softleg_ws/install/rbt_pd_cnt/share/rbt_pd_cnt/hook/ld_library_path_lib.sh'
[0.475s] Level 1:colcon.colcon_core.environment:checking '/home/yurs/softleg_ws/install/rbt_pd_cnt/bin'
[0.476s] Level 1:colcon.colcon_core.environment:checking '/home/yurs/softleg_ws/install/rbt_pd_cnt/lib/pkgconfig/rbt_pd_cnt.pc'
[0.476s] Level 1:colcon.colcon_core.environment:checking '/home/yurs/softleg_ws/install/rbt_pd_cnt/lib/python3.10/site-packages'
[0.476s] Level 1:colcon.colcon_core.environment:checking '/home/yurs/softleg_ws/install/rbt_pd_cnt/bin'
[0.476s] INFO:colcon.colcon_core.shell:Creating package script '/home/yurs/softleg_ws/install/rbt_pd_cnt/share/rbt_pd_cnt/package.ps1'
[0.477s] INFO:colcon.colcon_core.shell:Creating package descriptor '/home/yurs/softleg_ws/install/rbt_pd_cnt/share/rbt_pd_cnt/package.dsv'
[0.477s] INFO:colcon.colcon_core.shell:Creating package script '/home/yurs/softleg_ws/install/rbt_pd_cnt/share/rbt_pd_cnt/package.sh'
[0.478s] INFO:colcon.colcon_core.shell:Creating package script '/home/yurs/softleg_ws/install/rbt_pd_cnt/share/rbt_pd_cnt/package.bash'
[0.478s] INFO:colcon.colcon_core.shell:Creating package script '/home/yurs/softleg_ws/install/rbt_pd_cnt/share/rbt_pd_cnt/package.zsh'
[0.478s] Level 1:colcon.colcon_core.environment:create_file_with_runtime_dependencies(/home/yurs/softleg_ws/install/rbt_pd_cnt/share/colcon-core/packages/rbt_pd_cnt)
[0.480s] DEBUG:colcon.colcon_core.event_handler.log_command:Invoking command in '/home/yurs/softleg_ws/build/softleg_gazebo': AMENT_PREFIX_PATH=/home/yurs/softleg_ws/install/softleg_description:${AMENT_PREFIX_PATH} CMAKE_PREFIX_PATH=/home/yurs/softleg_ws/install/softleg_description:/opt/ros/humble /usr/bin/cmake --install /home/yurs/softleg_ws/build/softleg_gazebo
[0.482s] DEBUG:colcon.colcon_core.event_handler.log_command:Invoking command in '/home/yurs/softleg_ws/build/pi3hat_moteus_int_msgs': CMAKE_PREFIX_PATH=/opt/ros/humble /usr/bin/cmake --install /home/yurs/softleg_ws/build/pi3hat_moteus_int_msgs
[0.497s] Level 1:colcon.colcon_core.environment:create_environment_scripts_only(softleg_gazebo)
[0.498s] Level 1:colcon.colcon_core.environment:checking '/home/yurs/softleg_ws/install/softleg_gazebo' for CMake module files
[0.498s] DEBUG:colcon.colcon_core.event_handler.log_command:Invoked command in '/home/yurs/softleg_ws/build/softleg_gazebo' returned '0': AMENT_PREFIX_PATH=/home/yurs/softleg_ws/install/softleg_description:${AMENT_PREFIX_PATH} CMAKE_PREFIX_PATH=/home/yurs/softleg_ws/install/softleg_description:/opt/ros/humble /usr/bin/cmake --install /home/yurs/softleg_ws/build/softleg_gazebo
[0.498s] Level 1:colcon.colcon_core.environment:checking '/home/yurs/softleg_ws/install/softleg_gazebo' for CMake config files
[0.499s] Level 1:colcon.colcon_core.shell:create_environment_hook('softleg_gazebo', 'cmake_prefix_path')
[0.499s] INFO:colcon.colcon_core.shell:Creating environment hook '/home/yurs/softleg_ws/install/softleg_gazebo/share/softleg_gazebo/hook/cmake_prefix_path.ps1'
[0.500s] INFO:colcon.colcon_core.shell:Creating environment descriptor '/home/yurs/softleg_ws/install/softleg_gazebo/share/softleg_gazebo/hook/cmake_prefix_path.dsv'
[0.500s] INFO:colcon.colcon_core.shell:Creating environment hook '/home/yurs/softleg_ws/install/softleg_gazebo/share/softleg_gazebo/hook/cmake_prefix_path.sh'
[0.500s] Level 1:colcon.colcon_core.environment:checking '/home/yurs/softleg_ws/install/softleg_gazebo/bin'
[0.500s] Level 1:colcon.colcon_core.environment:checking '/home/yurs/softleg_ws/install/softleg_gazebo/lib/pkgconfig/softleg_gazebo.pc'
[0.501s] Level 1:colcon.colcon_core.environment:checking '/home/yurs/softleg_ws/install/softleg_gazebo/lib/python3.10/site-packages'
[0.501s] Level 1:colcon.colcon_core.environment:checking '/home/yurs/softleg_ws/install/softleg_gazebo/bin'
[0.501s] INFO:colcon.colcon_core.shell:Creating package script '/home/yurs/softleg_ws/install/softleg_gazebo/share/softleg_gazebo/package.ps1'
[0.502s] INFO:colcon.colcon_core.shell:Creating package descriptor '/home/yurs/softleg_ws/install/softleg_gazebo/share/softleg_gazebo/package.dsv'
[0.502s] INFO:colcon.colcon_core.shell:Creating package script '/home/yurs/softleg_ws/install/softleg_gazebo/share/softleg_gazebo/package.sh'
[0.502s] INFO:colcon.colcon_core.shell:Creating package script '/home/yurs/softleg_ws/install/softleg_gazebo/share/softleg_gazebo/package.bash'
[0.503s] INFO:colcon.colcon_core.shell:Creating package script '/home/yurs/softleg_ws/install/softleg_gazebo/share/softleg_gazebo/package.zsh'
[0.503s] Level 1:colcon.colcon_core.environment:create_file_with_runtime_dependencies(/home/yurs/softleg_ws/install/softleg_gazebo/share/colcon-core/packages/softleg_gazebo)
[0.519s] Level 1:colcon.colcon_core.environment:create_environment_scripts_only(softleg_gazebo)
[0.519s] Level 1:colcon.colcon_core.environment:checking '/home/yurs/softleg_ws/install/softleg_gazebo' for CMake module files
[0.520s] Level 1:colcon.colcon_core.environment:checking '/home/yurs/softleg_ws/install/softleg_gazebo' for CMake config files
[0.520s] Level 1:colcon.colcon_core.shell:create_environment_hook('softleg_gazebo', 'cmake_prefix_path')
[0.520s] INFO:colcon.colcon_core.shell:Creating environment hook '/home/yurs/softleg_ws/install/softleg_gazebo/share/softleg_gazebo/hook/cmake_prefix_path.ps1'
[0.520s] INFO:colcon.colcon_core.shell:Creating environment descriptor '/home/yurs/softleg_ws/install/softleg_gazebo/share/softleg_gazebo/hook/cmake_prefix_path.dsv'
[0.521s] INFO:colcon.colcon_core.shell:Creating environment hook '/home/yurs/softleg_ws/install/softleg_gazebo/share/softleg_gazebo/hook/cmake_prefix_path.sh'
[0.521s] Level 1:colcon.colcon_core.environment:checking '/home/yurs/softleg_ws/install/softleg_gazebo/bin'
[0.521s] Level 1:colcon.colcon_core.environment:checking '/home/yurs/softleg_ws/install/softleg_gazebo/lib/pkgconfig/softleg_gazebo.pc'
[0.521s] Level 1:colcon.colcon_core.environment:checking '/home/yurs/softleg_ws/install/softleg_gazebo/lib/python3.10/site-packages'
[0.521s] Level 1:colcon.colcon_core.environment:checking '/home/yurs/softleg_ws/install/softleg_gazebo/bin'
[0.521s] INFO:colcon.colcon_core.shell:Creating package script '/home/yurs/softleg_ws/install/softleg_gazebo/share/softleg_gazebo/package.ps1'
[0.522s] INFO:colcon.colcon_core.shell:Creating package descriptor '/home/yurs/softleg_ws/install/softleg_gazebo/share/softleg_gazebo/package.dsv'
[0.522s] INFO:colcon.colcon_core.shell:Creating package script '/home/yurs/softleg_ws/install/softleg_gazebo/share/softleg_gazebo/package.sh'
[0.522s] INFO:colcon.colcon_core.shell:Creating package script '/home/yurs/softleg_ws/install/softleg_gazebo/share/softleg_gazebo/package.bash'
[0.522s] INFO:colcon.colcon_core.shell:Creating package script '/home/yurs/softleg_ws/install/softleg_gazebo/share/softleg_gazebo/package.zsh'
[0.523s] Level 1:colcon.colcon_core.environment:create_file_with_runtime_dependencies(/home/yurs/softleg_ws/install/softleg_gazebo/share/colcon-core/packages/softleg_gazebo)
[0.532s] Level 1:colcon.colcon_core.environment:create_environment_scripts_only(pi3hat_moteus_int_msgs)
[0.532s] Level 1:colcon.colcon_core.environment:checking '/home/yurs/softleg_ws/install/pi3hat_moteus_int_msgs' for CMake module files
[0.533s] DEBUG:colcon.colcon_core.event_handler.log_command:Invoked command in '/home/yurs/softleg_ws/build/pi3hat_moteus_int_msgs' returned '0': CMAKE_PREFIX_PATH=/opt/ros/humble /usr/bin/cmake --install /home/yurs/softleg_ws/build/pi3hat_moteus_int_msgs
[0.533s] Level 1:colcon.colcon_core.environment:checking '/home/yurs/softleg_ws/install/pi3hat_moteus_int_msgs' for CMake config files
[0.534s] Level 1:colcon.colcon_core.shell:create_environment_hook('pi3hat_moteus_int_msgs', 'cmake_prefix_path')
[0.534s] INFO:colcon.colcon_core.shell:Creating environment hook '/home/yurs/softleg_ws/install/pi3hat_moteus_int_msgs/share/pi3hat_moteus_int_msgs/hook/cmake_prefix_path.ps1'
[0.534s] INFO:colcon.colcon_core.shell:Creating environment descriptor '/home/yurs/softleg_ws/install/pi3hat_moteus_int_msgs/share/pi3hat_moteus_int_msgs/hook/cmake_prefix_path.dsv'
[0.534s] INFO:colcon.colcon_core.shell:Creating environment hook '/home/yurs/softleg_ws/install/pi3hat_moteus_int_msgs/share/pi3hat_moteus_int_msgs/hook/cmake_prefix_path.sh'
[0.535s] Level 1:colcon.colcon_core.environment:checking '/home/yurs/softleg_ws/install/pi3hat_moteus_int_msgs/lib'
[0.535s] Level 1:colcon.colcon_core.shell:create_environment_hook('pi3hat_moteus_int_msgs', 'ld_library_path_lib')
[0.535s] INFO:colcon.colcon_core.shell:Creating environment hook '/home/yurs/softleg_ws/install/pi3hat_moteus_int_msgs/share/pi3hat_moteus_int_msgs/hook/ld_library_path_lib.ps1'
[0.535s] INFO:colcon.colcon_core.shell:Creating environment descriptor '/home/yurs/softleg_ws/install/pi3hat_moteus_int_msgs/share/pi3hat_moteus_int_msgs/hook/ld_library_path_lib.dsv'
[0.535s] INFO:colcon.colcon_core.shell:Creating environment hook '/home/yurs/softleg_ws/install/pi3hat_moteus_int_msgs/share/pi3hat_moteus_int_msgs/hook/ld_library_path_lib.sh'
[0.536s] Level 1:colcon.colcon_core.environment:checking '/home/yurs/softleg_ws/install/pi3hat_moteus_int_msgs/bin'
[0.536s] Level 1:colcon.colcon_core.environment:checking '/home/yurs/softleg_ws/install/pi3hat_moteus_int_msgs/lib/pkgconfig/pi3hat_moteus_int_msgs.pc'
[0.536s] Level 1:colcon.colcon_core.environment:checking '/home/yurs/softleg_ws/install/pi3hat_moteus_int_msgs/lib/python3.10/site-packages'
[0.536s] Level 1:colcon.colcon_core.environment:checking '/home/yurs/softleg_ws/install/pi3hat_moteus_int_msgs/bin'
[0.536s] INFO:colcon.colcon_core.shell:Creating package script '/home/yurs/softleg_ws/install/pi3hat_moteus_int_msgs/share/pi3hat_moteus_int_msgs/package.ps1'
[0.536s] INFO:colcon.colcon_core.shell:Creating package descriptor '/home/yurs/softleg_ws/install/pi3hat_moteus_int_msgs/share/pi3hat_moteus_int_msgs/package.dsv'
[0.537s] INFO:colcon.colcon_core.shell:Creating package script '/home/yurs/softleg_ws/install/pi3hat_moteus_int_msgs/share/pi3hat_moteus_int_msgs/package.sh'
[0.537s] INFO:colcon.colcon_core.shell:Creating package script '/home/yurs/softleg_ws/install/pi3hat_moteus_int_msgs/share/pi3hat_moteus_int_msgs/package.bash'
[0.537s] INFO:colcon.colcon_core.shell:Creating package script '/home/yurs/softleg_ws/install/pi3hat_moteus_int_msgs/share/pi3hat_moteus_int_msgs/package.zsh'
[0.537s] Level 1:colcon.colcon_core.environment:create_file_with_runtime_dependencies(/home/yurs/softleg_ws/install/pi3hat_moteus_int_msgs/share/colcon-core/packages/pi3hat_moteus_int_msgs)
[0.598s] DEBUG:colcon.colcon_core.event_handler.log_command:Invoking command in '/home/yurs/softleg_ws/build/jumping_experiments': PYTHONPATH=/home/yurs/softleg_ws/build/jumping_experiments/prefix_override:/home/yurs/softleg_ws/install/jumping_experiments/lib/python3.10/site-packages:${PYTHONPATH} /usr/bin/python3 -W ignore:setup.py install is deprecated setup.py develop --editable --build-directory /home/yurs/softleg_ws/build/jumping_experiments/build --no-deps symlink_data
[0.605s] Level 1:colcon.colcon_core.environment:create_environment_scripts_only(pi3hat_moteus_int_msgs)
[0.606s] Level 1:colcon.colcon_core.environment:checking '/home/yurs/softleg_ws/install/pi3hat_moteus_int_msgs' for CMake module files
[0.606s] Level 1:colcon.colcon_core.environment:checking '/home/yurs/softleg_ws/install/pi3hat_moteus_int_msgs' for CMake config files
[0.607s] Level 1:colcon.colcon_core.shell:create_environment_hook('pi3hat_moteus_int_msgs', 'cmake_prefix_path')
[0.607s] INFO:colcon.colcon_core.shell:Creating environment hook '/home/yurs/softleg_ws/install/pi3hat_moteus_int_msgs/share/pi3hat_moteus_int_msgs/hook/cmake_prefix_path.ps1'
[0.607s] INFO:colcon.colcon_core.shell:Creating environment descriptor '/home/yurs/softleg_ws/install/pi3hat_moteus_int_msgs/share/pi3hat_moteus_int_msgs/hook/cmake_prefix_path.dsv'
[0.607s] INFO:colcon.colcon_core.shell:Creating environment hook '/home/yurs/softleg_ws/install/pi3hat_moteus_int_msgs/share/pi3hat_moteus_int_msgs/hook/cmake_prefix_path.sh'
[0.608s] Level 1:colcon.colcon_core.environment:checking '/home/yurs/softleg_ws/install/pi3hat_moteus_int_msgs/lib'
[0.608s] Level 1:colcon.colcon_core.shell:create_environment_hook('pi3hat_moteus_int_msgs', 'ld_library_path_lib')
[0.608s] INFO:colcon.colcon_core.shell:Creating environment hook '/home/yurs/softleg_ws/install/pi3hat_moteus_int_msgs/share/pi3hat_moteus_int_msgs/hook/ld_library_path_lib.ps1'
[0.608s] INFO:colcon.colcon_core.shell:Creating environment descriptor '/home/yurs/softleg_ws/install/pi3hat_moteus_int_msgs/share/pi3hat_moteus_int_msgs/hook/ld_library_path_lib.dsv'
[0.608s] INFO:colcon.colcon_core.shell:Creating environment hook '/home/yurs/softleg_ws/install/pi3hat_moteus_int_msgs/share/pi3hat_moteus_int_msgs/hook/ld_library_path_lib.sh'
[0.609s] Level 1:colcon.colcon_core.environment:checking '/home/yurs/softleg_ws/install/pi3hat_moteus_int_msgs/bin'
[0.609s] Level 1:colcon.colcon_core.environment:checking '/home/yurs/softleg_ws/install/pi3hat_moteus_int_msgs/lib/pkgconfig/pi3hat_moteus_int_msgs.pc'
[0.609s] Level 1:colcon.colcon_core.environment:checking '/home/yurs/softleg_ws/install/pi3hat_moteus_int_msgs/lib/python3.10/site-packages'
[0.609s] Level 1:colcon.colcon_core.environment:checking '/home/yurs/softleg_ws/install/pi3hat_moteus_int_msgs/bin'
[0.609s] INFO:colcon.colcon_core.shell:Creating package script '/home/yurs/softleg_ws/install/pi3hat_moteus_int_msgs/share/pi3hat_moteus_int_msgs/package.ps1'
[0.609s] INFO:colcon.colcon_core.shell:Creating package descriptor '/home/yurs/softleg_ws/install/pi3hat_moteus_int_msgs/share/pi3hat_moteus_int_msgs/package.dsv'
[0.610s] INFO:colcon.colcon_core.shell:Creating package script '/home/yurs/softleg_ws/install/pi3hat_moteus_int_msgs/share/pi3hat_moteus_int_msgs/package.sh'
[0.610s] INFO:colcon.colcon_core.shell:Creating package script '/home/yurs/softleg_ws/install/pi3hat_moteus_int_msgs/share/pi3hat_moteus_int_msgs/package.bash'
[0.610s] INFO:colcon.colcon_core.shell:Creating package script '/home/yurs/softleg_ws/install/pi3hat_moteus_int_msgs/share/pi3hat_moteus_int_msgs/package.zsh'
[0.610s] Level 1:colcon.colcon_core.environment:create_file_with_runtime_dependencies(/home/yurs/softleg_ws/install/pi3hat_moteus_int_msgs/share/colcon-core/packages/pi3hat_moteus_int_msgs)
[0.611s] INFO:colcon.colcon_ros.task.ament_python.build:Building ROS package in '/home/yurs/softleg_ws/src/rlg_quad_controller' with build type 'ament_python'
[0.611s] Level 1:colcon.colcon_core.shell:create_environment_hook('rlg_quad_controller', 'ament_prefix_path')
[0.611s] INFO:colcon.colcon_core.shell:Creating environment hook '/home/yurs/softleg_ws/install/rlg_quad_controller/share/rlg_quad_controller/hook/ament_prefix_path.ps1'
[0.611s] INFO:colcon.colcon_core.shell:Creating environment descriptor '/home/yurs/softleg_ws/install/rlg_quad_controller/share/rlg_quad_controller/hook/ament_prefix_path.dsv'
[0.612s] INFO:colcon.colcon_core.shell:Creating environment hook '/home/yurs/softleg_ws/install/rlg_quad_controller/share/rlg_quad_controller/hook/ament_prefix_path.sh'
[0.612s] INFO:colcon.colcon_core.shell:Skip shell extension 'powershell' for command environment: Not usable outside of PowerShell
[0.612s] DEBUG:colcon.colcon_core.shell:Skip shell extension 'dsv' for command environment
[0.756s] INFO:colcon.colcon_core.task.python.build:Building Python package in '/home/yurs/softleg_ws/src/rlg_quad_controller'
[0.756s] INFO:colcon.colcon_core.shell:Skip shell extension 'powershell' for command environment: Not usable outside of PowerShell
[0.756s] DEBUG:colcon.colcon_core.shell:Skip shell extension 'dsv' for command environment
[0.837s] Level 1:colcon.colcon_core.shell:create_environment_hook('jumping_experiments', 'pythonpath_develop')
[0.837s] INFO:colcon.colcon_core.shell:Creating environment hook '/home/yurs/softleg_ws/build/jumping_experiments/share/jumping_experiments/hook/pythonpath_develop.ps1'
[0.837s] DEBUG:colcon.colcon_core.event_handler.log_command:Invoked command in '/home/yurs/softleg_ws/build/jumping_experiments' returned '0': PYTHONPATH=/home/yurs/softleg_ws/build/jumping_experiments/prefix_override:/home/yurs/softleg_ws/install/jumping_experiments/lib/python3.10/site-packages:${PYTHONPATH} /usr/bin/python3 -W ignore:setup.py install is deprecated setup.py develop --editable --build-directory /home/yurs/softleg_ws/build/jumping_experiments/build --no-deps symlink_data
[0.838s] INFO:colcon.colcon_core.shell:Creating environment descriptor '/home/yurs/softleg_ws/build/jumping_experiments/share/jumping_experiments/hook/pythonpath_develop.dsv'
[0.838s] INFO:colcon.colcon_core.shell:Creating environment hook '/home/yurs/softleg_ws/build/jumping_experiments/share/jumping_experiments/hook/pythonpath_develop.sh'
[0.838s] Level 1:colcon.colcon_core.environment:checking '/home/yurs/softleg_ws/install/jumping_experiments' for CMake module files
[0.839s] Level 1:colcon.colcon_core.environment:checking '/home/yurs/softleg_ws/install/jumping_experiments' for CMake config files
[0.839s] Level 1:colcon.colcon_core.environment:checking '/home/yurs/softleg_ws/install/jumping_experiments/lib'
[0.839s] Level 1:colcon.colcon_core.environment:checking '/home/yurs/softleg_ws/install/jumping_experiments/bin'
[0.839s] Level 1:colcon.colcon_core.environment:checking '/home/yurs/softleg_ws/install/jumping_experiments/lib/pkgconfig/jumping_experiments.pc'
[0.839s] Level 1:colcon.colcon_core.environment:checking '/home/yurs/softleg_ws/install/jumping_experiments/lib/python3.10/site-packages'
[0.839s] Level 1:colcon.colcon_core.shell:create_environment_hook('jumping_experiments', 'pythonpath')
[0.839s] INFO:colcon.colcon_core.shell:Creating environment hook '/home/yurs/softleg_ws/install/jumping_experiments/share/jumping_experiments/hook/pythonpath.ps1'
[0.839s] INFO:colcon.colcon_core.shell:Creating environment descriptor '/home/yurs/softleg_ws/install/jumping_experiments/share/jumping_experiments/hook/pythonpath.dsv'
[0.840s] INFO:colcon.colcon_core.shell:Creating environment hook '/home/yurs/softleg_ws/install/jumping_experiments/share/jumping_experiments/hook/pythonpath.sh'
[0.840s] Level 1:colcon.colcon_core.environment:checking '/home/yurs/softleg_ws/install/jumping_experiments/bin'
[0.840s] Level 1:colcon.colcon_core.environment:create_environment_scripts_only(jumping_experiments)
[0.840s] INFO:colcon.colcon_core.shell:Creating package script '/home/yurs/softleg_ws/install/jumping_experiments/share/jumping_experiments/package.ps1'
[0.841s] INFO:colcon.colcon_core.shell:Creating package descriptor '/home/yurs/softleg_ws/install/jumping_experiments/share/jumping_experiments/package.dsv'
[0.841s] INFO:colcon.colcon_core.shell:Creating package script '/home/yurs/softleg_ws/install/jumping_experiments/share/jumping_experiments/package.sh'
[0.841s] INFO:colcon.colcon_core.shell:Creating package script '/home/yurs/softleg_ws/install/jumping_experiments/share/jumping_experiments/package.bash'
[0.841s] INFO:colcon.colcon_core.shell:Creating package script '/home/yurs/softleg_ws/install/jumping_experiments/share/jumping_experiments/package.zsh'
[0.842s] Level 1:colcon.colcon_core.environment:create_file_with_runtime_dependencies(/home/yurs/softleg_ws/install/jumping_experiments/share/colcon-core/packages/jumping_experiments)
[0.960s] DEBUG:colcon.colcon_core.event_handler.log_command:Invoking command in '/home/yurs/softleg_ws/build/rlg_quad_controller': AMENT_PREFIX_PATH=/home/yurs/softleg_ws/install/pi3hat_moteus_int_msgs:${AMENT_PREFIX_PATH} CMAKE_PREFIX_PATH=/home/yurs/softleg_ws/install/pi3hat_moteus_int_msgs LD_LIBRARY_PATH=/home/yurs/softleg_ws/install/pi3hat_moteus_int_msgs/lib:${LD_LIBRARY_PATH} PYTHONPATH=/home/yurs/softleg_ws/build/rlg_quad_controller/prefix_override:/home/yurs/softleg_ws/install/rlg_quad_controller/lib/python3.10/site-packages:/home/yurs/softleg_ws/install/pi3hat_moteus_int_msgs/local/lib/python3.10/dist-packages:${PYTHONPATH} /usr/bin/python3 -W ignore:setup.py install is deprecated setup.py develop --editable --build-directory /home/yurs/softleg_ws/build/rlg_quad_controller/build --no-deps symlink_data
[1.176s] Level 1:colcon.colcon_core.shell:create_environment_hook('rlg_quad_controller', 'pythonpath_develop')
[1.176s] INFO:colcon.colcon_core.shell:Creating environment hook '/home/yurs/softleg_ws/build/rlg_quad_controller/share/rlg_quad_controller/hook/pythonpath_develop.ps1'
[1.176s] DEBUG:colcon.colcon_core.event_handler.log_command:Invoked command in '/home/yurs/softleg_ws/build/rlg_quad_controller' returned '0': AMENT_PREFIX_PATH=/home/yurs/softleg_ws/install/pi3hat_moteus_int_msgs:${AMENT_PREFIX_PATH} CMAKE_PREFIX_PATH=/home/yurs/softleg_ws/install/pi3hat_moteus_int_msgs LD_LIBRARY_PATH=/home/yurs/softleg_ws/install/pi3hat_moteus_int_msgs/lib:${LD_LIBRARY_PATH} PYTHONPATH=/home/yurs/softleg_ws/build/rlg_quad_controller/prefix_override:/home/yurs/softleg_ws/install/rlg_quad_controller/lib/python3.10/site-packages:/home/yurs/softleg_ws/install/pi3hat_moteus_int_msgs/local/lib/python3.10/dist-packages:${PYTHONPATH} /usr/bin/python3 -W ignore:setup.py install is deprecated setup.py develop --editable --build-directory /home/yurs/softleg_ws/build/rlg_quad_controller/build --no-deps symlink_data
[1.177s] INFO:colcon.colcon_core.shell:Creating environment descriptor '/home/yurs/softleg_ws/build/rlg_quad_controller/share/rlg_quad_controller/hook/pythonpath_develop.dsv'
[1.177s] INFO:colcon.colcon_core.shell:Creating environment hook '/home/yurs/softleg_ws/build/rlg_quad_controller/share/rlg_quad_controller/hook/pythonpath_develop.sh'
[1.177s] Level 1:colcon.colcon_core.environment:checking '/home/yurs/softleg_ws/install/rlg_quad_controller' for CMake module files
[1.177s] Level 1:colcon.colcon_core.environment:checking '/home/yurs/softleg_ws/install/rlg_quad_controller' for CMake config files
[1.178s] Level 1:colcon.colcon_core.environment:checking '/home/yurs/softleg_ws/install/rlg_quad_controller/lib'
[1.178s] Level 1:colcon.colcon_core.environment:checking '/home/yurs/softleg_ws/install/rlg_quad_controller/bin'
[1.178s] Level 1:colcon.colcon_core.environment:checking '/home/yurs/softleg_ws/install/rlg_quad_controller/lib/pkgconfig/rlg_quad_controller.pc'
[1.178s] Level 1:colcon.colcon_core.environment:checking '/home/yurs/softleg_ws/install/rlg_quad_controller/lib/python3.10/site-packages'
[1.178s] Level 1:colcon.colcon_core.shell:create_environment_hook('rlg_quad_controller', 'pythonpath')
[1.178s] INFO:colcon.colcon_core.shell:Creating environment hook '/home/yurs/softleg_ws/install/rlg_quad_controller/share/rlg_quad_controller/hook/pythonpath.ps1'
[1.178s] INFO:colcon.colcon_core.shell:Creating environment descriptor '/home/yurs/softleg_ws/install/rlg_quad_controller/share/rlg_quad_controller/hook/pythonpath.dsv'
[1.178s] INFO:colcon.colcon_core.shell:Creating environment hook '/home/yurs/softleg_ws/install/rlg_quad_controller/share/rlg_quad_controller/hook/pythonpath.sh'
[1.179s] Level 1:colcon.colcon_core.environment:checking '/home/yurs/softleg_ws/install/rlg_quad_controller/bin'
[1.179s] Level 1:colcon.colcon_core.environment:create_environment_scripts_only(rlg_quad_controller)
[1.179s] INFO:colcon.colcon_core.shell:Creating package script '/home/yurs/softleg_ws/install/rlg_quad_controller/share/rlg_quad_controller/package.ps1'
[1.179s] INFO:colcon.colcon_core.shell:Creating package descriptor '/home/yurs/softleg_ws/install/rlg_quad_controller/share/rlg_quad_controller/package.dsv'
[1.180s] INFO:colcon.colcon_core.shell:Creating package script '/home/yurs/softleg_ws/install/rlg_quad_controller/share/rlg_quad_controller/package.sh'
[1.180s] INFO:colcon.colcon_core.shell:Creating package script '/home/yurs/softleg_ws/install/rlg_quad_controller/share/rlg_quad_controller/package.bash'
[1.180s] INFO:colcon.colcon_core.shell:Creating package script '/home/yurs/softleg_ws/install/rlg_quad_controller/share/rlg_quad_controller/package.zsh'
[1.180s] Level 1:colcon.colcon_core.environment:create_file_with_runtime_dependencies(/home/yurs/softleg_ws/install/rlg_quad_controller/share/colcon-core/packages/rlg_quad_controller)
[1.180s] DEBUG:colcon.colcon_parallel_executor.executor.parallel:closing loop
[1.180s] DEBUG:colcon.colcon_parallel_executor.executor.parallel:loop closed
[1.180s] DEBUG:colcon.colcon_parallel_executor.executor.parallel:run_until_complete finished with '0'
[1.181s] DEBUG:colcon.colcon_core.event_reactor:joining thread
[1.185s] INFO:colcon.colcon_core.plugin_system:Skipping extension 'colcon_notification.desktop_notification.notify_send': Could not find 'notify-send'
[1.185s] INFO:colcon.colcon_core.plugin_system:Skipping extension 'colcon_notification.desktop_notification.terminal_notifier': Not used on non-Darwin systems
[1.185s] INFO:colcon.colcon_core.plugin_system:Skipping extension 'colcon_notification.desktop_notification.win32': Not used on non-Windows systems
[1.185s] INFO:colcon.colcon_notification.desktop_notification:Sending desktop notification using 'notify2'
[1.187s] DEBUG:colcon.colcon_notification.desktop_notification.notify2:Failed to initialize notify2: org.freedesktop.DBus.Error.Spawn.ExecFailed: /usr/bin/dbus-launch terminated abnormally without any error message
[1.188s] DEBUG:colcon.colcon_core.event_reactor:joined thread
[1.188s] INFO:colcon.colcon_core.shell:Creating prefix script '/home/yurs/softleg_ws/install/local_setup.ps1'
[1.189s] INFO:colcon.colcon_core.shell:Creating prefix util module '/home/yurs/softleg_ws/install/_local_setup_util_ps1.py'
[1.190s] INFO:colcon.colcon_core.shell:Creating prefix chain script '/home/yurs/softleg_ws/install/setup.ps1'
[1.191s] INFO:colcon.colcon_core.shell:Creating prefix script '/home/yurs/softleg_ws/install/local_setup.sh'
[1.191s] INFO:colcon.colcon_core.shell:Creating prefix util module '/home/yurs/softleg_ws/install/_local_setup_util_sh.py'
[1.191s] INFO:colcon.colcon_core.shell:Creating prefix chain script '/home/yurs/softleg_ws/install/setup.sh'
[1.192s] INFO:colcon.colcon_core.shell:Creating prefix script '/home/yurs/softleg_ws/install/local_setup.bash'
[1.192s] INFO:colcon.colcon_core.shell:Creating prefix chain script '/home/yurs/softleg_ws/install/setup.bash'
[1.193s] INFO:colcon.colcon_core.shell:Creating prefix script '/home/yurs/softleg_ws/install/local_setup.zsh'
[1.193s] INFO:colcon.colcon_core.shell:Creating prefix chain script '/home/yurs/softleg_ws/install/setup.zsh'
