running develop
running egg_info
creating rlg_quad_controller.egg-info
writing rlg_quad_controller.egg-info/PKG-INFO
writing dependency_links to rlg_quad_controller.egg-info/dependency_links.txt
writing entry points to rlg_quad_controller.egg-info/entry_points.txt
writing requirements to rlg_quad_controller.egg-info/requires.txt
writing top-level names to rlg_quad_controller.egg-info/top_level.txt
writing manifest file 'rlg_quad_controller.egg-info/SOURCES.txt'
reading manifest file 'rlg_quad_controller.egg-info/SOURCES.txt'
writing manifest file 'rlg_quad_controller.egg-info/SOURCES.txt'
running build_ext
Creating /home/yurs/softleg_ws/install/rlg_quad_controller/lib/python3.10/site-packages/rlg-quad-controller.egg-link (link to .)
Installing inference_controller script to /home/yurs/softleg_ws/install/rlg_quad_controller/lib/rlg_quad_controller

Installed /home/yurs/softleg_ws/build/rlg_quad_controller
running symlink_data
creating /home/yurs/softleg_ws/install/rlg_quad_controller/share/ament_index
creating /home/yurs/softleg_ws/install/rlg_quad_controller/share/ament_index/resource_index
creating /home/yurs/softleg_ws/install/rlg_quad_controller/share/ament_index/resource_index/packages
symbolically linking /home/yurs/softleg_ws/build/rlg_quad_controller/resource/rlg_quad_controller -> /home/yurs/softleg_ws/install/rlg_quad_controller/share/ament_index/resource_index/packages
symbolically linking /home/yurs/softleg_ws/build/rlg_quad_controller/package.xml -> /home/yurs/softleg_ws/install/rlg_quad_controller/share/rlg_quad_controller
creating /home/yurs/softleg_ws/install/rlg_quad_controller/share/rlg_quad_controller/launch
symbolically linking /home/yurs/softleg_ws/build/rlg_quad_controller/launch/softleg_inference.launch.py -> /home/yurs/softleg_ws/install/rlg_quad_controller/share/rlg_quad_controller/launch
symbolically linking /home/yurs/softleg_ws/build/rlg_quad_controller/launch/softleg_simulation.launch.py -> /home/yurs/softleg_ws/install/rlg_quad_controller/share/rlg_quad_controller/launch
creating /home/yurs/softleg_ws/install/rlg_quad_controller/share/rlg_quad_controller/config
symbolically linking /home/yurs/softleg_ws/build/rlg_quad_controller/config/softleg_config.yaml -> /home/yurs/softleg_ws/install/rlg_quad_controller/share/rlg_quad_controller/config
symbolically linking /home/yurs/softleg_ws/build/rlg_quad_controller/config/softleg_simulation_config.yaml -> /home/yurs/softleg_ws/install/rlg_quad_controller/share/rlg_quad_controller/config
creating /home/yurs/softleg_ws/install/rlg_quad_controller/share/rlg_quad_controller/models
symbolically linking /home/yurs/softleg_ws/build/rlg_quad_controller/models/SoftlegJump040_target13/SoftlegJump040_target13.pth -> /home/yurs/softleg_ws/install/rlg_quad_controller/share/rlg_quad_controller/models
symbolically linking /home/yurs/softleg_ws/build/rlg_quad_controller/models/SoftlegJump040_target13/config.yaml -> /home/yurs/softleg_ws/install/rlg_quad_controller/share/rlg_quad_controller/models
