[0.064s] DEBUG:colcon:Command line arguments: ['/usr/bin/colcon', 'build', '--symlink-install']
[0.064s] DEBUG:colcon:Parsed command line arguments: Namespace(log_base=None, log_level=None, verb_name='build', build_base='build', install_base='install', merge_install=False, symlink_install=True, test_result_base=None, continue_on_error=False, executor='parallel', parallel_workers=8, event_handlers=None, ignore_user_meta=False, metas=['./colcon.meta'], base_paths=['.'], packages_ignore=None, packages_ignore_regex=None, paths=None, packages_up_to=None, packages_up_to_regex=None, packages_above=None, packages_above_and_dependencies=None, packages_above_depth=None, packages_select_by_dep=None, packages_skip_by_dep=None, packages_skip_up_to=None, packages_select_build_failed=False, packages_skip_build_finished=False, packages_select_test_failures=False, packages_skip_test_passed=False, packages_select=None, packages_skip=None, packages_select_regex=None, packages_skip_regex=None, packages_start=None, packages_end=None, cmake_args=None, cmake_target=None, cmake_target_skip_unavailable=False, cmake_clean_cache=False, cmake_clean_first=False, cmake_force_configure=False, ament_cmake_args=None, catkin_cmake_args=None, catkin_skip_building_tests=False, mixin_files=None, mixin=None, verb_parser=<colcon_mixin.mixin.mixin_argument.MixinArgumentDecorator object at 0x7e9644c23a90>, verb_extension=<colcon_core.verb.build.BuildVerb object at 0x7e9644b6c5e0>, main=<bound method BuildVerb.main of <colcon_core.verb.build.BuildVerb object at 0x7e9644b6c5e0>>, mixin_verb=('build',))
[0.140s] Level 1:colcon.colcon_core.package_discovery:discover_packages(colcon_meta) check parameters
[0.140s] Level 1:colcon.colcon_core.package_discovery:discover_packages(recursive) check parameters
[0.140s] Level 1:colcon.colcon_core.package_discovery:discover_packages(ignore) check parameters
[0.140s] Level 1:colcon.colcon_core.package_discovery:discover_packages(path) check parameters
[0.140s] Level 1:colcon.colcon_core.package_discovery:discover_packages(colcon_meta) discover
[0.140s] Level 1:colcon.colcon_core.package_discovery:discover_packages(recursive) discover
[0.141s] INFO:colcon.colcon_core.package_discovery:Crawling recursively for packages in '/home/yurs/softleg_ws'
[0.141s] Level 1:colcon.colcon_core.package_identification:_identify(.) by extensions ['ignore', 'ignore_ament_install']
[0.141s] Level 1:colcon.colcon_core.package_identification:_identify(.) by extension 'ignore'
[0.141s] Level 1:colcon.colcon_core.package_identification:_identify(.) by extension 'ignore_ament_install'
[0.141s] Level 1:colcon.colcon_core.package_identification:_identify(.) by extensions ['colcon_pkg']
[0.141s] Level 1:colcon.colcon_core.package_identification:_identify(.) by extension 'colcon_pkg'
[0.141s] Level 1:colcon.colcon_core.package_identification:_identify(.) by extensions ['colcon_meta']
[0.141s] Level 1:colcon.colcon_core.package_identification:_identify(.) by extension 'colcon_meta'
[0.141s] Level 1:colcon.colcon_core.package_identification:_identify(.) by extensions ['ros']
[0.141s] Level 1:colcon.colcon_core.package_identification:_identify(.) by extension 'ros'
[0.148s] Level 1:colcon.colcon_core.package_identification:_identify(.) by extensions ['cmake', 'python']
[0.148s] Level 1:colcon.colcon_core.package_identification:_identify(.) by extension 'cmake'
[0.148s] Level 1:colcon.colcon_core.package_identification:_identify(.) by extension 'python'
[0.148s] Level 1:colcon.colcon_core.package_identification:_identify(.) by extensions ['python_setup_py']
[0.148s] Level 1:colcon.colcon_core.package_identification:_identify(.) by extension 'python_setup_py'
[0.149s] Level 1:colcon.colcon_core.package_identification:_identify(build) by extensions ['ignore', 'ignore_ament_install']
[0.149s] Level 1:colcon.colcon_core.package_identification:_identify(build) by extension 'ignore'
[0.149s] Level 1:colcon.colcon_core.package_identification:_identify(build) ignored
[0.149s] Level 1:colcon.colcon_core.package_identification:_identify(install) by extensions ['ignore', 'ignore_ament_install']
[0.149s] Level 1:colcon.colcon_core.package_identification:_identify(install) by extension 'ignore'
[0.149s] Level 1:colcon.colcon_core.package_identification:_identify(install) ignored
[0.149s] Level 1:colcon.colcon_core.package_identification:_identify(log) by extensions ['ignore', 'ignore_ament_install']
[0.149s] Level 1:colcon.colcon_core.package_identification:_identify(log) by extension 'ignore'
[0.149s] Level 1:colcon.colcon_core.package_identification:_identify(log) ignored
[0.149s] Level 1:colcon.colcon_core.package_identification:_identify(src) by extensions ['ignore', 'ignore_ament_install']
[0.149s] Level 1:colcon.colcon_core.package_identification:_identify(src) by extension 'ignore'
[0.149s] Level 1:colcon.colcon_core.package_identification:_identify(src) by extension 'ignore_ament_install'
[0.149s] Level 1:colcon.colcon_core.package_identification:_identify(src) by extensions ['colcon_pkg']
[0.149s] Level 1:colcon.colcon_core.package_identification:_identify(src) by extension 'colcon_pkg'
[0.149s] Level 1:colcon.colcon_core.package_identification:_identify(src) by extensions ['colcon_meta']
[0.149s] Level 1:colcon.colcon_core.package_identification:_identify(src) by extension 'colcon_meta'
[0.149s] Level 1:colcon.colcon_core.package_identification:_identify(src) by extensions ['ros']
[0.149s] Level 1:colcon.colcon_core.package_identification:_identify(src) by extension 'ros'
[0.150s] Level 1:colcon.colcon_core.package_identification:_identify(src) by extensions ['cmake', 'python']
[0.150s] Level 1:colcon.colcon_core.package_identification:_identify(src) by extension 'cmake'
[0.150s] Level 1:colcon.colcon_core.package_identification:_identify(src) by extension 'python'
[0.150s] Level 1:colcon.colcon_core.package_identification:_identify(src) by extensions ['python_setup_py']
[0.150s] Level 1:colcon.colcon_core.package_identification:_identify(src) by extension 'python_setup_py'
[0.150s] Level 1:colcon.colcon_core.package_identification:_identify(src/jumping_experiments) by extensions ['ignore', 'ignore_ament_install']
[0.150s] Level 1:colcon.colcon_core.package_identification:_identify(src/jumping_experiments) by extension 'ignore'
[0.150s] Level 1:colcon.colcon_core.package_identification:_identify(src/jumping_experiments) by extension 'ignore_ament_install'
[0.150s] Level 1:colcon.colcon_core.package_identification:_identify(src/jumping_experiments) by extensions ['colcon_pkg']
[0.150s] Level 1:colcon.colcon_core.package_identification:_identify(src/jumping_experiments) by extension 'colcon_pkg'
[0.150s] Level 1:colcon.colcon_core.package_identification:_identify(src/jumping_experiments) by extensions ['colcon_meta']
[0.150s] Level 1:colcon.colcon_core.package_identification:_identify(src/jumping_experiments) by extension 'colcon_meta'
[0.150s] Level 1:colcon.colcon_core.package_identification:_identify(src/jumping_experiments) by extensions ['ros']
[0.150s] Level 1:colcon.colcon_core.package_identification:_identify(src/jumping_experiments) by extension 'ros'
[0.152s] DEBUG:colcon.colcon_core.package_identification:Package 'src/jumping_experiments' with type 'ros.ament_python' and name 'jumping_experiments'
[0.152s] Level 1:colcon.colcon_core.package_identification:_identify(src/pi3hat_moteus_int_msgs) by extensions ['ignore', 'ignore_ament_install']
[0.152s] Level 1:colcon.colcon_core.package_identification:_identify(src/pi3hat_moteus_int_msgs) by extension 'ignore'
[0.152s] Level 1:colcon.colcon_core.package_identification:_identify(src/pi3hat_moteus_int_msgs) by extension 'ignore_ament_install'
[0.152s] Level 1:colcon.colcon_core.package_identification:_identify(src/pi3hat_moteus_int_msgs) by extensions ['colcon_pkg']
[0.152s] Level 1:colcon.colcon_core.package_identification:_identify(src/pi3hat_moteus_int_msgs) by extension 'colcon_pkg'
[0.152s] Level 1:colcon.colcon_core.package_identification:_identify(src/pi3hat_moteus_int_msgs) by extensions ['colcon_meta']
[0.152s] Level 1:colcon.colcon_core.package_identification:_identify(src/pi3hat_moteus_int_msgs) by extension 'colcon_meta'
[0.152s] Level 1:colcon.colcon_core.package_identification:_identify(src/pi3hat_moteus_int_msgs) by extensions ['ros']
[0.152s] Level 1:colcon.colcon_core.package_identification:_identify(src/pi3hat_moteus_int_msgs) by extension 'ros'
[0.152s] DEBUG:colcon.colcon_core.package_identification:Package 'src/pi3hat_moteus_int_msgs' with type 'ros.ament_cmake' and name 'pi3hat_moteus_int_msgs'
[0.152s] Level 1:colcon.colcon_core.package_identification:_identify(src/rbt_pd_cnt) by extensions ['ignore', 'ignore_ament_install']
[0.153s] Level 1:colcon.colcon_core.package_identification:_identify(src/rbt_pd_cnt) by extension 'ignore'
[0.153s] Level 1:colcon.colcon_core.package_identification:_identify(src/rbt_pd_cnt) by extension 'ignore_ament_install'
[0.153s] Level 1:colcon.colcon_core.package_identification:_identify(src/rbt_pd_cnt) by extensions ['colcon_pkg']
[0.153s] Level 1:colcon.colcon_core.package_identification:_identify(src/rbt_pd_cnt) by extension 'colcon_pkg'
[0.153s] Level 1:colcon.colcon_core.package_identification:_identify(src/rbt_pd_cnt) by extensions ['colcon_meta']
[0.153s] Level 1:colcon.colcon_core.package_identification:_identify(src/rbt_pd_cnt) by extension 'colcon_meta'
[0.153s] Level 1:colcon.colcon_core.package_identification:_identify(src/rbt_pd_cnt) by extensions ['ros']
[0.153s] Level 1:colcon.colcon_core.package_identification:_identify(src/rbt_pd_cnt) by extension 'ros'
[0.153s] DEBUG:colcon.colcon_core.package_identification:Package 'src/rbt_pd_cnt' with type 'ros.ament_cmake' and name 'rbt_pd_cnt'
[0.153s] Level 1:colcon.colcon_core.package_identification:_identify(src/rlg_quad_controller) by extensions ['ignore', 'ignore_ament_install']
[0.154s] Level 1:colcon.colcon_core.package_identification:_identify(src/rlg_quad_controller) by extension 'ignore'
[0.154s] Level 1:colcon.colcon_core.package_identification:_identify(src/rlg_quad_controller) by extension 'ignore_ament_install'
[0.154s] Level 1:colcon.colcon_core.package_identification:_identify(src/rlg_quad_controller) by extensions ['colcon_pkg']
[0.154s] Level 1:colcon.colcon_core.package_identification:_identify(src/rlg_quad_controller) by extension 'colcon_pkg'
[0.154s] Level 1:colcon.colcon_core.package_identification:_identify(src/rlg_quad_controller) by extensions ['colcon_meta']
[0.154s] Level 1:colcon.colcon_core.package_identification:_identify(src/rlg_quad_controller) by extension 'colcon_meta'
[0.154s] Level 1:colcon.colcon_core.package_identification:_identify(src/rlg_quad_controller) by extensions ['ros']
[0.154s] Level 1:colcon.colcon_core.package_identification:_identify(src/rlg_quad_controller) by extension 'ros'
[0.154s] DEBUG:colcon.colcon_core.package_identification:Package 'src/rlg_quad_controller' with type 'ros.ament_python' and name 'rlg_quad_controller'
[0.154s] Level 1:colcon.colcon_core.package_identification:_identify(src/softleg_description) by extensions ['ignore', 'ignore_ament_install']
[0.154s] Level 1:colcon.colcon_core.package_identification:_identify(src/softleg_description) by extension 'ignore'
[0.154s] Level 1:colcon.colcon_core.package_identification:_identify(src/softleg_description) by extension 'ignore_ament_install'
[0.154s] Level 1:colcon.colcon_core.package_identification:_identify(src/softleg_description) by extensions ['colcon_pkg']
[0.154s] Level 1:colcon.colcon_core.package_identification:_identify(src/softleg_description) by extension 'colcon_pkg'
[0.154s] Level 1:colcon.colcon_core.package_identification:_identify(src/softleg_description) by extensions ['colcon_meta']
[0.154s] Level 1:colcon.colcon_core.package_identification:_identify(src/softleg_description) by extension 'colcon_meta'
[0.154s] Level 1:colcon.colcon_core.package_identification:_identify(src/softleg_description) by extensions ['ros']
[0.155s] Level 1:colcon.colcon_core.package_identification:_identify(src/softleg_description) by extension 'ros'
[0.155s] DEBUG:colcon.colcon_core.package_identification:Package 'src/softleg_description' with type 'ros.ament_cmake' and name 'softleg_description'
[0.156s] Level 1:colcon.colcon_core.package_identification:_identify(src/softleg_gazebo) by extensions ['ignore', 'ignore_ament_install']
[0.156s] Level 1:colcon.colcon_core.package_identification:_identify(src/softleg_gazebo) by extension 'ignore'
[0.156s] Level 1:colcon.colcon_core.package_identification:_identify(src/softleg_gazebo) by extension 'ignore_ament_install'
[0.156s] Level 1:colcon.colcon_core.package_identification:_identify(src/softleg_gazebo) by extensions ['colcon_pkg']
[0.156s] Level 1:colcon.colcon_core.package_identification:_identify(src/softleg_gazebo) by extension 'colcon_pkg'
[0.156s] Level 1:colcon.colcon_core.package_identification:_identify(src/softleg_gazebo) by extensions ['colcon_meta']
[0.156s] Level 1:colcon.colcon_core.package_identification:_identify(src/softleg_gazebo) by extension 'colcon_meta'
[0.156s] Level 1:colcon.colcon_core.package_identification:_identify(src/softleg_gazebo) by extensions ['ros']
[0.156s] Level 1:colcon.colcon_core.package_identification:_identify(src/softleg_gazebo) by extension 'ros'
[0.156s] DEBUG:colcon.colcon_core.package_identification:Package 'src/softleg_gazebo' with type 'ros.ament_cmake' and name 'softleg_gazebo'
[0.156s] Level 1:colcon.colcon_core.package_discovery:discover_packages(recursive) using defaults
[0.156s] Level 1:colcon.colcon_core.package_discovery:discover_packages(ignore) discover
[0.156s] Level 1:colcon.colcon_core.package_discovery:discover_packages(ignore) using defaults
[0.156s] Level 1:colcon.colcon_core.package_discovery:discover_packages(path) discover
[0.156s] Level 1:colcon.colcon_core.package_discovery:discover_packages(path) using defaults
[0.169s] Level 5:colcon.colcon_core.verb:set package 'jumping_experiments' build argument 'cmake_args' from command line to 'None'
[0.169s] Level 5:colcon.colcon_core.verb:set package 'jumping_experiments' build argument 'cmake_target' from command line to 'None'
[0.169s] Level 5:colcon.colcon_core.verb:set package 'jumping_experiments' build argument 'cmake_target_skip_unavailable' from command line to 'False'
[0.169s] Level 5:colcon.colcon_core.verb:set package 'jumping_experiments' build argument 'cmake_clean_cache' from command line to 'False'
[0.169s] Level 5:colcon.colcon_core.verb:set package 'jumping_experiments' build argument 'cmake_clean_first' from command line to 'False'
[0.169s] Level 5:colcon.colcon_core.verb:set package 'jumping_experiments' build argument 'cmake_force_configure' from command line to 'False'
[0.169s] Level 5:colcon.colcon_core.verb:set package 'jumping_experiments' build argument 'ament_cmake_args' from command line to 'None'
[0.169s] Level 5:colcon.colcon_core.verb:set package 'jumping_experiments' build argument 'catkin_cmake_args' from command line to 'None'
[0.169s] Level 5:colcon.colcon_core.verb:set package 'jumping_experiments' build argument 'catkin_skip_building_tests' from command line to 'False'
[0.169s] DEBUG:colcon.colcon_core.verb:Building package 'jumping_experiments' with the following arguments: {'ament_cmake_args': None, 'build_base': '/home/yurs/softleg_ws/build/jumping_experiments', 'catkin_cmake_args': None, 'catkin_skip_building_tests': False, 'cmake_args': None, 'cmake_clean_cache': False, 'cmake_clean_first': False, 'cmake_force_configure': False, 'cmake_target': None, 'cmake_target_skip_unavailable': False, 'install_base': '/home/yurs/softleg_ws/install/jumping_experiments', 'merge_install': False, 'path': '/home/yurs/softleg_ws/src/jumping_experiments', 'symlink_install': True, 'test_result_base': None}
[0.170s] Level 5:colcon.colcon_core.verb:set package 'pi3hat_moteus_int_msgs' build argument 'cmake_args' from command line to 'None'
[0.170s] Level 5:colcon.colcon_core.verb:set package 'pi3hat_moteus_int_msgs' build argument 'cmake_target' from command line to 'None'
[0.170s] Level 5:colcon.colcon_core.verb:set package 'pi3hat_moteus_int_msgs' build argument 'cmake_target_skip_unavailable' from command line to 'False'
[0.170s] Level 5:colcon.colcon_core.verb:set package 'pi3hat_moteus_int_msgs' build argument 'cmake_clean_cache' from command line to 'False'
[0.170s] Level 5:colcon.colcon_core.verb:set package 'pi3hat_moteus_int_msgs' build argument 'cmake_clean_first' from command line to 'False'
[0.170s] Level 5:colcon.colcon_core.verb:set package 'pi3hat_moteus_int_msgs' build argument 'cmake_force_configure' from command line to 'False'
[0.170s] Level 5:colcon.colcon_core.verb:set package 'pi3hat_moteus_int_msgs' build argument 'ament_cmake_args' from command line to 'None'
[0.170s] Level 5:colcon.colcon_core.verb:set package 'pi3hat_moteus_int_msgs' build argument 'catkin_cmake_args' from command line to 'None'
[0.170s] Level 5:colcon.colcon_core.verb:set package 'pi3hat_moteus_int_msgs' build argument 'catkin_skip_building_tests' from command line to 'False'
[0.170s] DEBUG:colcon.colcon_core.verb:Building package 'pi3hat_moteus_int_msgs' with the following arguments: {'ament_cmake_args': None, 'build_base': '/home/yurs/softleg_ws/build/pi3hat_moteus_int_msgs', 'catkin_cmake_args': None, 'catkin_skip_building_tests': False, 'cmake_args': None, 'cmake_clean_cache': False, 'cmake_clean_first': False, 'cmake_force_configure': False, 'cmake_target': None, 'cmake_target_skip_unavailable': False, 'install_base': '/home/yurs/softleg_ws/install/pi3hat_moteus_int_msgs', 'merge_install': False, 'path': '/home/yurs/softleg_ws/src/pi3hat_moteus_int_msgs', 'symlink_install': True, 'test_result_base': None}
[0.170s] Level 5:colcon.colcon_core.verb:set package 'rbt_pd_cnt' build argument 'cmake_args' from command line to 'None'
[0.170s] Level 5:colcon.colcon_core.verb:set package 'rbt_pd_cnt' build argument 'cmake_target' from command line to 'None'
[0.170s] Level 5:colcon.colcon_core.verb:set package 'rbt_pd_cnt' build argument 'cmake_target_skip_unavailable' from command line to 'False'
[0.170s] Level 5:colcon.colcon_core.verb:set package 'rbt_pd_cnt' build argument 'cmake_clean_cache' from command line to 'False'
[0.170s] Level 5:colcon.colcon_core.verb:set package 'rbt_pd_cnt' build argument 'cmake_clean_first' from command line to 'False'
[0.170s] Level 5:colcon.colcon_core.verb:set package 'rbt_pd_cnt' build argument 'cmake_force_configure' from command line to 'False'
[0.170s] Level 5:colcon.colcon_core.verb:set package 'rbt_pd_cnt' build argument 'ament_cmake_args' from command line to 'None'
[0.170s] Level 5:colcon.colcon_core.verb:set package 'rbt_pd_cnt' build argument 'catkin_cmake_args' from command line to 'None'
[0.170s] Level 5:colcon.colcon_core.verb:set package 'rbt_pd_cnt' build argument 'catkin_skip_building_tests' from command line to 'False'
[0.170s] DEBUG:colcon.colcon_core.verb:Building package 'rbt_pd_cnt' with the following arguments: {'ament_cmake_args': None, 'build_base': '/home/yurs/softleg_ws/build/rbt_pd_cnt', 'catkin_cmake_args': None, 'catkin_skip_building_tests': False, 'cmake_args': None, 'cmake_clean_cache': False, 'cmake_clean_first': False, 'cmake_force_configure': False, 'cmake_target': None, 'cmake_target_skip_unavailable': False, 'install_base': '/home/yurs/softleg_ws/install/rbt_pd_cnt', 'merge_install': False, 'path': '/home/yurs/softleg_ws/src/rbt_pd_cnt', 'symlink_install': True, 'test_result_base': None}
[0.170s] Level 5:colcon.colcon_core.verb:set package 'softleg_description' build argument 'cmake_args' from command line to 'None'
[0.170s] Level 5:colcon.colcon_core.verb:set package 'softleg_description' build argument 'cmake_target' from command line to 'None'
[0.170s] Level 5:colcon.colcon_core.verb:set package 'softleg_description' build argument 'cmake_target_skip_unavailable' from command line to 'False'
[0.170s] Level 5:colcon.colcon_core.verb:set package 'softleg_description' build argument 'cmake_clean_cache' from command line to 'False'
[0.170s] Level 5:colcon.colcon_core.verb:set package 'softleg_description' build argument 'cmake_clean_first' from command line to 'False'
[0.170s] Level 5:colcon.colcon_core.verb:set package 'softleg_description' build argument 'cmake_force_configure' from command line to 'False'
[0.170s] Level 5:colcon.colcon_core.verb:set package 'softleg_description' build argument 'ament_cmake_args' from command line to 'None'
[0.170s] Level 5:colcon.colcon_core.verb:set package 'softleg_description' build argument 'catkin_cmake_args' from command line to 'None'
[0.170s] Level 5:colcon.colcon_core.verb:set package 'softleg_description' build argument 'catkin_skip_building_tests' from command line to 'False'
[0.170s] DEBUG:colcon.colcon_core.verb:Building package 'softleg_description' with the following arguments: {'ament_cmake_args': None, 'build_base': '/home/yurs/softleg_ws/build/softleg_description', 'catkin_cmake_args': None, 'catkin_skip_building_tests': False, 'cmake_args': None, 'cmake_clean_cache': False, 'cmake_clean_first': False, 'cmake_force_configure': False, 'cmake_target': None, 'cmake_target_skip_unavailable': False, 'install_base': '/home/yurs/softleg_ws/install/softleg_description', 'merge_install': False, 'path': '/home/yurs/softleg_ws/src/softleg_description', 'symlink_install': True, 'test_result_base': None}
[0.171s] Level 5:colcon.colcon_core.verb:set package 'rlg_quad_controller' build argument 'cmake_args' from command line to 'None'
[0.171s] Level 5:colcon.colcon_core.verb:set package 'rlg_quad_controller' build argument 'cmake_target' from command line to 'None'
[0.171s] Level 5:colcon.colcon_core.verb:set package 'rlg_quad_controller' build argument 'cmake_target_skip_unavailable' from command line to 'False'
[0.171s] Level 5:colcon.colcon_core.verb:set package 'rlg_quad_controller' build argument 'cmake_clean_cache' from command line to 'False'
[0.171s] Level 5:colcon.colcon_core.verb:set package 'rlg_quad_controller' build argument 'cmake_clean_first' from command line to 'False'
[0.171s] Level 5:colcon.colcon_core.verb:set package 'rlg_quad_controller' build argument 'cmake_force_configure' from command line to 'False'
[0.171s] Level 5:colcon.colcon_core.verb:set package 'rlg_quad_controller' build argument 'ament_cmake_args' from command line to 'None'
[0.171s] Level 5:colcon.colcon_core.verb:set package 'rlg_quad_controller' build argument 'catkin_cmake_args' from command line to 'None'
[0.171s] Level 5:colcon.colcon_core.verb:set package 'rlg_quad_controller' build argument 'catkin_skip_building_tests' from command line to 'False'
[0.171s] DEBUG:colcon.colcon_core.verb:Building package 'rlg_quad_controller' with the following arguments: {'ament_cmake_args': None, 'build_base': '/home/yurs/softleg_ws/build/rlg_quad_controller', 'catkin_cmake_args': None, 'catkin_skip_building_tests': False, 'cmake_args': None, 'cmake_clean_cache': False, 'cmake_clean_first': False, 'cmake_force_configure': False, 'cmake_target': None, 'cmake_target_skip_unavailable': False, 'install_base': '/home/yurs/softleg_ws/install/rlg_quad_controller', 'merge_install': False, 'path': '/home/yurs/softleg_ws/src/rlg_quad_controller', 'symlink_install': True, 'test_result_base': None}
[0.171s] Level 5:colcon.colcon_core.verb:set package 'softleg_gazebo' build argument 'cmake_args' from command line to 'None'
[0.171s] Level 5:colcon.colcon_core.verb:set package 'softleg_gazebo' build argument 'cmake_target' from command line to 'None'
[0.171s] Level 5:colcon.colcon_core.verb:set package 'softleg_gazebo' build argument 'cmake_target_skip_unavailable' from command line to 'False'
[0.171s] Level 5:colcon.colcon_core.verb:set package 'softleg_gazebo' build argument 'cmake_clean_cache' from command line to 'False'
[0.171s] Level 5:colcon.colcon_core.verb:set package 'softleg_gazebo' build argument 'cmake_clean_first' from command line to 'False'
[0.171s] Level 5:colcon.colcon_core.verb:set package 'softleg_gazebo' build argument 'cmake_force_configure' from command line to 'False'
[0.171s] Level 5:colcon.colcon_core.verb:set package 'softleg_gazebo' build argument 'ament_cmake_args' from command line to 'None'
[0.171s] Level 5:colcon.colcon_core.verb:set package 'softleg_gazebo' build argument 'catkin_cmake_args' from command line to 'None'
[0.171s] Level 5:colcon.colcon_core.verb:set package 'softleg_gazebo' build argument 'catkin_skip_building_tests' from command line to 'False'
[0.171s] DEBUG:colcon.colcon_core.verb:Building package 'softleg_gazebo' with the following arguments: {'ament_cmake_args': None, 'build_base': '/home/yurs/softleg_ws/build/softleg_gazebo', 'catkin_cmake_args': None, 'catkin_skip_building_tests': False, 'cmake_args': None, 'cmake_clean_cache': False, 'cmake_clean_first': False, 'cmake_force_configure': False, 'cmake_target': None, 'cmake_target_skip_unavailable': False, 'install_base': '/home/yurs/softleg_ws/install/softleg_gazebo', 'merge_install': False, 'path': '/home/yurs/softleg_ws/src/softleg_gazebo', 'symlink_install': True, 'test_result_base': None}
[0.171s] INFO:colcon.colcon_core.executor:Executing jobs using 'parallel' executor
[0.172s] DEBUG:colcon.colcon_parallel_executor.executor.parallel:run_until_complete
[0.172s] INFO:colcon.colcon_ros.task.ament_cmake.build:Building ROS package in '/home/yurs/softleg_ws/src/pi3hat_moteus_int_msgs' with build type 'ament_cmake'
[0.172s] INFO:colcon.colcon_cmake.task.cmake.build:Building CMake package in '/home/yurs/softleg_ws/src/pi3hat_moteus_int_msgs'
[0.174s] INFO:colcon.colcon_core.plugin_system:Skipping extension 'colcon_core.shell.bat': Not used on non-Windows systems
[0.174s] INFO:colcon.colcon_core.shell:Skip shell extension 'powershell' for command environment: Not usable outside of PowerShell
[0.174s] DEBUG:colcon.colcon_core.shell:Skip shell extension 'dsv' for command environment
[0.177s] INFO:colcon.colcon_ros.task.ament_cmake.build:Building ROS package in '/home/yurs/softleg_ws/src/softleg_description' with build type 'ament_cmake'
[0.177s] INFO:colcon.colcon_cmake.task.cmake.build:Building CMake package in '/home/yurs/softleg_ws/src/softleg_description'
[0.177s] INFO:colcon.colcon_core.shell:Skip shell extension 'powershell' for command environment: Not usable outside of PowerShell
[0.177s] DEBUG:colcon.colcon_core.shell:Skip shell extension 'dsv' for command environment
[0.179s] INFO:colcon.colcon_ros.task.ament_python.build:Building ROS package in '/home/yurs/softleg_ws/src/jumping_experiments' with build type 'ament_python'
[0.179s] Level 1:colcon.colcon_core.shell:create_environment_hook('jumping_experiments', 'ament_prefix_path')
[0.180s] INFO:colcon.colcon_core.shell:Creating environment hook '/home/yurs/softleg_ws/install/jumping_experiments/share/jumping_experiments/hook/ament_prefix_path.ps1'
[0.180s] INFO:colcon.colcon_core.shell:Creating environment descriptor '/home/yurs/softleg_ws/install/jumping_experiments/share/jumping_experiments/hook/ament_prefix_path.dsv'
[0.180s] INFO:colcon.colcon_core.shell:Creating environment hook '/home/yurs/softleg_ws/install/jumping_experiments/share/jumping_experiments/hook/ament_prefix_path.sh'
[0.181s] INFO:colcon.colcon_core.shell:Skip shell extension 'powershell' for command environment: Not usable outside of PowerShell
[0.181s] DEBUG:colcon.colcon_core.shell:Skip shell extension 'dsv' for command environment
[0.183s] INFO:colcon.colcon_ros.task.ament_cmake.build:Building ROS package in '/home/yurs/softleg_ws/src/rbt_pd_cnt' with build type 'ament_cmake'
[0.183s] INFO:colcon.colcon_cmake.task.cmake.build:Building CMake package in '/home/yurs/softleg_ws/src/rbt_pd_cnt'
[0.183s] INFO:colcon.colcon_core.shell:Skip shell extension 'powershell' for command environment: Not usable outside of PowerShell
[0.183s] DEBUG:colcon.colcon_core.shell:Skip shell extension 'dsv' for command environment
[0.188s] DEBUG:colcon.colcon_core.event_handler.log_command:Invoking command in '/home/yurs/softleg_ws/build/pi3hat_moteus_int_msgs': CMAKE_PREFIX_PATH=${CMAKE_PREFIX_PATH}:/home/yurs/softleg_ws/install/rlg_quad_controller:/home/yurs/softleg_ws/install/jumping_experiments:/opt/ros/humble /usr/bin/cmake --build /home/yurs/softleg_ws/build/pi3hat_moteus_int_msgs -- -j8 -l8
[0.191s] DEBUG:colcon.colcon_core.event_handler.log_command:Invoking command in '/home/yurs/softleg_ws/build/softleg_description': CMAKE_PREFIX_PATH=${CMAKE_PREFIX_PATH}:/home/yurs/softleg_ws/install/rlg_quad_controller:/home/yurs/softleg_ws/install/jumping_experiments:/opt/ros/humble /usr/bin/cmake --build /home/yurs/softleg_ws/build/softleg_description -- -j8 -l8
[0.356s] INFO:colcon.colcon_core.task.python.build:Building Python package in '/home/yurs/softleg_ws/src/jumping_experiments'
[0.356s] INFO:colcon.colcon_core.shell:Skip shell extension 'powershell' for command environment: Not usable outside of PowerShell
[0.356s] DEBUG:colcon.colcon_core.shell:Skip shell extension 'dsv' for command environment
[0.363s] DEBUG:colcon.colcon_core.event_handler.log_command:Invoked command in '/home/yurs/softleg_ws/build/softleg_description' returned '0': CMAKE_PREFIX_PATH=${CMAKE_PREFIX_PATH}:/home/yurs/softleg_ws/install/rlg_quad_controller:/home/yurs/softleg_ws/install/jumping_experiments:/opt/ros/humble /usr/bin/cmake --build /home/yurs/softleg_ws/build/softleg_description -- -j8 -l8
[0.366s] DEBUG:colcon.colcon_core.event_handler.log_command:Invoking command in '/home/yurs/softleg_ws/build/rbt_pd_cnt': CMAKE_PREFIX_PATH=${CMAKE_PREFIX_PATH}:/home/yurs/softleg_ws/install/rlg_quad_controller:/home/yurs/softleg_ws/install/jumping_experiments:/opt/ros/humble /usr/bin/cmake --build /home/yurs/softleg_ws/build/rbt_pd_cnt -- -j8 -l8
[0.388s] DEBUG:colcon.colcon_core.event_handler.log_command:Invoking command in '/home/yurs/softleg_ws/build/softleg_description': CMAKE_PREFIX_PATH=${CMAKE_PREFIX_PATH}:/home/yurs/softleg_ws/install/rlg_quad_controller:/home/yurs/softleg_ws/install/jumping_experiments:/opt/ros/humble /usr/bin/cmake --install /home/yurs/softleg_ws/build/softleg_description
[0.410s] Level 1:colcon.colcon_core.environment:create_environment_scripts_only(softleg_description)
[0.410s] DEBUG:colcon.colcon_core.event_handler.log_command:Invoked command in '/home/yurs/softleg_ws/build/softleg_description' returned '0': CMAKE_PREFIX_PATH=${CMAKE_PREFIX_PATH}:/home/yurs/softleg_ws/install/rlg_quad_controller:/home/yurs/softleg_ws/install/jumping_experiments:/opt/ros/humble /usr/bin/cmake --install /home/yurs/softleg_ws/build/softleg_description
[0.412s] Level 1:colcon.colcon_core.environment:checking '/home/yurs/softleg_ws/install/softleg_description' for CMake module files
[0.413s] Level 1:colcon.colcon_core.environment:checking '/home/yurs/softleg_ws/install/softleg_description' for CMake config files
[0.413s] Level 1:colcon.colcon_core.shell:create_environment_hook('softleg_description', 'cmake_prefix_path')
[0.413s] INFO:colcon.colcon_core.shell:Creating environment hook '/home/yurs/softleg_ws/install/softleg_description/share/softleg_description/hook/cmake_prefix_path.ps1'
[0.414s] INFO:colcon.colcon_core.shell:Creating environment descriptor '/home/yurs/softleg_ws/install/softleg_description/share/softleg_description/hook/cmake_prefix_path.dsv'
[0.414s] INFO:colcon.colcon_core.shell:Creating environment hook '/home/yurs/softleg_ws/install/softleg_description/share/softleg_description/hook/cmake_prefix_path.sh'
[0.414s] Level 1:colcon.colcon_core.environment:checking '/home/yurs/softleg_ws/install/softleg_description/bin'
[0.415s] Level 1:colcon.colcon_core.environment:checking '/home/yurs/softleg_ws/install/softleg_description/lib/pkgconfig/softleg_description.pc'
[0.415s] Level 1:colcon.colcon_core.environment:checking '/home/yurs/softleg_ws/install/softleg_description/lib/python3.10/site-packages'
[0.415s] Level 1:colcon.colcon_core.environment:checking '/home/yurs/softleg_ws/install/softleg_description/bin'
[0.415s] INFO:colcon.colcon_core.shell:Creating package script '/home/yurs/softleg_ws/install/softleg_description/share/softleg_description/package.ps1'
[0.415s] INFO:colcon.colcon_core.shell:Creating package descriptor '/home/yurs/softleg_ws/install/softleg_description/share/softleg_description/package.dsv'
[0.416s] INFO:colcon.colcon_core.shell:Creating package script '/home/yurs/softleg_ws/install/softleg_description/share/softleg_description/package.sh'
[0.416s] INFO:colcon.colcon_core.shell:Creating package script '/home/yurs/softleg_ws/install/softleg_description/share/softleg_description/package.bash'
[0.417s] INFO:colcon.colcon_core.shell:Creating package script '/home/yurs/softleg_ws/install/softleg_description/share/softleg_description/package.zsh'
[0.417s] Level 1:colcon.colcon_core.environment:create_file_with_runtime_dependencies(/home/yurs/softleg_ws/install/softleg_description/share/colcon-core/packages/softleg_description)
[0.419s] DEBUG:colcon.colcon_core.event_handler.log_command:Invoked command in '/home/yurs/softleg_ws/build/rbt_pd_cnt' returned '0': CMAKE_PREFIX_PATH=${CMAKE_PREFIX_PATH}:/home/yurs/softleg_ws/install/rlg_quad_controller:/home/yurs/softleg_ws/install/jumping_experiments:/opt/ros/humble /usr/bin/cmake --build /home/yurs/softleg_ws/build/rbt_pd_cnt -- -j8 -l8
[0.427s] DEBUG:colcon.colcon_core.event_handler.log_command:Invoked command in '/home/yurs/softleg_ws/build/pi3hat_moteus_int_msgs' returned '0': CMAKE_PREFIX_PATH=${CMAKE_PREFIX_PATH}:/home/yurs/softleg_ws/install/rlg_quad_controller:/home/yurs/softleg_ws/install/jumping_experiments:/opt/ros/humble /usr/bin/cmake --build /home/yurs/softleg_ws/build/pi3hat_moteus_int_msgs -- -j8 -l8
[0.434s] Level 1:colcon.colcon_core.environment:create_environment_scripts_only(softleg_description)
[0.435s] Level 1:colcon.colcon_core.environment:checking '/home/yurs/softleg_ws/install/softleg_description' for CMake module files
[0.435s] Level 1:colcon.colcon_core.environment:checking '/home/yurs/softleg_ws/install/softleg_description' for CMake config files
[0.436s] Level 1:colcon.colcon_core.shell:create_environment_hook('softleg_description', 'cmake_prefix_path')
[0.436s] INFO:colcon.colcon_core.shell:Creating environment hook '/home/yurs/softleg_ws/install/softleg_description/share/softleg_description/hook/cmake_prefix_path.ps1'
[0.437s] INFO:colcon.colcon_core.shell:Creating environment descriptor '/home/yurs/softleg_ws/install/softleg_description/share/softleg_description/hook/cmake_prefix_path.dsv'
[0.437s] INFO:colcon.colcon_core.shell:Creating environment hook '/home/yurs/softleg_ws/install/softleg_description/share/softleg_description/hook/cmake_prefix_path.sh'
[0.437s] Level 1:colcon.colcon_core.environment:checking '/home/yurs/softleg_ws/install/softleg_description/bin'
[0.437s] Level 1:colcon.colcon_core.environment:checking '/home/yurs/softleg_ws/install/softleg_description/lib/pkgconfig/softleg_description.pc'
[0.438s] Level 1:colcon.colcon_core.environment:checking '/home/yurs/softleg_ws/install/softleg_description/lib/python3.10/site-packages'
[0.438s] Level 1:colcon.colcon_core.environment:checking '/home/yurs/softleg_ws/install/softleg_description/bin'
[0.438s] INFO:colcon.colcon_core.shell:Creating package script '/home/yurs/softleg_ws/install/softleg_description/share/softleg_description/package.ps1'
[0.438s] INFO:colcon.colcon_core.shell:Creating package descriptor '/home/yurs/softleg_ws/install/softleg_description/share/softleg_description/package.dsv'
[0.439s] INFO:colcon.colcon_core.shell:Creating package script '/home/yurs/softleg_ws/install/softleg_description/share/softleg_description/package.sh'
[0.439s] INFO:colcon.colcon_core.shell:Creating package script '/home/yurs/softleg_ws/install/softleg_description/share/softleg_description/package.bash'
[0.439s] INFO:colcon.colcon_core.shell:Creating package script '/home/yurs/softleg_ws/install/softleg_description/share/softleg_description/package.zsh'
[0.439s] Level 1:colcon.colcon_core.environment:create_file_with_runtime_dependencies(/home/yurs/softleg_ws/install/softleg_description/share/colcon-core/packages/softleg_description)
[0.440s] INFO:colcon.colcon_ros.task.ament_cmake.build:Building ROS package in '/home/yurs/softleg_ws/src/softleg_gazebo' with build type 'ament_cmake'
[0.440s] INFO:colcon.colcon_cmake.task.cmake.build:Building CMake package in '/home/yurs/softleg_ws/src/softleg_gazebo'
[0.440s] INFO:colcon.colcon_core.shell:Skip shell extension 'powershell' for command environment: Not usable outside of PowerShell
[0.440s] DEBUG:colcon.colcon_core.shell:Skip shell extension 'dsv' for command environment
[0.444s] DEBUG:colcon.colcon_core.event_handler.log_command:Invoking command in '/home/yurs/softleg_ws/build/rbt_pd_cnt': CMAKE_PREFIX_PATH=${CMAKE_PREFIX_PATH}:/home/yurs/softleg_ws/install/rlg_quad_controller:/home/yurs/softleg_ws/install/jumping_experiments:/opt/ros/humble /usr/bin/cmake --install /home/yurs/softleg_ws/build/rbt_pd_cnt
[0.447s] DEBUG:colcon.colcon_core.event_handler.log_command:Invoking command in '/home/yurs/softleg_ws/build/softleg_gazebo': CMAKE_PREFIX_PATH=/home/yurs/softleg_ws/install/softleg_description:/home/yurs/softleg_ws/install/softleg_gazebo:/home/yurs/softleg_ws/install/rbt_pd_cnt:/home/yurs/softleg_ws/install/pi3hat_moteus_int_msgs:/home/yurs/softleg_ws/install/rlg_quad_controller:/home/yurs/softleg_ws/install/jumping_experiments:/opt/ros/humble /usr/bin/cmake --build /home/yurs/softleg_ws/build/softleg_gazebo -- -j8 -l8
[0.463s] Level 1:colcon.colcon_core.environment:create_environment_scripts_only(rbt_pd_cnt)
[0.463s] Level 1:colcon.colcon_core.environment:checking '/home/yurs/softleg_ws/install/rbt_pd_cnt' for CMake module files
[0.463s] DEBUG:colcon.colcon_core.event_handler.log_command:Invoked command in '/home/yurs/softleg_ws/build/rbt_pd_cnt' returned '0': CMAKE_PREFIX_PATH=${CMAKE_PREFIX_PATH}:/home/yurs/softleg_ws/install/rlg_quad_controller:/home/yurs/softleg_ws/install/jumping_experiments:/opt/ros/humble /usr/bin/cmake --install /home/yurs/softleg_ws/build/rbt_pd_cnt
[0.464s] Level 1:colcon.colcon_core.environment:checking '/home/yurs/softleg_ws/install/rbt_pd_cnt' for CMake config files
[0.464s] Level 1:colcon.colcon_core.shell:create_environment_hook('rbt_pd_cnt', 'cmake_prefix_path')
[0.464s] INFO:colcon.colcon_core.shell:Creating environment hook '/home/yurs/softleg_ws/install/rbt_pd_cnt/share/rbt_pd_cnt/hook/cmake_prefix_path.ps1'
[0.464s] INFO:colcon.colcon_core.shell:Creating environment descriptor '/home/yurs/softleg_ws/install/rbt_pd_cnt/share/rbt_pd_cnt/hook/cmake_prefix_path.dsv'
[0.465s] INFO:colcon.colcon_core.shell:Creating environment hook '/home/yurs/softleg_ws/install/rbt_pd_cnt/share/rbt_pd_cnt/hook/cmake_prefix_path.sh'
[0.465s] Level 1:colcon.colcon_core.environment:checking '/home/yurs/softleg_ws/install/rbt_pd_cnt/lib'
[0.465s] Level 1:colcon.colcon_core.shell:create_environment_hook('rbt_pd_cnt', 'ld_library_path_lib')
[0.465s] INFO:colcon.colcon_core.shell:Creating environment hook '/home/yurs/softleg_ws/install/rbt_pd_cnt/share/rbt_pd_cnt/hook/ld_library_path_lib.ps1'
[0.466s] INFO:colcon.colcon_core.shell:Creating environment descriptor '/home/yurs/softleg_ws/install/rbt_pd_cnt/share/rbt_pd_cnt/hook/ld_library_path_lib.dsv'
[0.466s] INFO:colcon.colcon_core.shell:Creating environment hook '/home/yurs/softleg_ws/install/rbt_pd_cnt/share/rbt_pd_cnt/hook/ld_library_path_lib.sh'
[0.466s] Level 1:colcon.colcon_core.environment:checking '/home/yurs/softleg_ws/install/rbt_pd_cnt/bin'
[0.466s] Level 1:colcon.colcon_core.environment:checking '/home/yurs/softleg_ws/install/rbt_pd_cnt/lib/pkgconfig/rbt_pd_cnt.pc'
[0.466s] Level 1:colcon.colcon_core.environment:checking '/home/yurs/softleg_ws/install/rbt_pd_cnt/lib/python3.10/site-packages'
[0.466s] Level 1:colcon.colcon_core.environment:checking '/home/yurs/softleg_ws/install/rbt_pd_cnt/bin'
[0.467s] INFO:colcon.colcon_core.shell:Creating package script '/home/yurs/softleg_ws/install/rbt_pd_cnt/share/rbt_pd_cnt/package.ps1'
[0.467s] INFO:colcon.colcon_core.shell:Creating package descriptor '/home/yurs/softleg_ws/install/rbt_pd_cnt/share/rbt_pd_cnt/package.dsv'
[0.467s] INFO:colcon.colcon_core.shell:Creating package script '/home/yurs/softleg_ws/install/rbt_pd_cnt/share/rbt_pd_cnt/package.sh'
[0.468s] INFO:colcon.colcon_core.shell:Creating package script '/home/yurs/softleg_ws/install/rbt_pd_cnt/share/rbt_pd_cnt/package.bash'
[0.468s] INFO:colcon.colcon_core.shell:Creating package script '/home/yurs/softleg_ws/install/rbt_pd_cnt/share/rbt_pd_cnt/package.zsh'
[0.468s] Level 1:colcon.colcon_core.environment:create_file_with_runtime_dependencies(/home/yurs/softleg_ws/install/rbt_pd_cnt/share/colcon-core/packages/rbt_pd_cnt)
[0.477s] DEBUG:colcon.colcon_core.event_handler.log_command:Invoked command in '/home/yurs/softleg_ws/build/softleg_gazebo' returned '0': CMAKE_PREFIX_PATH=/home/yurs/softleg_ws/install/softleg_description:/home/yurs/softleg_ws/install/softleg_gazebo:/home/yurs/softleg_ws/install/rbt_pd_cnt:/home/yurs/softleg_ws/install/pi3hat_moteus_int_msgs:/home/yurs/softleg_ws/install/rlg_quad_controller:/home/yurs/softleg_ws/install/jumping_experiments:/opt/ros/humble /usr/bin/cmake --build /home/yurs/softleg_ws/build/softleg_gazebo -- -j8 -l8
[0.488s] Level 1:colcon.colcon_core.environment:create_environment_scripts_only(rbt_pd_cnt)
[0.489s] Level 1:colcon.colcon_core.environment:checking '/home/yurs/softleg_ws/install/rbt_pd_cnt' for CMake module files
[0.489s] Level 1:colcon.colcon_core.environment:checking '/home/yurs/softleg_ws/install/rbt_pd_cnt' for CMake config files
[0.489s] Level 1:colcon.colcon_core.shell:create_environment_hook('rbt_pd_cnt', 'cmake_prefix_path')
[0.489s] INFO:colcon.colcon_core.shell:Creating environment hook '/home/yurs/softleg_ws/install/rbt_pd_cnt/share/rbt_pd_cnt/hook/cmake_prefix_path.ps1'
[0.490s] INFO:colcon.colcon_core.shell:Creating environment descriptor '/home/yurs/softleg_ws/install/rbt_pd_cnt/share/rbt_pd_cnt/hook/cmake_prefix_path.dsv'
[0.490s] INFO:colcon.colcon_core.shell:Creating environment hook '/home/yurs/softleg_ws/install/rbt_pd_cnt/share/rbt_pd_cnt/hook/cmake_prefix_path.sh'
[0.490s] Level 1:colcon.colcon_core.environment:checking '/home/yurs/softleg_ws/install/rbt_pd_cnt/lib'
[0.490s] Level 1:colcon.colcon_core.shell:create_environment_hook('rbt_pd_cnt', 'ld_library_path_lib')
[0.491s] INFO:colcon.colcon_core.shell:Creating environment hook '/home/yurs/softleg_ws/install/rbt_pd_cnt/share/rbt_pd_cnt/hook/ld_library_path_lib.ps1'
[0.491s] INFO:colcon.colcon_core.shell:Creating environment descriptor '/home/yurs/softleg_ws/install/rbt_pd_cnt/share/rbt_pd_cnt/hook/ld_library_path_lib.dsv'
[0.491s] INFO:colcon.colcon_core.shell:Creating environment hook '/home/yurs/softleg_ws/install/rbt_pd_cnt/share/rbt_pd_cnt/hook/ld_library_path_lib.sh'
[0.491s] Level 1:colcon.colcon_core.environment:checking '/home/yurs/softleg_ws/install/rbt_pd_cnt/bin'
[0.491s] Level 1:colcon.colcon_core.environment:checking '/home/yurs/softleg_ws/install/rbt_pd_cnt/lib/pkgconfig/rbt_pd_cnt.pc'
[0.491s] Level 1:colcon.colcon_core.environment:checking '/home/yurs/softleg_ws/install/rbt_pd_cnt/lib/python3.10/site-packages'
[0.492s] Level 1:colcon.colcon_core.environment:checking '/home/yurs/softleg_ws/install/rbt_pd_cnt/bin'
[0.492s] INFO:colcon.colcon_core.shell:Creating package script '/home/yurs/softleg_ws/install/rbt_pd_cnt/share/rbt_pd_cnt/package.ps1'
[0.492s] INFO:colcon.colcon_core.shell:Creating package descriptor '/home/yurs/softleg_ws/install/rbt_pd_cnt/share/rbt_pd_cnt/package.dsv'
[0.492s] INFO:colcon.colcon_core.shell:Creating package script '/home/yurs/softleg_ws/install/rbt_pd_cnt/share/rbt_pd_cnt/package.sh'
[0.493s] INFO:colcon.colcon_core.shell:Creating package script '/home/yurs/softleg_ws/install/rbt_pd_cnt/share/rbt_pd_cnt/package.bash'
[0.493s] INFO:colcon.colcon_core.shell:Creating package script '/home/yurs/softleg_ws/install/rbt_pd_cnt/share/rbt_pd_cnt/package.zsh'
[0.493s] Level 1:colcon.colcon_core.environment:create_file_with_runtime_dependencies(/home/yurs/softleg_ws/install/rbt_pd_cnt/share/colcon-core/packages/rbt_pd_cnt)
[0.496s] DEBUG:colcon.colcon_core.event_handler.log_command:Invoking command in '/home/yurs/softleg_ws/build/softleg_gazebo': CMAKE_PREFIX_PATH=/home/yurs/softleg_ws/install/softleg_description:/home/yurs/softleg_ws/install/softleg_gazebo:/home/yurs/softleg_ws/install/rbt_pd_cnt:/home/yurs/softleg_ws/install/pi3hat_moteus_int_msgs:/home/yurs/softleg_ws/install/rlg_quad_controller:/home/yurs/softleg_ws/install/jumping_experiments:/opt/ros/humble /usr/bin/cmake --install /home/yurs/softleg_ws/build/softleg_gazebo
[0.510s] DEBUG:colcon.colcon_core.event_handler.log_command:Invoking command in '/home/yurs/softleg_ws/build/pi3hat_moteus_int_msgs': CMAKE_PREFIX_PATH=${CMAKE_PREFIX_PATH}:/home/yurs/softleg_ws/install/rlg_quad_controller:/home/yurs/softleg_ws/install/jumping_experiments:/opt/ros/humble /usr/bin/cmake --install /home/yurs/softleg_ws/build/pi3hat_moteus_int_msgs
[0.512s] Level 1:colcon.colcon_core.environment:create_environment_scripts_only(softleg_gazebo)
[0.512s] Level 1:colcon.colcon_core.environment:checking '/home/yurs/softleg_ws/install/softleg_gazebo' for CMake module files
[0.513s] DEBUG:colcon.colcon_core.event_handler.log_command:Invoked command in '/home/yurs/softleg_ws/build/softleg_gazebo' returned '0': CMAKE_PREFIX_PATH=/home/yurs/softleg_ws/install/softleg_description:/home/yurs/softleg_ws/install/softleg_gazebo:/home/yurs/softleg_ws/install/rbt_pd_cnt:/home/yurs/softleg_ws/install/pi3hat_moteus_int_msgs:/home/yurs/softleg_ws/install/rlg_quad_controller:/home/yurs/softleg_ws/install/jumping_experiments:/opt/ros/humble /usr/bin/cmake --install /home/yurs/softleg_ws/build/softleg_gazebo
[0.513s] Level 1:colcon.colcon_core.environment:checking '/home/yurs/softleg_ws/install/softleg_gazebo' for CMake config files
[0.513s] Level 1:colcon.colcon_core.shell:create_environment_hook('softleg_gazebo', 'cmake_prefix_path')
[0.513s] INFO:colcon.colcon_core.shell:Creating environment hook '/home/yurs/softleg_ws/install/softleg_gazebo/share/softleg_gazebo/hook/cmake_prefix_path.ps1'
[0.514s] INFO:colcon.colcon_core.shell:Creating environment descriptor '/home/yurs/softleg_ws/install/softleg_gazebo/share/softleg_gazebo/hook/cmake_prefix_path.dsv'
[0.514s] INFO:colcon.colcon_core.shell:Creating environment hook '/home/yurs/softleg_ws/install/softleg_gazebo/share/softleg_gazebo/hook/cmake_prefix_path.sh'
[0.515s] Level 1:colcon.colcon_core.environment:checking '/home/yurs/softleg_ws/install/softleg_gazebo/bin'
[0.515s] Level 1:colcon.colcon_core.environment:checking '/home/yurs/softleg_ws/install/softleg_gazebo/lib/pkgconfig/softleg_gazebo.pc'
[0.515s] Level 1:colcon.colcon_core.environment:checking '/home/yurs/softleg_ws/install/softleg_gazebo/lib/python3.10/site-packages'
[0.515s] Level 1:colcon.colcon_core.environment:checking '/home/yurs/softleg_ws/install/softleg_gazebo/bin'
[0.515s] INFO:colcon.colcon_core.shell:Creating package script '/home/yurs/softleg_ws/install/softleg_gazebo/share/softleg_gazebo/package.ps1'
[0.516s] INFO:colcon.colcon_core.shell:Creating package descriptor '/home/yurs/softleg_ws/install/softleg_gazebo/share/softleg_gazebo/package.dsv'
[0.516s] INFO:colcon.colcon_core.shell:Creating package script '/home/yurs/softleg_ws/install/softleg_gazebo/share/softleg_gazebo/package.sh'
[0.517s] INFO:colcon.colcon_core.shell:Creating package script '/home/yurs/softleg_ws/install/softleg_gazebo/share/softleg_gazebo/package.bash'
[0.518s] INFO:colcon.colcon_core.shell:Creating package script '/home/yurs/softleg_ws/install/softleg_gazebo/share/softleg_gazebo/package.zsh'
[0.519s] Level 1:colcon.colcon_core.environment:create_file_with_runtime_dependencies(/home/yurs/softleg_ws/install/softleg_gazebo/share/colcon-core/packages/softleg_gazebo)
[0.537s] Level 1:colcon.colcon_core.environment:create_environment_scripts_only(softleg_gazebo)
[0.537s] Level 1:colcon.colcon_core.environment:checking '/home/yurs/softleg_ws/install/softleg_gazebo' for CMake module files
[0.537s] Level 1:colcon.colcon_core.environment:checking '/home/yurs/softleg_ws/install/softleg_gazebo' for CMake config files
[0.537s] Level 1:colcon.colcon_core.shell:create_environment_hook('softleg_gazebo', 'cmake_prefix_path')
[0.538s] INFO:colcon.colcon_core.shell:Creating environment hook '/home/yurs/softleg_ws/install/softleg_gazebo/share/softleg_gazebo/hook/cmake_prefix_path.ps1'
[0.538s] INFO:colcon.colcon_core.shell:Creating environment descriptor '/home/yurs/softleg_ws/install/softleg_gazebo/share/softleg_gazebo/hook/cmake_prefix_path.dsv'
[0.538s] INFO:colcon.colcon_core.shell:Creating environment hook '/home/yurs/softleg_ws/install/softleg_gazebo/share/softleg_gazebo/hook/cmake_prefix_path.sh'
[0.539s] Level 1:colcon.colcon_core.environment:checking '/home/yurs/softleg_ws/install/softleg_gazebo/bin'
[0.539s] Level 1:colcon.colcon_core.environment:checking '/home/yurs/softleg_ws/install/softleg_gazebo/lib/pkgconfig/softleg_gazebo.pc'
[0.539s] Level 1:colcon.colcon_core.environment:checking '/home/yurs/softleg_ws/install/softleg_gazebo/lib/python3.10/site-packages'
[0.539s] Level 1:colcon.colcon_core.environment:checking '/home/yurs/softleg_ws/install/softleg_gazebo/bin'
[0.539s] INFO:colcon.colcon_core.shell:Creating package script '/home/yurs/softleg_ws/install/softleg_gazebo/share/softleg_gazebo/package.ps1'
[0.539s] INFO:colcon.colcon_core.shell:Creating package descriptor '/home/yurs/softleg_ws/install/softleg_gazebo/share/softleg_gazebo/package.dsv'
[0.540s] INFO:colcon.colcon_core.shell:Creating package script '/home/yurs/softleg_ws/install/softleg_gazebo/share/softleg_gazebo/package.sh'
[0.540s] INFO:colcon.colcon_core.shell:Creating package script '/home/yurs/softleg_ws/install/softleg_gazebo/share/softleg_gazebo/package.bash'
[0.540s] INFO:colcon.colcon_core.shell:Creating package script '/home/yurs/softleg_ws/install/softleg_gazebo/share/softleg_gazebo/package.zsh'
[0.540s] Level 1:colcon.colcon_core.environment:create_file_with_runtime_dependencies(/home/yurs/softleg_ws/install/softleg_gazebo/share/colcon-core/packages/softleg_gazebo)
[0.562s] Level 1:colcon.colcon_core.environment:create_environment_scripts_only(pi3hat_moteus_int_msgs)
[0.562s] Level 1:colcon.colcon_core.environment:checking '/home/yurs/softleg_ws/install/pi3hat_moteus_int_msgs' for CMake module files
[0.562s] DEBUG:colcon.colcon_core.event_handler.log_command:Invoked command in '/home/yurs/softleg_ws/build/pi3hat_moteus_int_msgs' returned '0': CMAKE_PREFIX_PATH=${CMAKE_PREFIX_PATH}:/home/yurs/softleg_ws/install/rlg_quad_controller:/home/yurs/softleg_ws/install/jumping_experiments:/opt/ros/humble /usr/bin/cmake --install /home/yurs/softleg_ws/build/pi3hat_moteus_int_msgs
[0.563s] Level 1:colcon.colcon_core.environment:checking '/home/yurs/softleg_ws/install/pi3hat_moteus_int_msgs' for CMake config files
[0.563s] Level 1:colcon.colcon_core.shell:create_environment_hook('pi3hat_moteus_int_msgs', 'cmake_prefix_path')
[0.564s] INFO:colcon.colcon_core.shell:Creating environment hook '/home/yurs/softleg_ws/install/pi3hat_moteus_int_msgs/share/pi3hat_moteus_int_msgs/hook/cmake_prefix_path.ps1'
[0.564s] INFO:colcon.colcon_core.shell:Creating environment descriptor '/home/yurs/softleg_ws/install/pi3hat_moteus_int_msgs/share/pi3hat_moteus_int_msgs/hook/cmake_prefix_path.dsv'
[0.564s] INFO:colcon.colcon_core.shell:Creating environment hook '/home/yurs/softleg_ws/install/pi3hat_moteus_int_msgs/share/pi3hat_moteus_int_msgs/hook/cmake_prefix_path.sh'
[0.564s] Level 1:colcon.colcon_core.environment:checking '/home/yurs/softleg_ws/install/pi3hat_moteus_int_msgs/lib'
[0.564s] Level 1:colcon.colcon_core.shell:create_environment_hook('pi3hat_moteus_int_msgs', 'ld_library_path_lib')
[0.565s] INFO:colcon.colcon_core.shell:Creating environment hook '/home/yurs/softleg_ws/install/pi3hat_moteus_int_msgs/share/pi3hat_moteus_int_msgs/hook/ld_library_path_lib.ps1'
[0.565s] INFO:colcon.colcon_core.shell:Creating environment descriptor '/home/yurs/softleg_ws/install/pi3hat_moteus_int_msgs/share/pi3hat_moteus_int_msgs/hook/ld_library_path_lib.dsv'
[0.565s] INFO:colcon.colcon_core.shell:Creating environment hook '/home/yurs/softleg_ws/install/pi3hat_moteus_int_msgs/share/pi3hat_moteus_int_msgs/hook/ld_library_path_lib.sh'
[0.565s] Level 1:colcon.colcon_core.environment:checking '/home/yurs/softleg_ws/install/pi3hat_moteus_int_msgs/bin'
[0.565s] Level 1:colcon.colcon_core.environment:checking '/home/yurs/softleg_ws/install/pi3hat_moteus_int_msgs/lib/pkgconfig/pi3hat_moteus_int_msgs.pc'
[0.565s] Level 1:colcon.colcon_core.environment:checking '/home/yurs/softleg_ws/install/pi3hat_moteus_int_msgs/lib/python3.10/site-packages'
[0.566s] Level 1:colcon.colcon_core.environment:checking '/home/yurs/softleg_ws/install/pi3hat_moteus_int_msgs/bin'
[0.566s] INFO:colcon.colcon_core.shell:Creating package script '/home/yurs/softleg_ws/install/pi3hat_moteus_int_msgs/share/pi3hat_moteus_int_msgs/package.ps1'
[0.566s] INFO:colcon.colcon_core.shell:Creating package descriptor '/home/yurs/softleg_ws/install/pi3hat_moteus_int_msgs/share/pi3hat_moteus_int_msgs/package.dsv'
[0.566s] INFO:colcon.colcon_core.shell:Creating package script '/home/yurs/softleg_ws/install/pi3hat_moteus_int_msgs/share/pi3hat_moteus_int_msgs/package.sh'
[0.567s] INFO:colcon.colcon_core.shell:Creating package script '/home/yurs/softleg_ws/install/pi3hat_moteus_int_msgs/share/pi3hat_moteus_int_msgs/package.bash'
[0.567s] INFO:colcon.colcon_core.shell:Creating package script '/home/yurs/softleg_ws/install/pi3hat_moteus_int_msgs/share/pi3hat_moteus_int_msgs/package.zsh'
[0.567s] Level 1:colcon.colcon_core.environment:create_file_with_runtime_dependencies(/home/yurs/softleg_ws/install/pi3hat_moteus_int_msgs/share/colcon-core/packages/pi3hat_moteus_int_msgs)
[0.620s] DEBUG:colcon.colcon_core.event_handler.log_command:Invoking command in '/home/yurs/softleg_ws/build/jumping_experiments': PYTHONPATH=/home/yurs/softleg_ws/build/jumping_experiments/prefix_override:/home/yurs/softleg_ws/install/jumping_experiments/lib/python3.10/site-packages:${PYTHONPATH} /usr/bin/python3 -W ignore:setup.py install is deprecated setup.py develop --editable --build-directory /home/yurs/softleg_ws/build/jumping_experiments/build --no-deps symlink_data
[0.646s] Level 1:colcon.colcon_core.environment:create_environment_scripts_only(pi3hat_moteus_int_msgs)
[0.647s] Level 1:colcon.colcon_core.environment:checking '/home/yurs/softleg_ws/install/pi3hat_moteus_int_msgs' for CMake module files
[0.647s] Level 1:colcon.colcon_core.environment:checking '/home/yurs/softleg_ws/install/pi3hat_moteus_int_msgs' for CMake config files
[0.648s] Level 1:colcon.colcon_core.shell:create_environment_hook('pi3hat_moteus_int_msgs', 'cmake_prefix_path')
[0.648s] INFO:colcon.colcon_core.shell:Creating environment hook '/home/yurs/softleg_ws/install/pi3hat_moteus_int_msgs/share/pi3hat_moteus_int_msgs/hook/cmake_prefix_path.ps1'
[0.649s] INFO:colcon.colcon_core.shell:Creating environment descriptor '/home/yurs/softleg_ws/install/pi3hat_moteus_int_msgs/share/pi3hat_moteus_int_msgs/hook/cmake_prefix_path.dsv'
[0.649s] INFO:colcon.colcon_core.shell:Creating environment hook '/home/yurs/softleg_ws/install/pi3hat_moteus_int_msgs/share/pi3hat_moteus_int_msgs/hook/cmake_prefix_path.sh'
[0.650s] Level 1:colcon.colcon_core.environment:checking '/home/yurs/softleg_ws/install/pi3hat_moteus_int_msgs/lib'
[0.650s] Level 1:colcon.colcon_core.shell:create_environment_hook('pi3hat_moteus_int_msgs', 'ld_library_path_lib')
[0.650s] INFO:colcon.colcon_core.shell:Creating environment hook '/home/yurs/softleg_ws/install/pi3hat_moteus_int_msgs/share/pi3hat_moteus_int_msgs/hook/ld_library_path_lib.ps1'
[0.651s] INFO:colcon.colcon_core.shell:Creating environment descriptor '/home/yurs/softleg_ws/install/pi3hat_moteus_int_msgs/share/pi3hat_moteus_int_msgs/hook/ld_library_path_lib.dsv'
[0.651s] INFO:colcon.colcon_core.shell:Creating environment hook '/home/yurs/softleg_ws/install/pi3hat_moteus_int_msgs/share/pi3hat_moteus_int_msgs/hook/ld_library_path_lib.sh'
[0.651s] Level 1:colcon.colcon_core.environment:checking '/home/yurs/softleg_ws/install/pi3hat_moteus_int_msgs/bin'
[0.651s] Level 1:colcon.colcon_core.environment:checking '/home/yurs/softleg_ws/install/pi3hat_moteus_int_msgs/lib/pkgconfig/pi3hat_moteus_int_msgs.pc'
[0.651s] Level 1:colcon.colcon_core.environment:checking '/home/yurs/softleg_ws/install/pi3hat_moteus_int_msgs/lib/python3.10/site-packages'
[0.652s] Level 1:colcon.colcon_core.environment:checking '/home/yurs/softleg_ws/install/pi3hat_moteus_int_msgs/bin'
[0.652s] INFO:colcon.colcon_core.shell:Creating package script '/home/yurs/softleg_ws/install/pi3hat_moteus_int_msgs/share/pi3hat_moteus_int_msgs/package.ps1'
[0.653s] INFO:colcon.colcon_core.shell:Creating package descriptor '/home/yurs/softleg_ws/install/pi3hat_moteus_int_msgs/share/pi3hat_moteus_int_msgs/package.dsv'
[0.653s] INFO:colcon.colcon_core.shell:Creating package script '/home/yurs/softleg_ws/install/pi3hat_moteus_int_msgs/share/pi3hat_moteus_int_msgs/package.sh'
[0.654s] INFO:colcon.colcon_core.shell:Creating package script '/home/yurs/softleg_ws/install/pi3hat_moteus_int_msgs/share/pi3hat_moteus_int_msgs/package.bash'
[0.654s] INFO:colcon.colcon_core.shell:Creating package script '/home/yurs/softleg_ws/install/pi3hat_moteus_int_msgs/share/pi3hat_moteus_int_msgs/package.zsh'
[0.655s] Level 1:colcon.colcon_core.environment:create_file_with_runtime_dependencies(/home/yurs/softleg_ws/install/pi3hat_moteus_int_msgs/share/colcon-core/packages/pi3hat_moteus_int_msgs)
[0.655s] INFO:colcon.colcon_ros.task.ament_python.build:Building ROS package in '/home/yurs/softleg_ws/src/rlg_quad_controller' with build type 'ament_python'
[0.655s] Level 1:colcon.colcon_core.shell:create_environment_hook('rlg_quad_controller', 'ament_prefix_path')
[0.655s] INFO:colcon.colcon_core.shell:Creating environment hook '/home/yurs/softleg_ws/install/rlg_quad_controller/share/rlg_quad_controller/hook/ament_prefix_path.ps1'
[0.655s] INFO:colcon.colcon_core.shell:Creating environment descriptor '/home/yurs/softleg_ws/install/rlg_quad_controller/share/rlg_quad_controller/hook/ament_prefix_path.dsv'
[0.656s] INFO:colcon.colcon_core.shell:Creating environment hook '/home/yurs/softleg_ws/install/rlg_quad_controller/share/rlg_quad_controller/hook/ament_prefix_path.sh'
[0.656s] INFO:colcon.colcon_core.shell:Skip shell extension 'powershell' for command environment: Not usable outside of PowerShell
[0.656s] DEBUG:colcon.colcon_core.shell:Skip shell extension 'dsv' for command environment
[0.814s] INFO:colcon.colcon_core.task.python.build:Building Python package in '/home/yurs/softleg_ws/src/rlg_quad_controller'
[0.815s] INFO:colcon.colcon_core.shell:Skip shell extension 'powershell' for command environment: Not usable outside of PowerShell
[0.815s] DEBUG:colcon.colcon_core.shell:Skip shell extension 'dsv' for command environment
[0.868s] Level 1:colcon.colcon_core.shell:create_environment_hook('jumping_experiments', 'pythonpath_develop')
[0.869s] INFO:colcon.colcon_core.shell:Creating environment hook '/home/yurs/softleg_ws/build/jumping_experiments/share/jumping_experiments/hook/pythonpath_develop.ps1'
[0.869s] DEBUG:colcon.colcon_core.event_handler.log_command:Invoked command in '/home/yurs/softleg_ws/build/jumping_experiments' returned '0': PYTHONPATH=/home/yurs/softleg_ws/build/jumping_experiments/prefix_override:/home/yurs/softleg_ws/install/jumping_experiments/lib/python3.10/site-packages:${PYTHONPATH} /usr/bin/python3 -W ignore:setup.py install is deprecated setup.py develop --editable --build-directory /home/yurs/softleg_ws/build/jumping_experiments/build --no-deps symlink_data
[0.869s] INFO:colcon.colcon_core.shell:Creating environment descriptor '/home/yurs/softleg_ws/build/jumping_experiments/share/jumping_experiments/hook/pythonpath_develop.dsv'
[0.870s] INFO:colcon.colcon_core.shell:Creating environment hook '/home/yurs/softleg_ws/build/jumping_experiments/share/jumping_experiments/hook/pythonpath_develop.sh'
[0.870s] Level 1:colcon.colcon_core.environment:checking '/home/yurs/softleg_ws/install/jumping_experiments' for CMake module files
[0.871s] Level 1:colcon.colcon_core.environment:checking '/home/yurs/softleg_ws/install/jumping_experiments' for CMake config files
[0.871s] Level 1:colcon.colcon_core.environment:checking '/home/yurs/softleg_ws/install/jumping_experiments/lib'
[0.871s] Level 1:colcon.colcon_core.environment:checking '/home/yurs/softleg_ws/install/jumping_experiments/bin'
[0.871s] Level 1:colcon.colcon_core.environment:checking '/home/yurs/softleg_ws/install/jumping_experiments/lib/pkgconfig/jumping_experiments.pc'
[0.871s] Level 1:colcon.colcon_core.environment:checking '/home/yurs/softleg_ws/install/jumping_experiments/lib/python3.10/site-packages'
[0.871s] Level 1:colcon.colcon_core.shell:create_environment_hook('jumping_experiments', 'pythonpath')
[0.871s] INFO:colcon.colcon_core.shell:Creating environment hook '/home/yurs/softleg_ws/install/jumping_experiments/share/jumping_experiments/hook/pythonpath.ps1'
[0.872s] INFO:colcon.colcon_core.shell:Creating environment descriptor '/home/yurs/softleg_ws/install/jumping_experiments/share/jumping_experiments/hook/pythonpath.dsv'
[0.872s] INFO:colcon.colcon_core.shell:Creating environment hook '/home/yurs/softleg_ws/install/jumping_experiments/share/jumping_experiments/hook/pythonpath.sh'
[0.872s] Level 1:colcon.colcon_core.environment:checking '/home/yurs/softleg_ws/install/jumping_experiments/bin'
[0.873s] Level 1:colcon.colcon_core.environment:create_environment_scripts_only(jumping_experiments)
[0.873s] INFO:colcon.colcon_core.shell:Creating package script '/home/yurs/softleg_ws/install/jumping_experiments/share/jumping_experiments/package.ps1'
[0.873s] INFO:colcon.colcon_core.shell:Creating package descriptor '/home/yurs/softleg_ws/install/jumping_experiments/share/jumping_experiments/package.dsv'
[0.874s] INFO:colcon.colcon_core.shell:Creating package script '/home/yurs/softleg_ws/install/jumping_experiments/share/jumping_experiments/package.sh'
[0.874s] INFO:colcon.colcon_core.shell:Creating package script '/home/yurs/softleg_ws/install/jumping_experiments/share/jumping_experiments/package.bash'
[0.874s] INFO:colcon.colcon_core.shell:Creating package script '/home/yurs/softleg_ws/install/jumping_experiments/share/jumping_experiments/package.zsh'
[0.874s] Level 1:colcon.colcon_core.environment:create_file_with_runtime_dependencies(/home/yurs/softleg_ws/install/jumping_experiments/share/colcon-core/packages/jumping_experiments)
[1.023s] DEBUG:colcon.colcon_core.event_handler.log_command:Invoking command in '/home/yurs/softleg_ws/build/rlg_quad_controller': CMAKE_PREFIX_PATH=/home/yurs/softleg_ws/install/pi3hat_moteus_int_msgs:/home/yurs/softleg_ws/install/softleg_gazebo:/home/yurs/softleg_ws/install/softleg_description:/home/yurs/softleg_ws/install/rbt_pd_cnt LD_LIBRARY_PATH=/home/yurs/softleg_ws/install/pi3hat_moteus_int_msgs/lib:/home/yurs/softleg_ws/install/rbt_pd_cnt/lib:/usr/lib/x86_64-linux-gnu/gazebo-11/plugins:/opt/ros/humble/opt/rviz_ogre_vendor/lib:/opt/ros/humble/lib/x86_64-linux-gnu:/opt/ros/humble/lib:/usr/local/nvidia/lib:/usr/local/nvidia/lib64 PYTHONPATH=/home/yurs/softleg_ws/build/rlg_quad_controller/prefix_override:/home/yurs/softleg_ws/install/rlg_quad_controller/lib/python3.10/site-packages:${PYTHONPATH} /usr/bin/python3 -W ignore:setup.py install is deprecated setup.py develop --editable --build-directory /home/yurs/softleg_ws/build/rlg_quad_controller/build --no-deps symlink_data
[1.250s] Level 1:colcon.colcon_core.shell:create_environment_hook('rlg_quad_controller', 'pythonpath_develop')
[1.250s] INFO:colcon.colcon_core.shell:Creating environment hook '/home/yurs/softleg_ws/build/rlg_quad_controller/share/rlg_quad_controller/hook/pythonpath_develop.ps1'
[1.250s] DEBUG:colcon.colcon_core.event_handler.log_command:Invoked command in '/home/yurs/softleg_ws/build/rlg_quad_controller' returned '0': CMAKE_PREFIX_PATH=/home/yurs/softleg_ws/install/pi3hat_moteus_int_msgs:/home/yurs/softleg_ws/install/softleg_gazebo:/home/yurs/softleg_ws/install/softleg_description:/home/yurs/softleg_ws/install/rbt_pd_cnt LD_LIBRARY_PATH=/home/yurs/softleg_ws/install/pi3hat_moteus_int_msgs/lib:/home/yurs/softleg_ws/install/rbt_pd_cnt/lib:/usr/lib/x86_64-linux-gnu/gazebo-11/plugins:/opt/ros/humble/opt/rviz_ogre_vendor/lib:/opt/ros/humble/lib/x86_64-linux-gnu:/opt/ros/humble/lib:/usr/local/nvidia/lib:/usr/local/nvidia/lib64 PYTHONPATH=/home/yurs/softleg_ws/build/rlg_quad_controller/prefix_override:/home/yurs/softleg_ws/install/rlg_quad_controller/lib/python3.10/site-packages:${PYTHONPATH} /usr/bin/python3 -W ignore:setup.py install is deprecated setup.py develop --editable --build-directory /home/yurs/softleg_ws/build/rlg_quad_controller/build --no-deps symlink_data
[1.250s] INFO:colcon.colcon_core.shell:Creating environment descriptor '/home/yurs/softleg_ws/build/rlg_quad_controller/share/rlg_quad_controller/hook/pythonpath_develop.dsv'
[1.251s] INFO:colcon.colcon_core.shell:Creating environment hook '/home/yurs/softleg_ws/build/rlg_quad_controller/share/rlg_quad_controller/hook/pythonpath_develop.sh'
[1.251s] Level 1:colcon.colcon_core.environment:checking '/home/yurs/softleg_ws/install/rlg_quad_controller' for CMake module files
[1.252s] Level 1:colcon.colcon_core.environment:checking '/home/yurs/softleg_ws/install/rlg_quad_controller' for CMake config files
[1.252s] Level 1:colcon.colcon_core.environment:checking '/home/yurs/softleg_ws/install/rlg_quad_controller/lib'
[1.252s] Level 1:colcon.colcon_core.environment:checking '/home/yurs/softleg_ws/install/rlg_quad_controller/bin'
[1.252s] Level 1:colcon.colcon_core.environment:checking '/home/yurs/softleg_ws/install/rlg_quad_controller/lib/pkgconfig/rlg_quad_controller.pc'
[1.252s] Level 1:colcon.colcon_core.environment:checking '/home/yurs/softleg_ws/install/rlg_quad_controller/lib/python3.10/site-packages'
[1.252s] Level 1:colcon.colcon_core.shell:create_environment_hook('rlg_quad_controller', 'pythonpath')
[1.253s] INFO:colcon.colcon_core.shell:Creating environment hook '/home/yurs/softleg_ws/install/rlg_quad_controller/share/rlg_quad_controller/hook/pythonpath.ps1'
[1.253s] INFO:colcon.colcon_core.shell:Creating environment descriptor '/home/yurs/softleg_ws/install/rlg_quad_controller/share/rlg_quad_controller/hook/pythonpath.dsv'
[1.253s] INFO:colcon.colcon_core.shell:Creating environment hook '/home/yurs/softleg_ws/install/rlg_quad_controller/share/rlg_quad_controller/hook/pythonpath.sh'
[1.253s] Level 1:colcon.colcon_core.environment:checking '/home/yurs/softleg_ws/install/rlg_quad_controller/bin'
[1.254s] Level 1:colcon.colcon_core.environment:create_environment_scripts_only(rlg_quad_controller)
[1.254s] INFO:colcon.colcon_core.shell:Creating package script '/home/yurs/softleg_ws/install/rlg_quad_controller/share/rlg_quad_controller/package.ps1'
[1.254s] INFO:colcon.colcon_core.shell:Creating package descriptor '/home/yurs/softleg_ws/install/rlg_quad_controller/share/rlg_quad_controller/package.dsv'
[1.255s] INFO:colcon.colcon_core.shell:Creating package script '/home/yurs/softleg_ws/install/rlg_quad_controller/share/rlg_quad_controller/package.sh'
[1.255s] INFO:colcon.colcon_core.shell:Creating package script '/home/yurs/softleg_ws/install/rlg_quad_controller/share/rlg_quad_controller/package.bash'
[1.255s] INFO:colcon.colcon_core.shell:Creating package script '/home/yurs/softleg_ws/install/rlg_quad_controller/share/rlg_quad_controller/package.zsh'
[1.255s] Level 1:colcon.colcon_core.environment:create_file_with_runtime_dependencies(/home/yurs/softleg_ws/install/rlg_quad_controller/share/colcon-core/packages/rlg_quad_controller)
[1.256s] DEBUG:colcon.colcon_parallel_executor.executor.parallel:closing loop
[1.256s] DEBUG:colcon.colcon_parallel_executor.executor.parallel:loop closed
[1.256s] DEBUG:colcon.colcon_parallel_executor.executor.parallel:run_until_complete finished with '0'
[1.256s] DEBUG:colcon.colcon_core.event_reactor:joining thread
[1.260s] INFO:colcon.colcon_core.plugin_system:Skipping extension 'colcon_notification.desktop_notification.notify_send': Could not find 'notify-send'
[1.260s] INFO:colcon.colcon_core.plugin_system:Skipping extension 'colcon_notification.desktop_notification.terminal_notifier': Not used on non-Darwin systems
[1.260s] INFO:colcon.colcon_core.plugin_system:Skipping extension 'colcon_notification.desktop_notification.win32': Not used on non-Windows systems
[1.260s] INFO:colcon.colcon_notification.desktop_notification:Sending desktop notification using 'notify2'
[1.262s] DEBUG:colcon.colcon_notification.desktop_notification.notify2:Failed to initialize notify2: org.freedesktop.DBus.Error.Spawn.ExecFailed: /usr/bin/dbus-launch terminated abnormally without any error message
[1.262s] DEBUG:colcon.colcon_core.event_reactor:joined thread
[1.262s] INFO:colcon.colcon_core.shell:Creating prefix script '/home/yurs/softleg_ws/install/local_setup.ps1'
[1.263s] INFO:colcon.colcon_core.shell:Creating prefix util module '/home/yurs/softleg_ws/install/_local_setup_util_ps1.py'
[1.264s] INFO:colcon.colcon_core.shell:Creating prefix chain script '/home/yurs/softleg_ws/install/setup.ps1'
[1.265s] INFO:colcon.colcon_core.shell:Creating prefix script '/home/yurs/softleg_ws/install/local_setup.sh'
[1.265s] INFO:colcon.colcon_core.shell:Creating prefix util module '/home/yurs/softleg_ws/install/_local_setup_util_sh.py'
[1.266s] INFO:colcon.colcon_core.shell:Creating prefix chain script '/home/yurs/softleg_ws/install/setup.sh'
[1.266s] INFO:colcon.colcon_core.shell:Creating prefix script '/home/yurs/softleg_ws/install/local_setup.bash'
[1.267s] INFO:colcon.colcon_core.shell:Creating prefix chain script '/home/yurs/softleg_ws/install/setup.bash'
[1.268s] INFO:colcon.colcon_core.shell:Creating prefix script '/home/yurs/softleg_ws/install/local_setup.zsh'
[1.268s] INFO:colcon.colcon_core.shell:Creating prefix chain script '/home/yurs/softleg_ws/install/setup.zsh'
