[0.428s] Invoking command in '/home/yurs/softleg_ws/build/jumping_experiments': PYTHONPATH=/home/yurs/softleg_ws/build/jumping_experiments/prefix_override:/home/yurs/softleg_ws/install/jumping_experiments/lib/python3.10/site-packages:${PYTHONPATH} /usr/bin/python3 -W ignore:setup.py install is deprecated setup.py develop --editable --build-directory /home/yurs/softleg_ws/build/jumping_experiments/build --no-deps symlink_data
[0.663s] running develop
[0.663s] /usr/lib/python3/dist-packages/setuptools/command/easy_install.py:158: EasyInstallDeprecationWarning: easy_install command is deprecated. Use build and pip and other standards-based tools.
[0.663s]   warnings.warn(
[0.759s] running egg_info
[0.759s] creating jumping_experiments.egg-info
[0.759s] writing jumping_experiments.egg-info/PKG-INFO
[0.759s] writing dependency_links to jumping_experiments.egg-info/dependency_links.txt
[0.759s] writing entry points to jumping_experiments.egg-info/entry_points.txt
[0.759s] writing requirements to jumping_experiments.egg-info/requires.txt
[0.759s] writing top-level names to jumping_experiments.egg-info/top_level.txt
[0.759s] writing manifest file 'jumping_experiments.egg-info/SOURCES.txt'
[0.761s] reading manifest file 'jumping_experiments.egg-info/SOURCES.txt'
[0.762s] writing manifest file 'jumping_experiments.egg-info/SOURCES.txt'
[0.763s] running build_ext
[0.763s] Creating /home/yurs/softleg_ws/install/jumping_experiments/lib/python3.10/site-packages/jumping-experiments.egg-link (link to .)
[0.764s] Installing getup script to /home/yurs/softleg_ws/install/jumping_experiments/lib/jumping_experiments
[0.764s] Installing jumping_node script to /home/yurs/softleg_ws/install/jumping_experiments/lib/jumping_experiments
[0.765s] 
[0.765s] Installed /home/yurs/softleg_ws/build/jumping_experiments
[0.765s] running symlink_data
[0.765s] creating /home/yurs/softleg_ws/install/jumping_experiments/share/ament_index
[0.765s] creating /home/yurs/softleg_ws/install/jumping_experiments/share/ament_index/resource_index
[0.765s] creating /home/yurs/softleg_ws/install/jumping_experiments/share/ament_index/resource_index/packages
[0.765s] symbolically linking /home/yurs/softleg_ws/build/jumping_experiments/resource/jumping_experiments -> /home/yurs/softleg_ws/install/jumping_experiments/share/ament_index/resource_index/packages
[0.765s] symbolically linking /home/yurs/softleg_ws/build/jumping_experiments/package.xml -> /home/yurs/softleg_ws/install/jumping_experiments/share/jumping_experiments
[0.765s] creating /home/yurs/softleg_ws/install/jumping_experiments/share/jumping_experiments/launch
[0.765s] symbolically linking /home/yurs/softleg_ws/build/jumping_experiments/launch/experiment_simulation.launch.py -> /home/yurs/softleg_ws/install/jumping_experiments/share/jumping_experiments/launch
[0.765s] symbolically linking /home/yurs/softleg_ws/build/jumping_experiments/launch/experiment.launch.py -> /home/yurs/softleg_ws/install/jumping_experiments/share/jumping_experiments/launch
[0.765s] symbolically linking /home/yurs/softleg_ws/build/jumping_experiments/launch/controller_start.launch.py -> /home/yurs/softleg_ws/install/jumping_experiments/share/jumping_experiments/launch
[0.793s] Invoked command in '/home/yurs/softleg_ws/build/jumping_experiments' returned '0': PYTHONPATH=/home/yurs/softleg_ws/build/jumping_experiments/prefix_override:/home/yurs/softleg_ws/install/jumping_experiments/lib/python3.10/site-packages:${PYTHONPATH} /usr/bin/python3 -W ignore:setup.py install is deprecated setup.py develop --editable --build-directory /home/yurs/softleg_ws/build/jumping_experiments/build --no-deps symlink_data
