[0.009s] Invoking command in '/home/yurs/softleg_ws/build/softleg_gazebo': CMAKE_PREFIX_PATH=/home/yurs/softleg_ws/install/softleg_description:/home/yurs/softleg_ws/install/softleg_gazebo:/home/yurs/softleg_ws/install/rbt_pd_cnt:/home/yurs/softleg_ws/install/pi3hat_moteus_int_msgs:/home/yurs/softleg_ws/install/rlg_quad_controller:/home/yurs/softleg_ws/install/jumping_experiments:/opt/ros/humble /usr/bin/cmake --build /home/yurs/softleg_ws/build/softleg_gazebo -- -j8 -l8
[0.038s] Invoked command in '/home/yurs/softleg_ws/build/softleg_gazebo' returned '0': CMAKE_PREFIX_PATH=/home/yurs/softleg_ws/install/softleg_description:/home/yurs/softleg_ws/install/softleg_gazebo:/home/yurs/softleg_ws/install/rbt_pd_cnt:/home/yurs/softleg_ws/install/pi3hat_moteus_int_msgs:/home/yurs/softleg_ws/install/rlg_quad_controller:/home/yurs/softleg_ws/install/jumping_experiments:/opt/ros/humble /usr/bin/cmake --build /home/yurs/softleg_ws/build/softleg_gazebo -- -j8 -l8
[0.058s] Invoking command in '/home/yurs/softleg_ws/build/softleg_gazebo': CMAKE_PREFIX_PATH=/home/yurs/softleg_ws/install/softleg_description:/home/yurs/softleg_ws/install/softleg_gazebo:/home/yurs/softleg_ws/install/rbt_pd_cnt:/home/yurs/softleg_ws/install/pi3hat_moteus_int_msgs:/home/yurs/softleg_ws/install/rlg_quad_controller:/home/yurs/softleg_ws/install/jumping_experiments:/opt/ros/humble /usr/bin/cmake --install /home/yurs/softleg_ws/build/softleg_gazebo
[0.064s] -- Install configuration: ""
[0.064s] -- Execute custom install script
[0.064s] -- Up-to-date symlink: /home/yurs/softleg_ws/install/softleg_gazebo/share/softleg_gazebo/launch/sim.launch.py
[0.064s] -- Up-to-date symlink: /home/yurs/softleg_ws/install/softleg_gazebo/share/softleg_gazebo/config/softleg_gazebo_sim_jnt_PD.yaml
[0.065s] -- Up-to-date symlink: /home/yurs/softleg_ws/install/softleg_gazebo/share/ament_index/resource_index/package_run_dependencies/softleg_gazebo
[0.065s] -- Up-to-date symlink: /home/yurs/softleg_ws/install/softleg_gazebo/share/ament_index/resource_index/parent_prefix_path/softleg_gazebo
[0.065s] -- Up-to-date symlink: /home/yurs/softleg_ws/install/softleg_gazebo/share/softleg_gazebo/environment/ament_prefix_path.sh
[0.065s] -- Up-to-date symlink: /home/yurs/softleg_ws/install/softleg_gazebo/share/softleg_gazebo/environment/ament_prefix_path.dsv
[0.065s] -- Up-to-date symlink: /home/yurs/softleg_ws/install/softleg_gazebo/share/softleg_gazebo/environment/path.sh
[0.065s] -- Up-to-date symlink: /home/yurs/softleg_ws/install/softleg_gazebo/share/softleg_gazebo/environment/path.dsv
[0.065s] -- Up-to-date symlink: /home/yurs/softleg_ws/install/softleg_gazebo/share/softleg_gazebo/local_setup.bash
[0.065s] -- Up-to-date symlink: /home/yurs/softleg_ws/install/softleg_gazebo/share/softleg_gazebo/local_setup.sh
[0.066s] -- Up-to-date symlink: /home/yurs/softleg_ws/install/softleg_gazebo/share/softleg_gazebo/local_setup.zsh
[0.066s] -- Up-to-date symlink: /home/yurs/softleg_ws/install/softleg_gazebo/share/softleg_gazebo/local_setup.dsv
[0.066s] -- Symlinking: /home/yurs/softleg_ws/install/softleg_gazebo/share/softleg_gazebo/package.dsv
[0.073s] -- Up-to-date symlink: /home/yurs/softleg_ws/install/softleg_gazebo/share/ament_index/resource_index/packages/softleg_gazebo
[0.073s] -- Up-to-date symlink: /home/yurs/softleg_ws/install/softleg_gazebo/share/softleg_gazebo/cmake/softleg_gazeboConfig.cmake
[0.073s] -- Up-to-date symlink: /home/yurs/softleg_ws/install/softleg_gazebo/share/softleg_gazebo/cmake/softleg_gazeboConfig-version.cmake
[0.073s] -- Up-to-date symlink: /home/yurs/softleg_ws/install/softleg_gazebo/share/softleg_gazebo/package.xml
[0.075s] Invoked command in '/home/yurs/softleg_ws/build/softleg_gazebo' returned '0': CMAKE_PREFIX_PATH=/home/yurs/softleg_ws/install/softleg_description:/home/yurs/softleg_ws/install/softleg_gazebo:/home/yurs/softleg_ws/install/rbt_pd_cnt:/home/yurs/softleg_ws/install/pi3hat_moteus_int_msgs:/home/yurs/softleg_ws/install/rlg_quad_controller:/home/yurs/softleg_ws/install/jumping_experiments:/opt/ros/humble /usr/bin/cmake --install /home/yurs/softleg_ws/build/softleg_gazebo
