[0.126s] DEBUG:colcon:Command line arguments: ['/usr/bin/colcon', 'build', '--symlink-install']
[0.127s] DEBUG:colcon:Parsed command line arguments: Namespace(log_base=None, log_level=None, verb_name='build', build_base='build', install_base='install', merge_install=False, symlink_install=True, test_result_base=None, continue_on_error=False, executor='parallel', parallel_workers=8, event_handlers=None, ignore_user_meta=False, metas=['./colcon.meta'], base_paths=['.'], packages_ignore=None, packages_ignore_regex=None, paths=None, packages_up_to=None, packages_up_to_regex=None, packages_above=None, packages_above_and_dependencies=None, packages_above_depth=None, packages_select_by_dep=None, packages_skip_by_dep=None, packages_skip_up_to=None, packages_select_build_failed=False, packages_skip_build_finished=False, packages_select_test_failures=False, packages_skip_test_passed=False, packages_select=None, packages_skip=None, packages_select_regex=None, packages_skip_regex=None, packages_start=None, packages_end=None, cmake_args=None, cmake_target=None, cmake_target_skip_unavailable=False, cmake_clean_cache=False, cmake_clean_first=False, cmake_force_configure=False, ament_cmake_args=None, catkin_cmake_args=None, catkin_skip_building_tests=False, mixin_files=None, mixin=None, verb_parser=<colcon_mixin.mixin.mixin_argument.MixinArgumentDecorator object at 0x7c9cd35eacb0>, verb_extension=<colcon_core.verb.build.BuildVerb object at 0x7c9cd35630a0>, main=<bound method BuildVerb.main of <colcon_core.verb.build.BuildVerb object at 0x7c9cd35630a0>>, mixin_verb=('build',))
[0.228s] Level 1:colcon.colcon_core.package_discovery:discover_packages(colcon_meta) check parameters
[0.228s] Level 1:colcon.colcon_core.package_discovery:discover_packages(recursive) check parameters
[0.228s] Level 1:colcon.colcon_core.package_discovery:discover_packages(ignore) check parameters
[0.228s] Level 1:colcon.colcon_core.package_discovery:discover_packages(path) check parameters
[0.228s] Level 1:colcon.colcon_core.package_discovery:discover_packages(colcon_meta) discover
[0.228s] Level 1:colcon.colcon_core.package_discovery:discover_packages(recursive) discover
[0.228s] INFO:colcon.colcon_core.package_discovery:Crawling recursively for packages in '/home/yurs/softleg_ws'
[0.228s] Level 1:colcon.colcon_core.package_identification:_identify(.) by extensions ['ignore', 'ignore_ament_install']
[0.228s] Level 1:colcon.colcon_core.package_identification:_identify(.) by extension 'ignore'
[0.228s] Level 1:colcon.colcon_core.package_identification:_identify(.) by extension 'ignore_ament_install'
[0.228s] Level 1:colcon.colcon_core.package_identification:_identify(.) by extensions ['colcon_pkg']
[0.228s] Level 1:colcon.colcon_core.package_identification:_identify(.) by extension 'colcon_pkg'
[0.228s] Level 1:colcon.colcon_core.package_identification:_identify(.) by extensions ['colcon_meta']
[0.228s] Level 1:colcon.colcon_core.package_identification:_identify(.) by extension 'colcon_meta'
[0.228s] Level 1:colcon.colcon_core.package_identification:_identify(.) by extensions ['ros']
[0.228s] Level 1:colcon.colcon_core.package_identification:_identify(.) by extension 'ros'
[0.238s] Level 1:colcon.colcon_core.package_identification:_identify(.) by extensions ['cmake', 'python']
[0.238s] Level 1:colcon.colcon_core.package_identification:_identify(.) by extension 'cmake'
[0.238s] Level 1:colcon.colcon_core.package_identification:_identify(.) by extension 'python'
[0.238s] Level 1:colcon.colcon_core.package_identification:_identify(.) by extensions ['python_setup_py']
[0.238s] Level 1:colcon.colcon_core.package_identification:_identify(.) by extension 'python_setup_py'
[0.238s] Level 1:colcon.colcon_core.package_identification:_identify(build) by extensions ['ignore', 'ignore_ament_install']
[0.238s] Level 1:colcon.colcon_core.package_identification:_identify(build) by extension 'ignore'
[0.238s] Level 1:colcon.colcon_core.package_identification:_identify(build) ignored
[0.238s] Level 1:colcon.colcon_core.package_identification:_identify(install) by extensions ['ignore', 'ignore_ament_install']
[0.238s] Level 1:colcon.colcon_core.package_identification:_identify(install) by extension 'ignore'
[0.239s] Level 1:colcon.colcon_core.package_identification:_identify(install) ignored
[0.239s] Level 1:colcon.colcon_core.package_identification:_identify(log) by extensions ['ignore', 'ignore_ament_install']
[0.239s] Level 1:colcon.colcon_core.package_identification:_identify(log) by extension 'ignore'
[0.239s] Level 1:colcon.colcon_core.package_identification:_identify(log) ignored
[0.239s] Level 1:colcon.colcon_core.package_identification:_identify(src) by extensions ['ignore', 'ignore_ament_install']
[0.239s] Level 1:colcon.colcon_core.package_identification:_identify(src) by extension 'ignore'
[0.239s] Level 1:colcon.colcon_core.package_identification:_identify(src) by extension 'ignore_ament_install'
[0.239s] Level 1:colcon.colcon_core.package_identification:_identify(src) by extensions ['colcon_pkg']
[0.239s] Level 1:colcon.colcon_core.package_identification:_identify(src) by extension 'colcon_pkg'
[0.239s] Level 1:colcon.colcon_core.package_identification:_identify(src) by extensions ['colcon_meta']
[0.239s] Level 1:colcon.colcon_core.package_identification:_identify(src) by extension 'colcon_meta'
[0.239s] Level 1:colcon.colcon_core.package_identification:_identify(src) by extensions ['ros']
[0.239s] Level 1:colcon.colcon_core.package_identification:_identify(src) by extension 'ros'
[0.239s] Level 1:colcon.colcon_core.package_identification:_identify(src) by extensions ['cmake', 'python']
[0.239s] Level 1:colcon.colcon_core.package_identification:_identify(src) by extension 'cmake'
[0.239s] Level 1:colcon.colcon_core.package_identification:_identify(src) by extension 'python'
[0.239s] Level 1:colcon.colcon_core.package_identification:_identify(src) by extensions ['python_setup_py']
[0.239s] Level 1:colcon.colcon_core.package_identification:_identify(src) by extension 'python_setup_py'
[0.239s] Level 1:colcon.colcon_core.package_identification:_identify(src/jumping_experiments) by extensions ['ignore', 'ignore_ament_install']
[0.239s] Level 1:colcon.colcon_core.package_identification:_identify(src/jumping_experiments) by extension 'ignore'
[0.239s] Level 1:colcon.colcon_core.package_identification:_identify(src/jumping_experiments) by extension 'ignore_ament_install'
[0.239s] Level 1:colcon.colcon_core.package_identification:_identify(src/jumping_experiments) by extensions ['colcon_pkg']
[0.239s] Level 1:colcon.colcon_core.package_identification:_identify(src/jumping_experiments) by extension 'colcon_pkg'
[0.239s] Level 1:colcon.colcon_core.package_identification:_identify(src/jumping_experiments) by extensions ['colcon_meta']
[0.239s] Level 1:colcon.colcon_core.package_identification:_identify(src/jumping_experiments) by extension 'colcon_meta'
[0.239s] Level 1:colcon.colcon_core.package_identification:_identify(src/jumping_experiments) by extensions ['ros']
[0.239s] Level 1:colcon.colcon_core.package_identification:_identify(src/jumping_experiments) by extension 'ros'
[0.241s] DEBUG:colcon.colcon_core.package_identification:Package 'src/jumping_experiments' with type 'ros.ament_python' and name 'jumping_experiments'
[0.242s] Level 1:colcon.colcon_core.package_identification:_identify(src/pi3hat_moteus_int_msgs) by extensions ['ignore', 'ignore_ament_install']
[0.242s] Level 1:colcon.colcon_core.package_identification:_identify(src/pi3hat_moteus_int_msgs) by extension 'ignore'
[0.242s] Level 1:colcon.colcon_core.package_identification:_identify(src/pi3hat_moteus_int_msgs) by extension 'ignore_ament_install'
[0.242s] Level 1:colcon.colcon_core.package_identification:_identify(src/pi3hat_moteus_int_msgs) by extensions ['colcon_pkg']
[0.242s] Level 1:colcon.colcon_core.package_identification:_identify(src/pi3hat_moteus_int_msgs) by extension 'colcon_pkg'
[0.242s] Level 1:colcon.colcon_core.package_identification:_identify(src/pi3hat_moteus_int_msgs) by extensions ['colcon_meta']
[0.242s] Level 1:colcon.colcon_core.package_identification:_identify(src/pi3hat_moteus_int_msgs) by extension 'colcon_meta'
[0.242s] Level 1:colcon.colcon_core.package_identification:_identify(src/pi3hat_moteus_int_msgs) by extensions ['ros']
[0.242s] Level 1:colcon.colcon_core.package_identification:_identify(src/pi3hat_moteus_int_msgs) by extension 'ros'
[0.242s] DEBUG:colcon.colcon_core.package_identification:Package 'src/pi3hat_moteus_int_msgs' with type 'ros.ament_cmake' and name 'pi3hat_moteus_int_msgs'
[0.242s] Level 1:colcon.colcon_core.package_identification:_identify(src/rbt_pd_cnt) by extensions ['ignore', 'ignore_ament_install']
[0.242s] Level 1:colcon.colcon_core.package_identification:_identify(src/rbt_pd_cnt) by extension 'ignore'
[0.242s] Level 1:colcon.colcon_core.package_identification:_identify(src/rbt_pd_cnt) by extension 'ignore_ament_install'
[0.243s] Level 1:colcon.colcon_core.package_identification:_identify(src/rbt_pd_cnt) by extensions ['colcon_pkg']
[0.243s] Level 1:colcon.colcon_core.package_identification:_identify(src/rbt_pd_cnt) by extension 'colcon_pkg'
[0.243s] Level 1:colcon.colcon_core.package_identification:_identify(src/rbt_pd_cnt) by extensions ['colcon_meta']
[0.243s] Level 1:colcon.colcon_core.package_identification:_identify(src/rbt_pd_cnt) by extension 'colcon_meta'
[0.243s] Level 1:colcon.colcon_core.package_identification:_identify(src/rbt_pd_cnt) by extensions ['ros']
[0.243s] Level 1:colcon.colcon_core.package_identification:_identify(src/rbt_pd_cnt) by extension 'ros'
[0.243s] DEBUG:colcon.colcon_core.package_identification:Package 'src/rbt_pd_cnt' with type 'ros.ament_cmake' and name 'rbt_pd_cnt'
[0.243s] Level 1:colcon.colcon_core.package_identification:_identify(src/rlg_quad_controller) by extensions ['ignore', 'ignore_ament_install']
[0.243s] Level 1:colcon.colcon_core.package_identification:_identify(src/rlg_quad_controller) by extension 'ignore'
[0.243s] Level 1:colcon.colcon_core.package_identification:_identify(src/rlg_quad_controller) by extension 'ignore_ament_install'
[0.243s] Level 1:colcon.colcon_core.package_identification:_identify(src/rlg_quad_controller) by extensions ['colcon_pkg']
[0.243s] Level 1:colcon.colcon_core.package_identification:_identify(src/rlg_quad_controller) by extension 'colcon_pkg'
[0.243s] Level 1:colcon.colcon_core.package_identification:_identify(src/rlg_quad_controller) by extensions ['colcon_meta']
[0.243s] Level 1:colcon.colcon_core.package_identification:_identify(src/rlg_quad_controller) by extension 'colcon_meta'
[0.244s] Level 1:colcon.colcon_core.package_identification:_identify(src/rlg_quad_controller) by extensions ['ros']
[0.244s] Level 1:colcon.colcon_core.package_identification:_identify(src/rlg_quad_controller) by extension 'ros'
[0.244s] DEBUG:colcon.colcon_core.package_identification:Package 'src/rlg_quad_controller' with type 'ros.ament_python' and name 'rlg_quad_controller'
[0.244s] Level 1:colcon.colcon_core.package_identification:_identify(src/softleg_description) by extensions ['ignore', 'ignore_ament_install']
[0.244s] Level 1:colcon.colcon_core.package_identification:_identify(src/softleg_description) by extension 'ignore'
[0.244s] Level 1:colcon.colcon_core.package_identification:_identify(src/softleg_description) by extension 'ignore_ament_install'
[0.244s] Level 1:colcon.colcon_core.package_identification:_identify(src/softleg_description) by extensions ['colcon_pkg']
[0.244s] Level 1:colcon.colcon_core.package_identification:_identify(src/softleg_description) by extension 'colcon_pkg'
[0.244s] Level 1:colcon.colcon_core.package_identification:_identify(src/softleg_description) by extensions ['colcon_meta']
[0.244s] Level 1:colcon.colcon_core.package_identification:_identify(src/softleg_description) by extension 'colcon_meta'
[0.244s] Level 1:colcon.colcon_core.package_identification:_identify(src/softleg_description) by extensions ['ros']
[0.244s] Level 1:colcon.colcon_core.package_identification:_identify(src/softleg_description) by extension 'ros'
[0.245s] DEBUG:colcon.colcon_core.package_identification:Package 'src/softleg_description' with type 'ros.ament_cmake' and name 'softleg_description'
[0.245s] Level 1:colcon.colcon_core.package_identification:_identify(src/softleg_gazebo) by extensions ['ignore', 'ignore_ament_install']
[0.245s] Level 1:colcon.colcon_core.package_identification:_identify(src/softleg_gazebo) by extension 'ignore'
[0.245s] Level 1:colcon.colcon_core.package_identification:_identify(src/softleg_gazebo) by extension 'ignore_ament_install'
[0.245s] Level 1:colcon.colcon_core.package_identification:_identify(src/softleg_gazebo) by extensions ['colcon_pkg']
[0.245s] Level 1:colcon.colcon_core.package_identification:_identify(src/softleg_gazebo) by extension 'colcon_pkg'
[0.245s] Level 1:colcon.colcon_core.package_identification:_identify(src/softleg_gazebo) by extensions ['colcon_meta']
[0.245s] Level 1:colcon.colcon_core.package_identification:_identify(src/softleg_gazebo) by extension 'colcon_meta'
[0.245s] Level 1:colcon.colcon_core.package_identification:_identify(src/softleg_gazebo) by extensions ['ros']
[0.245s] Level 1:colcon.colcon_core.package_identification:_identify(src/softleg_gazebo) by extension 'ros'
[0.245s] DEBUG:colcon.colcon_core.package_identification:Package 'src/softleg_gazebo' with type 'ros.ament_cmake' and name 'softleg_gazebo'
[0.245s] Level 1:colcon.colcon_core.package_discovery:discover_packages(recursive) using defaults
[0.245s] Level 1:colcon.colcon_core.package_discovery:discover_packages(ignore) discover
[0.245s] Level 1:colcon.colcon_core.package_discovery:discover_packages(ignore) using defaults
[0.245s] Level 1:colcon.colcon_core.package_discovery:discover_packages(path) discover
[0.245s] Level 1:colcon.colcon_core.package_discovery:discover_packages(path) using defaults
[0.263s] Level 5:colcon.colcon_core.verb:set package 'jumping_experiments' build argument 'cmake_args' from command line to 'None'
[0.263s] Level 5:colcon.colcon_core.verb:set package 'jumping_experiments' build argument 'cmake_target' from command line to 'None'
[0.263s] Level 5:colcon.colcon_core.verb:set package 'jumping_experiments' build argument 'cmake_target_skip_unavailable' from command line to 'False'
[0.263s] Level 5:colcon.colcon_core.verb:set package 'jumping_experiments' build argument 'cmake_clean_cache' from command line to 'False'
[0.263s] Level 5:colcon.colcon_core.verb:set package 'jumping_experiments' build argument 'cmake_clean_first' from command line to 'False'
[0.263s] Level 5:colcon.colcon_core.verb:set package 'jumping_experiments' build argument 'cmake_force_configure' from command line to 'False'
[0.263s] Level 5:colcon.colcon_core.verb:set package 'jumping_experiments' build argument 'ament_cmake_args' from command line to 'None'
[0.263s] Level 5:colcon.colcon_core.verb:set package 'jumping_experiments' build argument 'catkin_cmake_args' from command line to 'None'
[0.263s] Level 5:colcon.colcon_core.verb:set package 'jumping_experiments' build argument 'catkin_skip_building_tests' from command line to 'False'
[0.263s] DEBUG:colcon.colcon_core.verb:Building package 'jumping_experiments' with the following arguments: {'ament_cmake_args': None, 'build_base': '/home/yurs/softleg_ws/build/jumping_experiments', 'catkin_cmake_args': None, 'catkin_skip_building_tests': False, 'cmake_args': None, 'cmake_clean_cache': False, 'cmake_clean_first': False, 'cmake_force_configure': False, 'cmake_target': None, 'cmake_target_skip_unavailable': False, 'install_base': '/home/yurs/softleg_ws/install/jumping_experiments', 'merge_install': False, 'path': '/home/yurs/softleg_ws/src/jumping_experiments', 'symlink_install': True, 'test_result_base': None}
[0.263s] Level 5:colcon.colcon_core.verb:set package 'pi3hat_moteus_int_msgs' build argument 'cmake_args' from command line to 'None'
[0.263s] Level 5:colcon.colcon_core.verb:set package 'pi3hat_moteus_int_msgs' build argument 'cmake_target' from command line to 'None'
[0.263s] Level 5:colcon.colcon_core.verb:set package 'pi3hat_moteus_int_msgs' build argument 'cmake_target_skip_unavailable' from command line to 'False'
[0.263s] Level 5:colcon.colcon_core.verb:set package 'pi3hat_moteus_int_msgs' build argument 'cmake_clean_cache' from command line to 'False'
[0.263s] Level 5:colcon.colcon_core.verb:set package 'pi3hat_moteus_int_msgs' build argument 'cmake_clean_first' from command line to 'False'
[0.263s] Level 5:colcon.colcon_core.verb:set package 'pi3hat_moteus_int_msgs' build argument 'cmake_force_configure' from command line to 'False'
[0.263s] Level 5:colcon.colcon_core.verb:set package 'pi3hat_moteus_int_msgs' build argument 'ament_cmake_args' from command line to 'None'
[0.263s] Level 5:colcon.colcon_core.verb:set package 'pi3hat_moteus_int_msgs' build argument 'catkin_cmake_args' from command line to 'None'
[0.263s] Level 5:colcon.colcon_core.verb:set package 'pi3hat_moteus_int_msgs' build argument 'catkin_skip_building_tests' from command line to 'False'
[0.263s] DEBUG:colcon.colcon_core.verb:Building package 'pi3hat_moteus_int_msgs' with the following arguments: {'ament_cmake_args': None, 'build_base': '/home/yurs/softleg_ws/build/pi3hat_moteus_int_msgs', 'catkin_cmake_args': None, 'catkin_skip_building_tests': False, 'cmake_args': None, 'cmake_clean_cache': False, 'cmake_clean_first': False, 'cmake_force_configure': False, 'cmake_target': None, 'cmake_target_skip_unavailable': False, 'install_base': '/home/yurs/softleg_ws/install/pi3hat_moteus_int_msgs', 'merge_install': False, 'path': '/home/yurs/softleg_ws/src/pi3hat_moteus_int_msgs', 'symlink_install': True, 'test_result_base': None}
[0.263s] Level 5:colcon.colcon_core.verb:set package 'rbt_pd_cnt' build argument 'cmake_args' from command line to 'None'
[0.263s] Level 5:colcon.colcon_core.verb:set package 'rbt_pd_cnt' build argument 'cmake_target' from command line to 'None'
[0.263s] Level 5:colcon.colcon_core.verb:set package 'rbt_pd_cnt' build argument 'cmake_target_skip_unavailable' from command line to 'False'
[0.263s] Level 5:colcon.colcon_core.verb:set package 'rbt_pd_cnt' build argument 'cmake_clean_cache' from command line to 'False'
[0.263s] Level 5:colcon.colcon_core.verb:set package 'rbt_pd_cnt' build argument 'cmake_clean_first' from command line to 'False'
[0.263s] Level 5:colcon.colcon_core.verb:set package 'rbt_pd_cnt' build argument 'cmake_force_configure' from command line to 'False'
[0.263s] Level 5:colcon.colcon_core.verb:set package 'rbt_pd_cnt' build argument 'ament_cmake_args' from command line to 'None'
[0.263s] Level 5:colcon.colcon_core.verb:set package 'rbt_pd_cnt' build argument 'catkin_cmake_args' from command line to 'None'
[0.264s] Level 5:colcon.colcon_core.verb:set package 'rbt_pd_cnt' build argument 'catkin_skip_building_tests' from command line to 'False'
[0.264s] DEBUG:colcon.colcon_core.verb:Building package 'rbt_pd_cnt' with the following arguments: {'ament_cmake_args': None, 'build_base': '/home/yurs/softleg_ws/build/rbt_pd_cnt', 'catkin_cmake_args': None, 'catkin_skip_building_tests': False, 'cmake_args': None, 'cmake_clean_cache': False, 'cmake_clean_first': False, 'cmake_force_configure': False, 'cmake_target': None, 'cmake_target_skip_unavailable': False, 'install_base': '/home/yurs/softleg_ws/install/rbt_pd_cnt', 'merge_install': False, 'path': '/home/yurs/softleg_ws/src/rbt_pd_cnt', 'symlink_install': True, 'test_result_base': None}
[0.264s] Level 5:colcon.colcon_core.verb:set package 'softleg_description' build argument 'cmake_args' from command line to 'None'
[0.264s] Level 5:colcon.colcon_core.verb:set package 'softleg_description' build argument 'cmake_target' from command line to 'None'
[0.264s] Level 5:colcon.colcon_core.verb:set package 'softleg_description' build argument 'cmake_target_skip_unavailable' from command line to 'False'
[0.264s] Level 5:colcon.colcon_core.verb:set package 'softleg_description' build argument 'cmake_clean_cache' from command line to 'False'
[0.264s] Level 5:colcon.colcon_core.verb:set package 'softleg_description' build argument 'cmake_clean_first' from command line to 'False'
[0.264s] Level 5:colcon.colcon_core.verb:set package 'softleg_description' build argument 'cmake_force_configure' from command line to 'False'
[0.264s] Level 5:colcon.colcon_core.verb:set package 'softleg_description' build argument 'ament_cmake_args' from command line to 'None'
[0.264s] Level 5:colcon.colcon_core.verb:set package 'softleg_description' build argument 'catkin_cmake_args' from command line to 'None'
[0.264s] Level 5:colcon.colcon_core.verb:set package 'softleg_description' build argument 'catkin_skip_building_tests' from command line to 'False'
[0.264s] DEBUG:colcon.colcon_core.verb:Building package 'softleg_description' with the following arguments: {'ament_cmake_args': None, 'build_base': '/home/yurs/softleg_ws/build/softleg_description', 'catkin_cmake_args': None, 'catkin_skip_building_tests': False, 'cmake_args': None, 'cmake_clean_cache': False, 'cmake_clean_first': False, 'cmake_force_configure': False, 'cmake_target': None, 'cmake_target_skip_unavailable': False, 'install_base': '/home/yurs/softleg_ws/install/softleg_description', 'merge_install': False, 'path': '/home/yurs/softleg_ws/src/softleg_description', 'symlink_install': True, 'test_result_base': None}
[0.264s] Level 5:colcon.colcon_core.verb:set package 'rlg_quad_controller' build argument 'cmake_args' from command line to 'None'
[0.264s] Level 5:colcon.colcon_core.verb:set package 'rlg_quad_controller' build argument 'cmake_target' from command line to 'None'
[0.264s] Level 5:colcon.colcon_core.verb:set package 'rlg_quad_controller' build argument 'cmake_target_skip_unavailable' from command line to 'False'
[0.264s] Level 5:colcon.colcon_core.verb:set package 'rlg_quad_controller' build argument 'cmake_clean_cache' from command line to 'False'
[0.264s] Level 5:colcon.colcon_core.verb:set package 'rlg_quad_controller' build argument 'cmake_clean_first' from command line to 'False'
[0.264s] Level 5:colcon.colcon_core.verb:set package 'rlg_quad_controller' build argument 'cmake_force_configure' from command line to 'False'
[0.264s] Level 5:colcon.colcon_core.verb:set package 'rlg_quad_controller' build argument 'ament_cmake_args' from command line to 'None'
[0.264s] Level 5:colcon.colcon_core.verb:set package 'rlg_quad_controller' build argument 'catkin_cmake_args' from command line to 'None'
[0.264s] Level 5:colcon.colcon_core.verb:set package 'rlg_quad_controller' build argument 'catkin_skip_building_tests' from command line to 'False'
[0.264s] DEBUG:colcon.colcon_core.verb:Building package 'rlg_quad_controller' with the following arguments: {'ament_cmake_args': None, 'build_base': '/home/yurs/softleg_ws/build/rlg_quad_controller', 'catkin_cmake_args': None, 'catkin_skip_building_tests': False, 'cmake_args': None, 'cmake_clean_cache': False, 'cmake_clean_first': False, 'cmake_force_configure': False, 'cmake_target': None, 'cmake_target_skip_unavailable': False, 'install_base': '/home/yurs/softleg_ws/install/rlg_quad_controller', 'merge_install': False, 'path': '/home/yurs/softleg_ws/src/rlg_quad_controller', 'symlink_install': True, 'test_result_base': None}
[0.264s] Level 5:colcon.colcon_core.verb:set package 'softleg_gazebo' build argument 'cmake_args' from command line to 'None'
[0.264s] Level 5:colcon.colcon_core.verb:set package 'softleg_gazebo' build argument 'cmake_target' from command line to 'None'
[0.264s] Level 5:colcon.colcon_core.verb:set package 'softleg_gazebo' build argument 'cmake_target_skip_unavailable' from command line to 'False'
[0.264s] Level 5:colcon.colcon_core.verb:set package 'softleg_gazebo' build argument 'cmake_clean_cache' from command line to 'False'
[0.264s] Level 5:colcon.colcon_core.verb:set package 'softleg_gazebo' build argument 'cmake_clean_first' from command line to 'False'
[0.264s] Level 5:colcon.colcon_core.verb:set package 'softleg_gazebo' build argument 'cmake_force_configure' from command line to 'False'
[0.264s] Level 5:colcon.colcon_core.verb:set package 'softleg_gazebo' build argument 'ament_cmake_args' from command line to 'None'
[0.264s] Level 5:colcon.colcon_core.verb:set package 'softleg_gazebo' build argument 'catkin_cmake_args' from command line to 'None'
[0.264s] Level 5:colcon.colcon_core.verb:set package 'softleg_gazebo' build argument 'catkin_skip_building_tests' from command line to 'False'
[0.264s] DEBUG:colcon.colcon_core.verb:Building package 'softleg_gazebo' with the following arguments: {'ament_cmake_args': None, 'build_base': '/home/yurs/softleg_ws/build/softleg_gazebo', 'catkin_cmake_args': None, 'catkin_skip_building_tests': False, 'cmake_args': None, 'cmake_clean_cache': False, 'cmake_clean_first': False, 'cmake_force_configure': False, 'cmake_target': None, 'cmake_target_skip_unavailable': False, 'install_base': '/home/yurs/softleg_ws/install/softleg_gazebo', 'merge_install': False, 'path': '/home/yurs/softleg_ws/src/softleg_gazebo', 'symlink_install': True, 'test_result_base': None}
[0.265s] INFO:colcon.colcon_core.executor:Executing jobs using 'parallel' executor
[0.265s] DEBUG:colcon.colcon_parallel_executor.executor.parallel:run_until_complete
[0.265s] INFO:colcon.colcon_ros.task.ament_cmake.build:Building ROS package in '/home/yurs/softleg_ws/src/pi3hat_moteus_int_msgs' with build type 'ament_cmake'
[0.265s] INFO:colcon.colcon_cmake.task.cmake.build:Building CMake package in '/home/yurs/softleg_ws/src/pi3hat_moteus_int_msgs'
[0.268s] INFO:colcon.colcon_core.plugin_system:Skipping extension 'colcon_core.shell.bat': Not used on non-Windows systems
[0.268s] INFO:colcon.colcon_core.shell:Skip shell extension 'powershell' for command environment: Not usable outside of PowerShell
[0.268s] DEBUG:colcon.colcon_core.shell:Skip shell extension 'dsv' for command environment
[0.272s] INFO:colcon.colcon_ros.task.ament_cmake.build:Building ROS package in '/home/yurs/softleg_ws/src/softleg_description' with build type 'ament_cmake'
[0.272s] INFO:colcon.colcon_cmake.task.cmake.build:Building CMake package in '/home/yurs/softleg_ws/src/softleg_description'
[0.272s] INFO:colcon.colcon_core.shell:Skip shell extension 'powershell' for command environment: Not usable outside of PowerShell
[0.272s] DEBUG:colcon.colcon_core.shell:Skip shell extension 'dsv' for command environment
[0.274s] INFO:colcon.colcon_ros.task.ament_python.build:Building ROS package in '/home/yurs/softleg_ws/src/jumping_experiments' with build type 'ament_python'
[0.274s] Level 1:colcon.colcon_core.shell:create_environment_hook('jumping_experiments', 'ament_prefix_path')
[0.274s] INFO:colcon.colcon_core.shell:Creating environment hook '/home/yurs/softleg_ws/install/jumping_experiments/share/jumping_experiments/hook/ament_prefix_path.ps1'
[0.275s] INFO:colcon.colcon_core.shell:Creating environment descriptor '/home/yurs/softleg_ws/install/jumping_experiments/share/jumping_experiments/hook/ament_prefix_path.dsv'
[0.275s] INFO:colcon.colcon_core.shell:Creating environment hook '/home/yurs/softleg_ws/install/jumping_experiments/share/jumping_experiments/hook/ament_prefix_path.sh'
[0.275s] INFO:colcon.colcon_core.shell:Skip shell extension 'powershell' for command environment: Not usable outside of PowerShell
[0.275s] DEBUG:colcon.colcon_core.shell:Skip shell extension 'dsv' for command environment
[0.277s] INFO:colcon.colcon_ros.task.ament_cmake.build:Building ROS package in '/home/yurs/softleg_ws/src/rbt_pd_cnt' with build type 'ament_cmake'
[0.277s] INFO:colcon.colcon_cmake.task.cmake.build:Building CMake package in '/home/yurs/softleg_ws/src/rbt_pd_cnt'
[0.277s] INFO:colcon.colcon_core.shell:Skip shell extension 'powershell' for command environment: Not usable outside of PowerShell
[0.277s] DEBUG:colcon.colcon_core.shell:Skip shell extension 'dsv' for command environment
[0.282s] DEBUG:colcon.colcon_core.event_handler.log_command:Invoking command in '/home/yurs/softleg_ws/build/pi3hat_moteus_int_msgs': CMAKE_PREFIX_PATH=/opt/ros/humble /usr/bin/cmake --build /home/yurs/softleg_ws/build/pi3hat_moteus_int_msgs -- -j8 -l8
[0.286s] DEBUG:colcon.colcon_core.event_handler.log_command:Invoking command in '/home/yurs/softleg_ws/build/softleg_description': CMAKE_PREFIX_PATH=/opt/ros/humble /usr/bin/cmake --build /home/yurs/softleg_ws/build/softleg_description -- -j8 -l8
[0.457s] INFO:colcon.colcon_core.task.python.build:Building Python package in '/home/yurs/softleg_ws/src/jumping_experiments'
[0.457s] INFO:colcon.colcon_core.shell:Skip shell extension 'powershell' for command environment: Not usable outside of PowerShell
[0.457s] DEBUG:colcon.colcon_core.shell:Skip shell extension 'dsv' for command environment
[0.464s] DEBUG:colcon.colcon_core.event_handler.log_command:Invoking command in '/home/yurs/softleg_ws/build/rbt_pd_cnt': CMAKE_PREFIX_PATH=/opt/ros/humble /usr/bin/cmake /home/yurs/softleg_ws/src/rbt_pd_cnt -DAMENT_CMAKE_SYMLINK_INSTALL=1 -DCMAKE_INSTALL_PREFIX=/home/yurs/softleg_ws/install/rbt_pd_cnt
[0.470s] DEBUG:colcon.colcon_core.event_handler.log_command:Invoked command in '/home/yurs/softleg_ws/build/softleg_description' returned '0': CMAKE_PREFIX_PATH=/opt/ros/humble /usr/bin/cmake --build /home/yurs/softleg_ws/build/softleg_description -- -j8 -l8
[0.493s] DEBUG:colcon.colcon_core.event_handler.log_command:Invoking command in '/home/yurs/softleg_ws/build/softleg_description': CMAKE_PREFIX_PATH=/opt/ros/humble /usr/bin/cmake --install /home/yurs/softleg_ws/build/softleg_description
[0.537s] Level 1:colcon.colcon_core.environment:create_environment_scripts_only(softleg_description)
[0.537s] DEBUG:colcon.colcon_core.event_handler.log_command:Invoked command in '/home/yurs/softleg_ws/build/softleg_description' returned '0': CMAKE_PREFIX_PATH=/opt/ros/humble /usr/bin/cmake --install /home/yurs/softleg_ws/build/softleg_description
[0.540s] Level 1:colcon.colcon_core.environment:checking '/home/yurs/softleg_ws/install/softleg_description' for CMake module files
[0.540s] Level 1:colcon.colcon_core.environment:checking '/home/yurs/softleg_ws/install/softleg_description' for CMake config files
[0.541s] Level 1:colcon.colcon_core.shell:create_environment_hook('softleg_description', 'cmake_prefix_path')
[0.541s] INFO:colcon.colcon_core.shell:Creating environment hook '/home/yurs/softleg_ws/install/softleg_description/share/softleg_description/hook/cmake_prefix_path.ps1'
[0.541s] INFO:colcon.colcon_core.shell:Creating environment descriptor '/home/yurs/softleg_ws/install/softleg_description/share/softleg_description/hook/cmake_prefix_path.dsv'
[0.542s] INFO:colcon.colcon_core.shell:Creating environment hook '/home/yurs/softleg_ws/install/softleg_description/share/softleg_description/hook/cmake_prefix_path.sh'
[0.542s] Level 1:colcon.colcon_core.environment:checking '/home/yurs/softleg_ws/install/softleg_description/bin'
[0.542s] Level 1:colcon.colcon_core.environment:checking '/home/yurs/softleg_ws/install/softleg_description/lib/pkgconfig/softleg_description.pc'
[0.542s] Level 1:colcon.colcon_core.environment:checking '/home/yurs/softleg_ws/install/softleg_description/lib/python3.10/site-packages'
[0.542s] Level 1:colcon.colcon_core.environment:checking '/home/yurs/softleg_ws/install/softleg_description/bin'
[0.543s] INFO:colcon.colcon_core.shell:Creating package script '/home/yurs/softleg_ws/install/softleg_description/share/softleg_description/package.ps1'
[0.544s] INFO:colcon.colcon_core.shell:Creating package descriptor '/home/yurs/softleg_ws/install/softleg_description/share/softleg_description/package.dsv'
[0.544s] INFO:colcon.colcon_core.shell:Creating package script '/home/yurs/softleg_ws/install/softleg_description/share/softleg_description/package.sh'
[0.545s] INFO:colcon.colcon_core.shell:Creating package script '/home/yurs/softleg_ws/install/softleg_description/share/softleg_description/package.bash'
[0.545s] INFO:colcon.colcon_core.shell:Creating package script '/home/yurs/softleg_ws/install/softleg_description/share/softleg_description/package.zsh'
[0.546s] Level 1:colcon.colcon_core.environment:create_file_with_runtime_dependencies(/home/yurs/softleg_ws/install/softleg_description/share/colcon-core/packages/softleg_description)
[0.579s] Level 1:colcon.colcon_core.environment:create_environment_scripts_only(softleg_description)
[0.579s] Level 1:colcon.colcon_core.environment:checking '/home/yurs/softleg_ws/install/softleg_description' for CMake module files
[0.580s] Level 1:colcon.colcon_core.environment:checking '/home/yurs/softleg_ws/install/softleg_description' for CMake config files
[0.581s] Level 1:colcon.colcon_core.shell:create_environment_hook('softleg_description', 'cmake_prefix_path')
[0.581s] INFO:colcon.colcon_core.shell:Creating environment hook '/home/yurs/softleg_ws/install/softleg_description/share/softleg_description/hook/cmake_prefix_path.ps1'
[0.582s] INFO:colcon.colcon_core.shell:Creating environment descriptor '/home/yurs/softleg_ws/install/softleg_description/share/softleg_description/hook/cmake_prefix_path.dsv'
[0.582s] INFO:colcon.colcon_core.shell:Creating environment hook '/home/yurs/softleg_ws/install/softleg_description/share/softleg_description/hook/cmake_prefix_path.sh'
[0.583s] Level 1:colcon.colcon_core.environment:checking '/home/yurs/softleg_ws/install/softleg_description/bin'
[0.583s] Level 1:colcon.colcon_core.environment:checking '/home/yurs/softleg_ws/install/softleg_description/lib/pkgconfig/softleg_description.pc'
[0.583s] Level 1:colcon.colcon_core.environment:checking '/home/yurs/softleg_ws/install/softleg_description/lib/python3.10/site-packages'
[0.583s] Level 1:colcon.colcon_core.environment:checking '/home/yurs/softleg_ws/install/softleg_description/bin'
[0.584s] INFO:colcon.colcon_core.shell:Creating package script '/home/yurs/softleg_ws/install/softleg_description/share/softleg_description/package.ps1'
[0.584s] INFO:colcon.colcon_core.shell:Creating package descriptor '/home/yurs/softleg_ws/install/softleg_description/share/softleg_description/package.dsv'
[0.585s] INFO:colcon.colcon_core.shell:Creating package script '/home/yurs/softleg_ws/install/softleg_description/share/softleg_description/package.sh'
[0.585s] INFO:colcon.colcon_core.shell:Creating package script '/home/yurs/softleg_ws/install/softleg_description/share/softleg_description/package.bash'
[0.585s] INFO:colcon.colcon_core.shell:Creating package script '/home/yurs/softleg_ws/install/softleg_description/share/softleg_description/package.zsh'
[0.586s] Level 1:colcon.colcon_core.environment:create_file_with_runtime_dependencies(/home/yurs/softleg_ws/install/softleg_description/share/colcon-core/packages/softleg_description)
[0.586s] INFO:colcon.colcon_ros.task.ament_cmake.build:Building ROS package in '/home/yurs/softleg_ws/src/softleg_gazebo' with build type 'ament_cmake'
[0.586s] INFO:colcon.colcon_cmake.task.cmake.build:Building CMake package in '/home/yurs/softleg_ws/src/softleg_gazebo'
[0.586s] INFO:colcon.colcon_core.shell:Skip shell extension 'powershell' for command environment: Not usable outside of PowerShell
[0.587s] DEBUG:colcon.colcon_core.shell:Skip shell extension 'dsv' for command environment
[0.591s] DEBUG:colcon.colcon_core.event_handler.log_command:Invoked command in '/home/yurs/softleg_ws/build/pi3hat_moteus_int_msgs' returned '0': CMAKE_PREFIX_PATH=/opt/ros/humble /usr/bin/cmake --build /home/yurs/softleg_ws/build/pi3hat_moteus_int_msgs -- -j8 -l8
[0.594s] DEBUG:colcon.colcon_core.event_handler.log_command:Invoking command in '/home/yurs/softleg_ws/build/softleg_gazebo': AMENT_PREFIX_PATH=/home/yurs/softleg_ws/install/softleg_description:${AMENT_PREFIX_PATH} CMAKE_PREFIX_PATH=/home/yurs/softleg_ws/install/softleg_description:/opt/ros/humble /usr/bin/cmake --build /home/yurs/softleg_ws/build/softleg_gazebo -- -j8 -l8
[0.657s] DEBUG:colcon.colcon_core.event_handler.log_command:Invoked command in '/home/yurs/softleg_ws/build/softleg_gazebo' returned '0': AMENT_PREFIX_PATH=/home/yurs/softleg_ws/install/softleg_description:${AMENT_PREFIX_PATH} CMAKE_PREFIX_PATH=/home/yurs/softleg_ws/install/softleg_description:/opt/ros/humble /usr/bin/cmake --build /home/yurs/softleg_ws/build/softleg_gazebo -- -j8 -l8
[0.674s] DEBUG:colcon.colcon_core.event_handler.log_command:Invoking command in '/home/yurs/softleg_ws/build/softleg_gazebo': AMENT_PREFIX_PATH=/home/yurs/softleg_ws/install/softleg_description:${AMENT_PREFIX_PATH} CMAKE_PREFIX_PATH=/home/yurs/softleg_ws/install/softleg_description:/opt/ros/humble /usr/bin/cmake --install /home/yurs/softleg_ws/build/softleg_gazebo
[0.707s] DEBUG:colcon.colcon_core.event_handler.log_command:Invoking command in '/home/yurs/softleg_ws/build/pi3hat_moteus_int_msgs': CMAKE_PREFIX_PATH=/opt/ros/humble /usr/bin/cmake --install /home/yurs/softleg_ws/build/pi3hat_moteus_int_msgs
[0.708s] Level 1:colcon.colcon_core.environment:create_environment_scripts_only(softleg_gazebo)
[0.716s] Level 1:colcon.colcon_core.environment:checking '/home/yurs/softleg_ws/install/softleg_gazebo' for CMake module files
[0.721s] DEBUG:colcon.colcon_core.event_handler.log_command:Invoked command in '/home/yurs/softleg_ws/build/softleg_gazebo' returned '0': AMENT_PREFIX_PATH=/home/yurs/softleg_ws/install/softleg_description:${AMENT_PREFIX_PATH} CMAKE_PREFIX_PATH=/home/yurs/softleg_ws/install/softleg_description:/opt/ros/humble /usr/bin/cmake --install /home/yurs/softleg_ws/build/softleg_gazebo
[0.726s] Level 1:colcon.colcon_core.environment:checking '/home/yurs/softleg_ws/install/softleg_gazebo' for CMake config files
[0.726s] Level 1:colcon.colcon_core.shell:create_environment_hook('softleg_gazebo', 'cmake_prefix_path')
[0.726s] INFO:colcon.colcon_core.shell:Creating environment hook '/home/yurs/softleg_ws/install/softleg_gazebo/share/softleg_gazebo/hook/cmake_prefix_path.ps1'
[0.727s] INFO:colcon.colcon_core.shell:Creating environment descriptor '/home/yurs/softleg_ws/install/softleg_gazebo/share/softleg_gazebo/hook/cmake_prefix_path.dsv'
[0.727s] INFO:colcon.colcon_core.shell:Creating environment hook '/home/yurs/softleg_ws/install/softleg_gazebo/share/softleg_gazebo/hook/cmake_prefix_path.sh'
[0.727s] Level 1:colcon.colcon_core.environment:checking '/home/yurs/softleg_ws/install/softleg_gazebo/bin'
[0.727s] Level 1:colcon.colcon_core.environment:checking '/home/yurs/softleg_ws/install/softleg_gazebo/lib/pkgconfig/softleg_gazebo.pc'
[0.727s] Level 1:colcon.colcon_core.environment:checking '/home/yurs/softleg_ws/install/softleg_gazebo/lib/python3.10/site-packages'
[0.728s] Level 1:colcon.colcon_core.environment:checking '/home/yurs/softleg_ws/install/softleg_gazebo/bin'
[0.728s] INFO:colcon.colcon_core.shell:Creating package script '/home/yurs/softleg_ws/install/softleg_gazebo/share/softleg_gazebo/package.ps1'
[0.728s] INFO:colcon.colcon_core.shell:Creating package descriptor '/home/yurs/softleg_ws/install/softleg_gazebo/share/softleg_gazebo/package.dsv'
[0.728s] INFO:colcon.colcon_core.shell:Creating package script '/home/yurs/softleg_ws/install/softleg_gazebo/share/softleg_gazebo/package.sh'
[0.729s] INFO:colcon.colcon_core.shell:Creating package script '/home/yurs/softleg_ws/install/softleg_gazebo/share/softleg_gazebo/package.bash'
[0.729s] INFO:colcon.colcon_core.shell:Creating package script '/home/yurs/softleg_ws/install/softleg_gazebo/share/softleg_gazebo/package.zsh'
[0.729s] Level 1:colcon.colcon_core.environment:create_file_with_runtime_dependencies(/home/yurs/softleg_ws/install/softleg_gazebo/share/colcon-core/packages/softleg_gazebo)
[0.745s] Level 1:colcon.colcon_core.environment:create_environment_scripts_only(softleg_gazebo)
[0.745s] Level 1:colcon.colcon_core.environment:checking '/home/yurs/softleg_ws/install/softleg_gazebo' for CMake module files
[0.746s] Level 1:colcon.colcon_core.environment:checking '/home/yurs/softleg_ws/install/softleg_gazebo' for CMake config files
[0.746s] Level 1:colcon.colcon_core.shell:create_environment_hook('softleg_gazebo', 'cmake_prefix_path')
[0.746s] INFO:colcon.colcon_core.shell:Creating environment hook '/home/yurs/softleg_ws/install/softleg_gazebo/share/softleg_gazebo/hook/cmake_prefix_path.ps1'
[0.746s] INFO:colcon.colcon_core.shell:Creating environment descriptor '/home/yurs/softleg_ws/install/softleg_gazebo/share/softleg_gazebo/hook/cmake_prefix_path.dsv'
[0.747s] INFO:colcon.colcon_core.shell:Creating environment hook '/home/yurs/softleg_ws/install/softleg_gazebo/share/softleg_gazebo/hook/cmake_prefix_path.sh'
[0.747s] Level 1:colcon.colcon_core.environment:checking '/home/yurs/softleg_ws/install/softleg_gazebo/bin'
[0.747s] Level 1:colcon.colcon_core.environment:checking '/home/yurs/softleg_ws/install/softleg_gazebo/lib/pkgconfig/softleg_gazebo.pc'
[0.747s] Level 1:colcon.colcon_core.environment:checking '/home/yurs/softleg_ws/install/softleg_gazebo/lib/python3.10/site-packages'
[0.747s] Level 1:colcon.colcon_core.environment:checking '/home/yurs/softleg_ws/install/softleg_gazebo/bin'
[0.747s] INFO:colcon.colcon_core.shell:Creating package script '/home/yurs/softleg_ws/install/softleg_gazebo/share/softleg_gazebo/package.ps1'
[0.748s] INFO:colcon.colcon_core.shell:Creating package descriptor '/home/yurs/softleg_ws/install/softleg_gazebo/share/softleg_gazebo/package.dsv'
[0.748s] INFO:colcon.colcon_core.shell:Creating package script '/home/yurs/softleg_ws/install/softleg_gazebo/share/softleg_gazebo/package.sh'
[0.748s] INFO:colcon.colcon_core.shell:Creating package script '/home/yurs/softleg_ws/install/softleg_gazebo/share/softleg_gazebo/package.bash'
[0.748s] INFO:colcon.colcon_core.shell:Creating package script '/home/yurs/softleg_ws/install/softleg_gazebo/share/softleg_gazebo/package.zsh'
[0.749s] Level 1:colcon.colcon_core.environment:create_file_with_runtime_dependencies(/home/yurs/softleg_ws/install/softleg_gazebo/share/colcon-core/packages/softleg_gazebo)
[0.784s] Level 1:colcon.colcon_core.environment:create_environment_scripts_only(pi3hat_moteus_int_msgs)
[0.784s] Level 1:colcon.colcon_core.environment:checking '/home/yurs/softleg_ws/install/pi3hat_moteus_int_msgs' for CMake module files
[0.785s] DEBUG:colcon.colcon_core.event_handler.log_command:Invoked command in '/home/yurs/softleg_ws/build/pi3hat_moteus_int_msgs' returned '0': CMAKE_PREFIX_PATH=/opt/ros/humble /usr/bin/cmake --install /home/yurs/softleg_ws/build/pi3hat_moteus_int_msgs
[0.785s] Level 1:colcon.colcon_core.environment:checking '/home/yurs/softleg_ws/install/pi3hat_moteus_int_msgs' for CMake config files
[0.786s] Level 1:colcon.colcon_core.shell:create_environment_hook('pi3hat_moteus_int_msgs', 'cmake_prefix_path')
[0.786s] INFO:colcon.colcon_core.shell:Creating environment hook '/home/yurs/softleg_ws/install/pi3hat_moteus_int_msgs/share/pi3hat_moteus_int_msgs/hook/cmake_prefix_path.ps1'
[0.787s] INFO:colcon.colcon_core.shell:Creating environment descriptor '/home/yurs/softleg_ws/install/pi3hat_moteus_int_msgs/share/pi3hat_moteus_int_msgs/hook/cmake_prefix_path.dsv'
[0.787s] INFO:colcon.colcon_core.shell:Creating environment hook '/home/yurs/softleg_ws/install/pi3hat_moteus_int_msgs/share/pi3hat_moteus_int_msgs/hook/cmake_prefix_path.sh'
[0.787s] Level 1:colcon.colcon_core.environment:checking '/home/yurs/softleg_ws/install/pi3hat_moteus_int_msgs/lib'
[0.787s] Level 1:colcon.colcon_core.shell:create_environment_hook('pi3hat_moteus_int_msgs', 'ld_library_path_lib')
[0.787s] INFO:colcon.colcon_core.shell:Creating environment hook '/home/yurs/softleg_ws/install/pi3hat_moteus_int_msgs/share/pi3hat_moteus_int_msgs/hook/ld_library_path_lib.ps1'
[0.788s] INFO:colcon.colcon_core.shell:Creating environment descriptor '/home/yurs/softleg_ws/install/pi3hat_moteus_int_msgs/share/pi3hat_moteus_int_msgs/hook/ld_library_path_lib.dsv'
[0.788s] INFO:colcon.colcon_core.shell:Creating environment hook '/home/yurs/softleg_ws/install/pi3hat_moteus_int_msgs/share/pi3hat_moteus_int_msgs/hook/ld_library_path_lib.sh'
[0.788s] Level 1:colcon.colcon_core.environment:checking '/home/yurs/softleg_ws/install/pi3hat_moteus_int_msgs/bin'
[0.788s] Level 1:colcon.colcon_core.environment:checking '/home/yurs/softleg_ws/install/pi3hat_moteus_int_msgs/lib/pkgconfig/pi3hat_moteus_int_msgs.pc'
[0.788s] Level 1:colcon.colcon_core.environment:checking '/home/yurs/softleg_ws/install/pi3hat_moteus_int_msgs/lib/python3.10/site-packages'
[0.788s] Level 1:colcon.colcon_core.environment:checking '/home/yurs/softleg_ws/install/pi3hat_moteus_int_msgs/bin'
[0.789s] INFO:colcon.colcon_core.shell:Creating package script '/home/yurs/softleg_ws/install/pi3hat_moteus_int_msgs/share/pi3hat_moteus_int_msgs/package.ps1'
[0.789s] INFO:colcon.colcon_core.shell:Creating package descriptor '/home/yurs/softleg_ws/install/pi3hat_moteus_int_msgs/share/pi3hat_moteus_int_msgs/package.dsv'
[0.789s] INFO:colcon.colcon_core.shell:Creating package script '/home/yurs/softleg_ws/install/pi3hat_moteus_int_msgs/share/pi3hat_moteus_int_msgs/package.sh'
[0.789s] INFO:colcon.colcon_core.shell:Creating package script '/home/yurs/softleg_ws/install/pi3hat_moteus_int_msgs/share/pi3hat_moteus_int_msgs/package.bash'
[0.789s] INFO:colcon.colcon_core.shell:Creating package script '/home/yurs/softleg_ws/install/pi3hat_moteus_int_msgs/share/pi3hat_moteus_int_msgs/package.zsh'
[0.790s] Level 1:colcon.colcon_core.environment:create_file_with_runtime_dependencies(/home/yurs/softleg_ws/install/pi3hat_moteus_int_msgs/share/colcon-core/packages/pi3hat_moteus_int_msgs)
[0.854s] DEBUG:colcon.colcon_core.event_handler.log_command:Invoking command in '/home/yurs/softleg_ws/build/jumping_experiments': PYTHONPATH=/home/yurs/softleg_ws/build/jumping_experiments/prefix_override:/home/yurs/softleg_ws/install/jumping_experiments/lib/python3.10/site-packages:${PYTHONPATH} /usr/bin/python3 -W ignore:setup.py install is deprecated setup.py develop --editable --build-directory /home/yurs/softleg_ws/build/jumping_experiments/build --no-deps symlink_data
[0.855s] Level 1:colcon.colcon_core.environment:create_environment_scripts_only(pi3hat_moteus_int_msgs)
[0.855s] Level 1:colcon.colcon_core.environment:checking '/home/yurs/softleg_ws/install/pi3hat_moteus_int_msgs' for CMake module files
[0.856s] Level 1:colcon.colcon_core.environment:checking '/home/yurs/softleg_ws/install/pi3hat_moteus_int_msgs' for CMake config files
[0.856s] Level 1:colcon.colcon_core.shell:create_environment_hook('pi3hat_moteus_int_msgs', 'cmake_prefix_path')
[0.856s] INFO:colcon.colcon_core.shell:Creating environment hook '/home/yurs/softleg_ws/install/pi3hat_moteus_int_msgs/share/pi3hat_moteus_int_msgs/hook/cmake_prefix_path.ps1'
[0.857s] INFO:colcon.colcon_core.shell:Creating environment descriptor '/home/yurs/softleg_ws/install/pi3hat_moteus_int_msgs/share/pi3hat_moteus_int_msgs/hook/cmake_prefix_path.dsv'
[0.857s] INFO:colcon.colcon_core.shell:Creating environment hook '/home/yurs/softleg_ws/install/pi3hat_moteus_int_msgs/share/pi3hat_moteus_int_msgs/hook/cmake_prefix_path.sh'
[0.857s] Level 1:colcon.colcon_core.environment:checking '/home/yurs/softleg_ws/install/pi3hat_moteus_int_msgs/lib'
[0.857s] Level 1:colcon.colcon_core.shell:create_environment_hook('pi3hat_moteus_int_msgs', 'ld_library_path_lib')
[0.857s] INFO:colcon.colcon_core.shell:Creating environment hook '/home/yurs/softleg_ws/install/pi3hat_moteus_int_msgs/share/pi3hat_moteus_int_msgs/hook/ld_library_path_lib.ps1'
[0.857s] INFO:colcon.colcon_core.shell:Creating environment descriptor '/home/yurs/softleg_ws/install/pi3hat_moteus_int_msgs/share/pi3hat_moteus_int_msgs/hook/ld_library_path_lib.dsv'
[0.858s] INFO:colcon.colcon_core.shell:Creating environment hook '/home/yurs/softleg_ws/install/pi3hat_moteus_int_msgs/share/pi3hat_moteus_int_msgs/hook/ld_library_path_lib.sh'
[0.858s] Level 1:colcon.colcon_core.environment:checking '/home/yurs/softleg_ws/install/pi3hat_moteus_int_msgs/bin'
[0.858s] Level 1:colcon.colcon_core.environment:checking '/home/yurs/softleg_ws/install/pi3hat_moteus_int_msgs/lib/pkgconfig/pi3hat_moteus_int_msgs.pc'
[0.858s] Level 1:colcon.colcon_core.environment:checking '/home/yurs/softleg_ws/install/pi3hat_moteus_int_msgs/lib/python3.10/site-packages'
[0.858s] Level 1:colcon.colcon_core.environment:checking '/home/yurs/softleg_ws/install/pi3hat_moteus_int_msgs/bin'
[0.858s] INFO:colcon.colcon_core.shell:Creating package script '/home/yurs/softleg_ws/install/pi3hat_moteus_int_msgs/share/pi3hat_moteus_int_msgs/package.ps1'
[0.859s] INFO:colcon.colcon_core.shell:Creating package descriptor '/home/yurs/softleg_ws/install/pi3hat_moteus_int_msgs/share/pi3hat_moteus_int_msgs/package.dsv'
[0.859s] INFO:colcon.colcon_core.shell:Creating package script '/home/yurs/softleg_ws/install/pi3hat_moteus_int_msgs/share/pi3hat_moteus_int_msgs/package.sh'
[0.859s] INFO:colcon.colcon_core.shell:Creating package script '/home/yurs/softleg_ws/install/pi3hat_moteus_int_msgs/share/pi3hat_moteus_int_msgs/package.bash'
[0.859s] INFO:colcon.colcon_core.shell:Creating package script '/home/yurs/softleg_ws/install/pi3hat_moteus_int_msgs/share/pi3hat_moteus_int_msgs/package.zsh'
[0.860s] Level 1:colcon.colcon_core.environment:create_file_with_runtime_dependencies(/home/yurs/softleg_ws/install/pi3hat_moteus_int_msgs/share/colcon-core/packages/pi3hat_moteus_int_msgs)
[0.860s] INFO:colcon.colcon_ros.task.ament_python.build:Building ROS package in '/home/yurs/softleg_ws/src/rlg_quad_controller' with build type 'ament_python'
[0.860s] Level 1:colcon.colcon_core.shell:create_environment_hook('rlg_quad_controller', 'ament_prefix_path')
[0.860s] INFO:colcon.colcon_core.shell:Creating environment hook '/home/yurs/softleg_ws/install/rlg_quad_controller/share/rlg_quad_controller/hook/ament_prefix_path.ps1'
[0.861s] INFO:colcon.colcon_core.shell:Creating environment descriptor '/home/yurs/softleg_ws/install/rlg_quad_controller/share/rlg_quad_controller/hook/ament_prefix_path.dsv'
[0.861s] INFO:colcon.colcon_core.shell:Creating environment hook '/home/yurs/softleg_ws/install/rlg_quad_controller/share/rlg_quad_controller/hook/ament_prefix_path.sh'
[0.862s] INFO:colcon.colcon_core.shell:Skip shell extension 'powershell' for command environment: Not usable outside of PowerShell
[0.862s] DEBUG:colcon.colcon_core.shell:Skip shell extension 'dsv' for command environment
[1.072s] INFO:colcon.colcon_core.task.python.build:Building Python package in '/home/yurs/softleg_ws/src/rlg_quad_controller'
[1.073s] INFO:colcon.colcon_core.shell:Skip shell extension 'powershell' for command environment: Not usable outside of PowerShell
[1.073s] DEBUG:colcon.colcon_core.shell:Skip shell extension 'dsv' for command environment
[1.206s] Level 1:colcon.colcon_core.shell:create_environment_hook('jumping_experiments', 'pythonpath_develop')
[1.206s] INFO:colcon.colcon_core.shell:Creating environment hook '/home/yurs/softleg_ws/build/jumping_experiments/share/jumping_experiments/hook/pythonpath_develop.ps1'
[1.206s] DEBUG:colcon.colcon_core.event_handler.log_command:Invoked command in '/home/yurs/softleg_ws/build/jumping_experiments' returned '0': PYTHONPATH=/home/yurs/softleg_ws/build/jumping_experiments/prefix_override:/home/yurs/softleg_ws/install/jumping_experiments/lib/python3.10/site-packages:${PYTHONPATH} /usr/bin/python3 -W ignore:setup.py install is deprecated setup.py develop --editable --build-directory /home/yurs/softleg_ws/build/jumping_experiments/build --no-deps symlink_data
[1.207s] INFO:colcon.colcon_core.shell:Creating environment descriptor '/home/yurs/softleg_ws/build/jumping_experiments/share/jumping_experiments/hook/pythonpath_develop.dsv'
[1.207s] INFO:colcon.colcon_core.shell:Creating environment hook '/home/yurs/softleg_ws/build/jumping_experiments/share/jumping_experiments/hook/pythonpath_develop.sh'
[1.207s] Level 1:colcon.colcon_core.environment:checking '/home/yurs/softleg_ws/install/jumping_experiments' for CMake module files
[1.208s] Level 1:colcon.colcon_core.environment:checking '/home/yurs/softleg_ws/install/jumping_experiments' for CMake config files
[1.208s] Level 1:colcon.colcon_core.environment:checking '/home/yurs/softleg_ws/install/jumping_experiments/lib'
[1.208s] Level 1:colcon.colcon_core.environment:checking '/home/yurs/softleg_ws/install/jumping_experiments/bin'
[1.208s] Level 1:colcon.colcon_core.environment:checking '/home/yurs/softleg_ws/install/jumping_experiments/lib/pkgconfig/jumping_experiments.pc'
[1.208s] Level 1:colcon.colcon_core.environment:checking '/home/yurs/softleg_ws/install/jumping_experiments/lib/python3.10/site-packages'
[1.208s] Level 1:colcon.colcon_core.shell:create_environment_hook('jumping_experiments', 'pythonpath')
[1.209s] INFO:colcon.colcon_core.shell:Creating environment hook '/home/yurs/softleg_ws/install/jumping_experiments/share/jumping_experiments/hook/pythonpath.ps1'
[1.209s] INFO:colcon.colcon_core.shell:Creating environment descriptor '/home/yurs/softleg_ws/install/jumping_experiments/share/jumping_experiments/hook/pythonpath.dsv'
[1.209s] INFO:colcon.colcon_core.shell:Creating environment hook '/home/yurs/softleg_ws/install/jumping_experiments/share/jumping_experiments/hook/pythonpath.sh'
[1.209s] Level 1:colcon.colcon_core.environment:checking '/home/yurs/softleg_ws/install/jumping_experiments/bin'
[1.209s] Level 1:colcon.colcon_core.environment:create_environment_scripts_only(jumping_experiments)
[1.209s] INFO:colcon.colcon_core.shell:Creating package script '/home/yurs/softleg_ws/install/jumping_experiments/share/jumping_experiments/package.ps1'
[1.210s] INFO:colcon.colcon_core.shell:Creating package descriptor '/home/yurs/softleg_ws/install/jumping_experiments/share/jumping_experiments/package.dsv'
[1.210s] INFO:colcon.colcon_core.shell:Creating package script '/home/yurs/softleg_ws/install/jumping_experiments/share/jumping_experiments/package.sh'
[1.210s] INFO:colcon.colcon_core.shell:Creating package script '/home/yurs/softleg_ws/install/jumping_experiments/share/jumping_experiments/package.bash'
[1.210s] INFO:colcon.colcon_core.shell:Creating package script '/home/yurs/softleg_ws/install/jumping_experiments/share/jumping_experiments/package.zsh'
[1.211s] Level 1:colcon.colcon_core.environment:create_file_with_runtime_dependencies(/home/yurs/softleg_ws/install/jumping_experiments/share/colcon-core/packages/jumping_experiments)
[1.326s] DEBUG:colcon.colcon_core.event_handler.log_command:Invoking command in '/home/yurs/softleg_ws/build/rlg_quad_controller': AMENT_PREFIX_PATH=/home/yurs/softleg_ws/install/pi3hat_moteus_int_msgs:${AMENT_PREFIX_PATH} CMAKE_PREFIX_PATH=/home/yurs/softleg_ws/install/pi3hat_moteus_int_msgs LD_LIBRARY_PATH=/home/yurs/softleg_ws/install/pi3hat_moteus_int_msgs/lib:${LD_LIBRARY_PATH} PYTHONPATH=/home/yurs/softleg_ws/build/rlg_quad_controller/prefix_override:/home/yurs/softleg_ws/install/rlg_quad_controller/lib/python3.10/site-packages:/home/yurs/softleg_ws/install/pi3hat_moteus_int_msgs/local/lib/python3.10/dist-packages:${PYTHONPATH} /usr/bin/python3 -W ignore:setup.py install is deprecated setup.py develop --editable --build-directory /home/yurs/softleg_ws/build/rlg_quad_controller/build --no-deps symlink_data
[1.541s] Level 1:colcon.colcon_core.shell:create_environment_hook('rlg_quad_controller', 'pythonpath_develop')
[1.541s] INFO:colcon.colcon_core.shell:Creating environment hook '/home/yurs/softleg_ws/build/rlg_quad_controller/share/rlg_quad_controller/hook/pythonpath_develop.ps1'
[1.541s] DEBUG:colcon.colcon_core.event_handler.log_command:Invoked command in '/home/yurs/softleg_ws/build/rlg_quad_controller' returned '0': AMENT_PREFIX_PATH=/home/yurs/softleg_ws/install/pi3hat_moteus_int_msgs:${AMENT_PREFIX_PATH} CMAKE_PREFIX_PATH=/home/yurs/softleg_ws/install/pi3hat_moteus_int_msgs LD_LIBRARY_PATH=/home/yurs/softleg_ws/install/pi3hat_moteus_int_msgs/lib:${LD_LIBRARY_PATH} PYTHONPATH=/home/yurs/softleg_ws/build/rlg_quad_controller/prefix_override:/home/yurs/softleg_ws/install/rlg_quad_controller/lib/python3.10/site-packages:/home/yurs/softleg_ws/install/pi3hat_moteus_int_msgs/local/lib/python3.10/dist-packages:${PYTHONPATH} /usr/bin/python3 -W ignore:setup.py install is deprecated setup.py develop --editable --build-directory /home/yurs/softleg_ws/build/rlg_quad_controller/build --no-deps symlink_data
[1.542s] INFO:colcon.colcon_core.shell:Creating environment descriptor '/home/yurs/softleg_ws/build/rlg_quad_controller/share/rlg_quad_controller/hook/pythonpath_develop.dsv'
[1.542s] INFO:colcon.colcon_core.shell:Creating environment hook '/home/yurs/softleg_ws/build/rlg_quad_controller/share/rlg_quad_controller/hook/pythonpath_develop.sh'
[1.542s] Level 1:colcon.colcon_core.environment:checking '/home/yurs/softleg_ws/install/rlg_quad_controller' for CMake module files
[1.543s] Level 1:colcon.colcon_core.environment:checking '/home/yurs/softleg_ws/install/rlg_quad_controller' for CMake config files
[1.543s] Level 1:colcon.colcon_core.environment:checking '/home/yurs/softleg_ws/install/rlg_quad_controller/lib'
[1.543s] Level 1:colcon.colcon_core.environment:checking '/home/yurs/softleg_ws/install/rlg_quad_controller/bin'
[1.543s] Level 1:colcon.colcon_core.environment:checking '/home/yurs/softleg_ws/install/rlg_quad_controller/lib/pkgconfig/rlg_quad_controller.pc'
[1.543s] Level 1:colcon.colcon_core.environment:checking '/home/yurs/softleg_ws/install/rlg_quad_controller/lib/python3.10/site-packages'
[1.543s] Level 1:colcon.colcon_core.shell:create_environment_hook('rlg_quad_controller', 'pythonpath')
[1.543s] INFO:colcon.colcon_core.shell:Creating environment hook '/home/yurs/softleg_ws/install/rlg_quad_controller/share/rlg_quad_controller/hook/pythonpath.ps1'
[1.543s] INFO:colcon.colcon_core.shell:Creating environment descriptor '/home/yurs/softleg_ws/install/rlg_quad_controller/share/rlg_quad_controller/hook/pythonpath.dsv'
[1.544s] INFO:colcon.colcon_core.shell:Creating environment hook '/home/yurs/softleg_ws/install/rlg_quad_controller/share/rlg_quad_controller/hook/pythonpath.sh'
[1.544s] Level 1:colcon.colcon_core.environment:checking '/home/yurs/softleg_ws/install/rlg_quad_controller/bin'
[1.544s] Level 1:colcon.colcon_core.environment:create_environment_scripts_only(rlg_quad_controller)
[1.544s] INFO:colcon.colcon_core.shell:Creating package script '/home/yurs/softleg_ws/install/rlg_quad_controller/share/rlg_quad_controller/package.ps1'
[1.544s] INFO:colcon.colcon_core.shell:Creating package descriptor '/home/yurs/softleg_ws/install/rlg_quad_controller/share/rlg_quad_controller/package.dsv'
[1.545s] INFO:colcon.colcon_core.shell:Creating package script '/home/yurs/softleg_ws/install/rlg_quad_controller/share/rlg_quad_controller/package.sh'
[1.545s] INFO:colcon.colcon_core.shell:Creating package script '/home/yurs/softleg_ws/install/rlg_quad_controller/share/rlg_quad_controller/package.bash'
[1.545s] INFO:colcon.colcon_core.shell:Creating package script '/home/yurs/softleg_ws/install/rlg_quad_controller/share/rlg_quad_controller/package.zsh'
[1.545s] Level 1:colcon.colcon_core.environment:create_file_with_runtime_dependencies(/home/yurs/softleg_ws/install/rlg_quad_controller/share/colcon-core/packages/rlg_quad_controller)
[2.325s] DEBUG:colcon.colcon_core.event_handler.log_command:Invoked command in '/home/yurs/softleg_ws/build/rbt_pd_cnt' returned '0': CMAKE_PREFIX_PATH=/opt/ros/humble /usr/bin/cmake /home/yurs/softleg_ws/src/rbt_pd_cnt -DAMENT_CMAKE_SYMLINK_INSTALL=1 -DCMAKE_INSTALL_PREFIX=/home/yurs/softleg_ws/install/rbt_pd_cnt
[2.325s] DEBUG:colcon.colcon_core.event_handler.log_command:Invoking command in '/home/yurs/softleg_ws/build/rbt_pd_cnt': CMAKE_PREFIX_PATH=/opt/ros/humble /usr/bin/cmake --build /home/yurs/softleg_ws/build/rbt_pd_cnt -- -j8 -l8
[8.128s] DEBUG:colcon.colcon_core.event_handler.log_command:Invoked command in '/home/yurs/softleg_ws/build/rbt_pd_cnt' returned '0': CMAKE_PREFIX_PATH=/opt/ros/humble /usr/bin/cmake --build /home/yurs/softleg_ws/build/rbt_pd_cnt -- -j8 -l8
[8.145s] DEBUG:colcon.colcon_core.event_handler.log_command:Invoking command in '/home/yurs/softleg_ws/build/rbt_pd_cnt': CMAKE_PREFIX_PATH=/opt/ros/humble /usr/bin/cmake --install /home/yurs/softleg_ws/build/rbt_pd_cnt
[8.327s] Level 1:colcon.colcon_core.environment:create_environment_scripts_only(rbt_pd_cnt)
[8.328s] Level 1:colcon.colcon_core.environment:checking '/home/yurs/softleg_ws/install/rbt_pd_cnt' for CMake module files
[8.328s] DEBUG:colcon.colcon_core.event_handler.log_command:Invoked command in '/home/yurs/softleg_ws/build/rbt_pd_cnt' returned '0': CMAKE_PREFIX_PATH=/opt/ros/humble /usr/bin/cmake --install /home/yurs/softleg_ws/build/rbt_pd_cnt
[8.328s] Level 1:colcon.colcon_core.environment:checking '/home/yurs/softleg_ws/install/rbt_pd_cnt' for CMake config files
[8.328s] Level 1:colcon.colcon_core.shell:create_environment_hook('rbt_pd_cnt', 'cmake_prefix_path')
[8.329s] INFO:colcon.colcon_core.shell:Creating environment hook '/home/yurs/softleg_ws/install/rbt_pd_cnt/share/rbt_pd_cnt/hook/cmake_prefix_path.ps1'
[8.329s] INFO:colcon.colcon_core.shell:Creating environment descriptor '/home/yurs/softleg_ws/install/rbt_pd_cnt/share/rbt_pd_cnt/hook/cmake_prefix_path.dsv'
[8.329s] INFO:colcon.colcon_core.shell:Creating environment hook '/home/yurs/softleg_ws/install/rbt_pd_cnt/share/rbt_pd_cnt/hook/cmake_prefix_path.sh'
[8.329s] Level 1:colcon.colcon_core.environment:checking '/home/yurs/softleg_ws/install/rbt_pd_cnt/lib'
[8.329s] Level 1:colcon.colcon_core.shell:create_environment_hook('rbt_pd_cnt', 'ld_library_path_lib')
[8.330s] INFO:colcon.colcon_core.shell:Creating environment hook '/home/yurs/softleg_ws/install/rbt_pd_cnt/share/rbt_pd_cnt/hook/ld_library_path_lib.ps1'
[8.330s] INFO:colcon.colcon_core.shell:Creating environment descriptor '/home/yurs/softleg_ws/install/rbt_pd_cnt/share/rbt_pd_cnt/hook/ld_library_path_lib.dsv'
[8.330s] INFO:colcon.colcon_core.shell:Creating environment hook '/home/yurs/softleg_ws/install/rbt_pd_cnt/share/rbt_pd_cnt/hook/ld_library_path_lib.sh'
[8.330s] Level 1:colcon.colcon_core.environment:checking '/home/yurs/softleg_ws/install/rbt_pd_cnt/bin'
[8.330s] Level 1:colcon.colcon_core.environment:checking '/home/yurs/softleg_ws/install/rbt_pd_cnt/lib/pkgconfig/rbt_pd_cnt.pc'
[8.330s] Level 1:colcon.colcon_core.environment:checking '/home/yurs/softleg_ws/install/rbt_pd_cnt/lib/python3.10/site-packages'
[8.330s] Level 1:colcon.colcon_core.environment:checking '/home/yurs/softleg_ws/install/rbt_pd_cnt/bin'
[8.331s] INFO:colcon.colcon_core.shell:Creating package script '/home/yurs/softleg_ws/install/rbt_pd_cnt/share/rbt_pd_cnt/package.ps1'
[8.331s] INFO:colcon.colcon_core.shell:Creating package descriptor '/home/yurs/softleg_ws/install/rbt_pd_cnt/share/rbt_pd_cnt/package.dsv'
[8.331s] INFO:colcon.colcon_core.shell:Creating package script '/home/yurs/softleg_ws/install/rbt_pd_cnt/share/rbt_pd_cnt/package.sh'
[8.331s] INFO:colcon.colcon_core.shell:Creating package script '/home/yurs/softleg_ws/install/rbt_pd_cnt/share/rbt_pd_cnt/package.bash'
[8.331s] INFO:colcon.colcon_core.shell:Creating package script '/home/yurs/softleg_ws/install/rbt_pd_cnt/share/rbt_pd_cnt/package.zsh'
[8.332s] Level 1:colcon.colcon_core.environment:create_file_with_runtime_dependencies(/home/yurs/softleg_ws/install/rbt_pd_cnt/share/colcon-core/packages/rbt_pd_cnt)
[8.350s] Level 1:colcon.colcon_core.environment:create_environment_scripts_only(rbt_pd_cnt)
[8.350s] Level 1:colcon.colcon_core.environment:checking '/home/yurs/softleg_ws/install/rbt_pd_cnt' for CMake module files
[8.351s] Level 1:colcon.colcon_core.environment:checking '/home/yurs/softleg_ws/install/rbt_pd_cnt' for CMake config files
[8.351s] Level 1:colcon.colcon_core.shell:create_environment_hook('rbt_pd_cnt', 'cmake_prefix_path')
[8.351s] INFO:colcon.colcon_core.shell:Creating environment hook '/home/yurs/softleg_ws/install/rbt_pd_cnt/share/rbt_pd_cnt/hook/cmake_prefix_path.ps1'
[8.351s] INFO:colcon.colcon_core.shell:Creating environment descriptor '/home/yurs/softleg_ws/install/rbt_pd_cnt/share/rbt_pd_cnt/hook/cmake_prefix_path.dsv'
[8.352s] INFO:colcon.colcon_core.shell:Creating environment hook '/home/yurs/softleg_ws/install/rbt_pd_cnt/share/rbt_pd_cnt/hook/cmake_prefix_path.sh'
[8.352s] Level 1:colcon.colcon_core.environment:checking '/home/yurs/softleg_ws/install/rbt_pd_cnt/lib'
[8.352s] Level 1:colcon.colcon_core.shell:create_environment_hook('rbt_pd_cnt', 'ld_library_path_lib')
[8.352s] INFO:colcon.colcon_core.shell:Creating environment hook '/home/yurs/softleg_ws/install/rbt_pd_cnt/share/rbt_pd_cnt/hook/ld_library_path_lib.ps1'
[8.352s] INFO:colcon.colcon_core.shell:Creating environment descriptor '/home/yurs/softleg_ws/install/rbt_pd_cnt/share/rbt_pd_cnt/hook/ld_library_path_lib.dsv'
[8.353s] INFO:colcon.colcon_core.shell:Creating environment hook '/home/yurs/softleg_ws/install/rbt_pd_cnt/share/rbt_pd_cnt/hook/ld_library_path_lib.sh'
[8.353s] Level 1:colcon.colcon_core.environment:checking '/home/yurs/softleg_ws/install/rbt_pd_cnt/bin'
[8.353s] Level 1:colcon.colcon_core.environment:checking '/home/yurs/softleg_ws/install/rbt_pd_cnt/lib/pkgconfig/rbt_pd_cnt.pc'
[8.353s] Level 1:colcon.colcon_core.environment:checking '/home/yurs/softleg_ws/install/rbt_pd_cnt/lib/python3.10/site-packages'
[8.353s] Level 1:colcon.colcon_core.environment:checking '/home/yurs/softleg_ws/install/rbt_pd_cnt/bin'
[8.353s] INFO:colcon.colcon_core.shell:Creating package script '/home/yurs/softleg_ws/install/rbt_pd_cnt/share/rbt_pd_cnt/package.ps1'
[8.354s] INFO:colcon.colcon_core.shell:Creating package descriptor '/home/yurs/softleg_ws/install/rbt_pd_cnt/share/rbt_pd_cnt/package.dsv'
[8.354s] INFO:colcon.colcon_core.shell:Creating package script '/home/yurs/softleg_ws/install/rbt_pd_cnt/share/rbt_pd_cnt/package.sh'
[8.355s] INFO:colcon.colcon_core.shell:Creating package script '/home/yurs/softleg_ws/install/rbt_pd_cnt/share/rbt_pd_cnt/package.bash'
[8.355s] INFO:colcon.colcon_core.shell:Creating package script '/home/yurs/softleg_ws/install/rbt_pd_cnt/share/rbt_pd_cnt/package.zsh'
[8.355s] Level 1:colcon.colcon_core.environment:create_file_with_runtime_dependencies(/home/yurs/softleg_ws/install/rbt_pd_cnt/share/colcon-core/packages/rbt_pd_cnt)
[8.355s] DEBUG:colcon.colcon_parallel_executor.executor.parallel:closing loop
[8.356s] DEBUG:colcon.colcon_parallel_executor.executor.parallel:loop closed
[8.356s] DEBUG:colcon.colcon_parallel_executor.executor.parallel:run_until_complete finished with '0'
[8.356s] DEBUG:colcon.colcon_core.event_reactor:joining thread
[8.363s] INFO:colcon.colcon_core.plugin_system:Skipping extension 'colcon_notification.desktop_notification.notify_send': Could not find 'notify-send'
[8.363s] INFO:colcon.colcon_core.plugin_system:Skipping extension 'colcon_notification.desktop_notification.terminal_notifier': Not used on non-Darwin systems
[8.363s] INFO:colcon.colcon_core.plugin_system:Skipping extension 'colcon_notification.desktop_notification.win32': Not used on non-Windows systems
[8.363s] INFO:colcon.colcon_notification.desktop_notification:Sending desktop notification using 'notify2'
[8.366s] DEBUG:colcon.colcon_notification.desktop_notification.notify2:Failed to initialize notify2: org.freedesktop.DBus.Error.Spawn.ExecFailed: /usr/bin/dbus-launch terminated abnormally without any error message
[8.367s] DEBUG:colcon.colcon_core.event_reactor:joined thread
[8.367s] INFO:colcon.colcon_core.shell:Creating prefix script '/home/yurs/softleg_ws/install/local_setup.ps1'
[8.368s] INFO:colcon.colcon_core.shell:Creating prefix util module '/home/yurs/softleg_ws/install/_local_setup_util_ps1.py'
[8.369s] INFO:colcon.colcon_core.shell:Creating prefix chain script '/home/yurs/softleg_ws/install/setup.ps1'
[8.369s] INFO:colcon.colcon_core.shell:Creating prefix script '/home/yurs/softleg_ws/install/local_setup.sh'
[8.370s] INFO:colcon.colcon_core.shell:Creating prefix util module '/home/yurs/softleg_ws/install/_local_setup_util_sh.py'
[8.370s] INFO:colcon.colcon_core.shell:Creating prefix chain script '/home/yurs/softleg_ws/install/setup.sh'
[8.372s] INFO:colcon.colcon_core.shell:Creating prefix script '/home/yurs/softleg_ws/install/local_setup.bash'
[8.373s] INFO:colcon.colcon_core.shell:Creating prefix chain script '/home/yurs/softleg_ws/install/setup.bash'
[8.373s] INFO:colcon.colcon_core.shell:Creating prefix script '/home/yurs/softleg_ws/install/local_setup.zsh'
[8.374s] INFO:colcon.colcon_core.shell:Creating prefix chain script '/home/yurs/softleg_ws/install/setup.zsh'
