[0.751s] Invoking command in '/home/yurs/softleg_ws/build/jumping_experiments': PYTHONPATH=/home/yurs/softleg_ws/build/jumping_experiments/prefix_override:/home/yurs/softleg_ws/install/jumping_experiments/lib/python3.10/site-packages:${PYTHONPATH} /usr/bin/python3 -W ignore:setup.py install is deprecated setup.py develop --editable --build-directory /home/yurs/softleg_ws/build/jumping_experiments/build --no-deps symlink_data
[0.955s] running develop
[0.957s] /usr/lib/python3/dist-packages/setuptools/command/easy_install.py:158: EasyInstallDeprecationWarning: easy_install command is deprecated. Use build and pip and other standards-based tools.
[0.957s]   warnings.warn(
[1.022s] running egg_info
[1.022s] writing jumping_experiments.egg-info/PKG-INFO
[1.022s] writing dependency_links to jumping_experiments.egg-info/dependency_links.txt
[1.022s] writing entry points to jumping_experiments.egg-info/entry_points.txt
[1.022s] writing requirements to jumping_experiments.egg-info/requires.txt
[1.022s] writing top-level names to jumping_experiments.egg-info/top_level.txt
[1.024s] reading manifest file 'jumping_experiments.egg-info/SOURCES.txt'
[1.024s] writing manifest file 'jumping_experiments.egg-info/SOURCES.txt'
[1.025s] running build_ext
[1.025s] Creating /home/yurs/softleg_ws/install/jumping_experiments/lib/python3.10/site-packages/jumping-experiments.egg-link (link to .)
[1.026s] Installing getup script to /home/yurs/softleg_ws/install/jumping_experiments/lib/jumping_experiments
[1.026s] Installing jumping_node script to /home/yurs/softleg_ws/install/jumping_experiments/lib/jumping_experiments
[1.026s] 
[1.026s] Installed /home/yurs/softleg_ws/build/jumping_experiments
[1.026s] running symlink_data
[1.045s] Invoked command in '/home/yurs/softleg_ws/build/jumping_experiments' returned '0': PYTHONPATH=/home/yurs/softleg_ws/build/jumping_experiments/prefix_override:/home/yurs/softleg_ws/install/jumping_experiments/lib/python3.10/site-packages:${PYTHONPATH} /usr/bin/python3 -W ignore:setup.py install is deprecated setup.py develop --editable --build-directory /home/yurs/softleg_ws/build/jumping_experiments/build --no-deps symlink_data
