[0.591s] Invoking command in '/home/yurs/softleg_ws/build/jumping_experiments': PYTHONPATH=/home/yurs/softleg_ws/build/jumping_experiments/prefix_override:/home/yurs/softleg_ws/install/jumping_experiments/lib/python3.10/site-packages:${PYTHONPATH} /usr/bin/python3 -W ignore:setup.py install is deprecated setup.py develop --editable --build-directory /home/yurs/softleg_ws/build/jumping_experiments/build --no-deps symlink_data
[0.765s] running develop
[0.765s] /usr/lib/python3/dist-packages/setuptools/command/easy_install.py:158: EasyInstallDeprecationWarning: easy_install command is deprecated. Use build and pip and other standards-based tools.
[0.765s]   warnings.warn(
[0.843s] running egg_info
[0.843s] writing jumping_experiments.egg-info/PKG-INFO
[0.844s] writing dependency_links to jumping_experiments.egg-info/dependency_links.txt
[0.844s] writing entry points to jumping_experiments.egg-info/entry_points.txt
[0.844s] writing requirements to jumping_experiments.egg-info/requires.txt
[0.844s] writing top-level names to jumping_experiments.egg-info/top_level.txt
[0.845s] reading manifest file 'jumping_experiments.egg-info/SOURCES.txt'
[0.846s] writing manifest file 'jumping_experiments.egg-info/SOURCES.txt'
[0.847s] running build_ext
[0.847s] Creating /home/yurs/softleg_ws/install/jumping_experiments/lib/python3.10/site-packages/jumping-experiments.egg-link (link to .)
[0.847s] Installing getup script to /home/yurs/softleg_ws/install/jumping_experiments/lib/jumping_experiments
[0.848s] Installing jumping_node script to /home/yurs/softleg_ws/install/jumping_experiments/lib/jumping_experiments
[0.848s] 
[0.848s] Installed /home/yurs/softleg_ws/build/jumping_experiments
[0.848s] running symlink_data
[0.869s] Invoked command in '/home/yurs/softleg_ws/build/jumping_experiments' returned '0': PYTHONPATH=/home/yurs/softleg_ws/build/jumping_experiments/prefix_override:/home/yurs/softleg_ws/install/jumping_experiments/lib/python3.10/site-packages:${PYTHONPATH} /usr/bin/python3 -W ignore:setup.py install is deprecated setup.py develop --editable --build-directory /home/yurs/softleg_ws/build/jumping_experiments/build --no-deps symlink_data
