[0.012s] Invoking command in '/home/yurs/softleg_ws/build/softleg_description': CMAKE_PREFIX_PATH=/opt/ros/humble /usr/bin/cmake /home/yurs/softleg_ws/src/softleg_description -DAMENT_CMAKE_SYMLINK_INSTALL=1 -DCMAKE_INSTALL_PREFIX=/home/yurs/softleg_ws/install/softleg_description
[0.156s] -- The C compiler identification is GNU 11.4.0
[0.156s] -- The CXX compiler identification is GNU 11.4.0
[0.156s] -- Detecting C compiler ABI info
[0.156s] -- Detecting C compiler ABI info - done
[0.156s] -- Check for working C compiler: /usr/bin/cc - skipped
[0.156s] -- Detecting C compile features
[0.156s] -- Detecting C compile features - done
[0.156s] -- Detecting CXX compiler ABI info
[0.244s] -- Detecting CXX compiler ABI info - done
[0.250s] -- Check for working CXX compiler: /usr/bin/c++ - skipped
[0.250s] -- Detecting CXX compile features
[0.250s] -- Detecting CXX compile features - done
[0.252s] -- Found ament_cmake: 1.3.9 (/opt/ros/humble/share/ament_cmake/cmake)
[0.351s] -- Found Python3: /usr/bin/python3 (found version "3.10.12") found components: Interpreter 
[0.431s] -- Override CMake install command with custom implementation using symlinks instead of copying resources
[0.464s] -- Found ament_lint_auto: 0.12.11 (/opt/ros/humble/share/ament_lint_auto/cmake)
[0.566s] -- Added test 'flake8' to check Python code syntax and style conventions
[0.567s] -- Added test 'lint_cmake' to check CMake code style
[0.568s] -- Added test 'pep257' to check Python code against some of the docstring style conventions in PEP 257
[0.570s] -- Added test 'xmllint' to check XML markup files
[0.571s] -- Configuring done
[0.573s] -- Generating done
[0.575s] -- Build files have been written to: /home/yurs/softleg_ws/build/softleg_description
[0.579s] Invoked command in '/home/yurs/softleg_ws/build/softleg_description' returned '0': CMAKE_PREFIX_PATH=/opt/ros/humble /usr/bin/cmake /home/yurs/softleg_ws/src/softleg_description -DAMENT_CMAKE_SYMLINK_INSTALL=1 -DCMAKE_INSTALL_PREFIX=/home/yurs/softleg_ws/install/softleg_description
[0.580s] Invoking command in '/home/yurs/softleg_ws/build/softleg_description': CMAKE_PREFIX_PATH=/opt/ros/humble /usr/bin/cmake --build /home/yurs/softleg_ws/build/softleg_description -- -j8 -l8
[0.608s] Invoked command in '/home/yurs/softleg_ws/build/softleg_description' returned '0': CMAKE_PREFIX_PATH=/opt/ros/humble /usr/bin/cmake --build /home/yurs/softleg_ws/build/softleg_description -- -j8 -l8
[0.647s] Invoking command in '/home/yurs/softleg_ws/build/softleg_description': CMAKE_PREFIX_PATH=/opt/ros/humble /usr/bin/cmake --install /home/yurs/softleg_ws/build/softleg_description
[0.653s] -- Install configuration: ""
[0.654s] -- Execute custom install script
[0.654s] -- Symlinking: /home/yurs/softleg_ws/install/softleg_description/share/softleg_description/urdf/links.xacro
[0.661s] -- Symlinking: /home/yurs/softleg_ws/install/softleg_description/share/softleg_description/urdf/material.xacro
[0.668s] -- Symlinking: /home/yurs/softleg_ws/install/softleg_description/share/softleg_description/urdf/mulinex.xacro
[0.675s] -- Symlinking: /home/yurs/softleg_ws/install/softleg_description/share/softleg_description/urdf/mulinex/leg.xacro
[0.681s] -- Symlinking: /home/yurs/softleg_ws/install/softleg_description/share/softleg_description/urdf/mulinex/links.xacro
[0.687s] -- Symlinking: /home/yurs/softleg_ws/install/softleg_description/share/softleg_description/urdf/mulinex/material.xacro
[0.709s] -- Symlinking: /home/yurs/softleg_ws/install/softleg_description/share/softleg_description/urdf/mulinex/mulinex.xacro
[0.715s] -- Symlinking: /home/yurs/softleg_ws/install/softleg_description/share/softleg_description/urdf/old/softleg.transmission.xacro
[0.721s] -- Symlinking: /home/yurs/softleg_ws/install/softleg_description/share/softleg_description/urdf/old/softleg.urdf
[0.728s] -- Symlinking: /home/yurs/softleg_ws/install/softleg_description/share/softleg_description/urdf/old/softleg.xacro
[0.734s] -- Symlinking: /home/yurs/softleg_ws/install/softleg_description/share/softleg_description/urdf/old/softleg_cart.urdf.xacro
[0.740s] -- Symlinking: /home/yurs/softleg_ws/install/softleg_description/share/softleg_description/urdf/old/softleg_inertia.xacro
[0.746s] -- Symlinking: /home/yurs/softleg_ws/install/softleg_description/share/softleg_description/urdf/old/softleg_materials.xacro
[0.752s] -- Symlinking: /home/yurs/softleg_ws/install/softleg_description/share/softleg_description/urdf/softleg.gazebo.xacro
[0.759s] -- Symlinking: /home/yurs/softleg_ws/install/softleg_description/share/softleg_description/urdf/softleg.transmission.xacro
[0.764s] -- Symlinking: /home/yurs/softleg_ws/install/softleg_description/share/softleg_description/urdf/softleg.urdf
[0.771s] -- Symlinking: /home/yurs/softleg_ws/install/softleg_description/share/softleg_description/urdf/softleg.xacro
[0.777s] -- Symlinking: /home/yurs/softleg_ws/install/softleg_description/share/softleg_description/urdf/softleg_inertia.xacro
[0.784s] -- Symlinking: /home/yurs/softleg_ws/install/softleg_description/share/softleg_description/urdf/softleg_materials.xacro
[0.790s] -- Symlinking: /home/yurs/softleg_ws/install/softleg_description/share/softleg_description/urdf/softlegisaac.urdf
[0.797s] -- Symlinking: /home/yurs/softleg_ws/install/softleg_description/share/softleg_description/urdf/softlegisaac_anto.urdf
[0.803s] -- Symlinking: /home/yurs/softleg_ws/install/softleg_description/share/softleg_description/urdf/softlegisaac_ok.urdf
[0.809s] -- Symlinking: /home/yurs/softleg_ws/install/softleg_description/share/softleg_description/launch/display_softleg.launch.py
[0.816s] -- Symlinking: /home/yurs/softleg_ws/install/softleg_description/share/softleg_description/meshes/Body.stl
[0.822s] -- Symlinking: /home/yurs/softleg_ws/install/softleg_description/share/softleg_description/meshes/Lower_leg_left.stl
[0.829s] -- Symlinking: /home/yurs/softleg_ws/install/softleg_description/share/softleg_description/meshes/Lower_leg_right.stl
[0.834s] -- Symlinking: /home/yurs/softleg_ws/install/softleg_description/share/softleg_description/meshes/Module_2_left.stl
[0.841s] -- Symlinking: /home/yurs/softleg_ws/install/softleg_description/share/softleg_description/meshes/Module_2_right.stl
[0.847s] -- Symlinking: /home/yurs/softleg_ws/install/softleg_description/share/softleg_description/meshes/Module_left_front.stl
[0.854s] -- Symlinking: /home/yurs/softleg_ws/install/softleg_description/share/softleg_description/meshes/Module_left_hind.stl
[0.860s] -- Symlinking: /home/yurs/softleg_ws/install/softleg_description/share/softleg_description/meshes/Module_right_front.stl
[0.866s] -- Symlinking: /home/yurs/softleg_ws/install/softleg_description/share/softleg_description/meshes/Module_right_hind.stl
[0.872s] -- Symlinking: /home/yurs/softleg_ws/install/softleg_description/share/softleg_description/meshes/base.dae
[0.878s] -- Symlinking: /home/yurs/softleg_ws/install/softleg_description/share/softleg_description/meshes/base.stl
[0.884s] -- Symlinking: /home/yurs/softleg_ws/install/softleg_description/share/softleg_description/meshes/calf.dae
[0.890s] -- Symlinking: /home/yurs/softleg_ws/install/softleg_description/share/softleg_description/meshes/calf.stl
[0.896s] -- Symlinking: /home/yurs/softleg_ws/install/softleg_description/share/softleg_description/meshes/cart.dae
[0.902s] -- Symlinking: /home/yurs/softleg_ws/install/softleg_description/share/softleg_description/meshes/cart.stl
[0.909s] -- Symlinking: /home/yurs/softleg_ws/install/softleg_description/share/softleg_description/meshes/softleg_1_base_link_visuals_mesh_0.obj
[0.915s] -- Symlinking: /home/yurs/softleg_ws/install/softleg_description/share/softleg_description/meshes/softleg_1_calf_link_visuals_mesh_0.obj
[0.921s] -- Symlinking: /home/yurs/softleg_ws/install/softleg_description/share/softleg_description/meshes/softleg_1_cart_link_visuals_mesh_0.obj
[0.928s] -- Symlinking: /home/yurs/softleg_ws/install/softleg_description/share/softleg_description/meshes/softleg_1_thigh_link_visuals_mesh_0.obj
[0.934s] -- Symlinking: /home/yurs/softleg_ws/install/softleg_description/share/softleg_description/meshes/thigh.dae
[0.944s] -- Symlinking: /home/yurs/softleg_ws/install/softleg_description/share/softleg_description/meshes/thigh.stl
[0.953s] -- Symlinking: /home/yurs/softleg_ws/install/softleg_description/share/softleg_description/rviz/config.rviz
[0.960s] -- Symlinking: /home/yurs/softleg_ws/install/softleg_description/share/ament_index/resource_index/package_run_dependencies/softleg_description
[0.967s] -- Symlinking: /home/yurs/softleg_ws/install/softleg_description/share/ament_index/resource_index/parent_prefix_path/softleg_description
[0.974s] -- Symlinking: /home/yurs/softleg_ws/install/softleg_description/share/softleg_description/environment/ament_prefix_path.sh
[0.980s] -- Symlinking: /home/yurs/softleg_ws/install/softleg_description/share/softleg_description/environment/ament_prefix_path.dsv
[0.986s] -- Symlinking: /home/yurs/softleg_ws/install/softleg_description/share/softleg_description/environment/path.sh
[0.993s] -- Symlinking: /home/yurs/softleg_ws/install/softleg_description/share/softleg_description/environment/path.dsv
[0.999s] -- Symlinking: /home/yurs/softleg_ws/install/softleg_description/share/softleg_description/local_setup.bash
[1.005s] -- Symlinking: /home/yurs/softleg_ws/install/softleg_description/share/softleg_description/local_setup.sh
[1.012s] -- Symlinking: /home/yurs/softleg_ws/install/softleg_description/share/softleg_description/local_setup.zsh
[1.018s] -- Symlinking: /home/yurs/softleg_ws/install/softleg_description/share/softleg_description/local_setup.dsv
[1.025s] -- Symlinking: /home/yurs/softleg_ws/install/softleg_description/share/softleg_description/package.dsv
[1.033s] -- Symlinking: /home/yurs/softleg_ws/install/softleg_description/share/ament_index/resource_index/packages/softleg_description
[1.038s] -- Symlinking: /home/yurs/softleg_ws/install/softleg_description/share/softleg_description/cmake/softleg_descriptionConfig.cmake
[1.045s] -- Symlinking: /home/yurs/softleg_ws/install/softleg_description/share/softleg_description/cmake/softleg_descriptionConfig-version.cmake
[1.052s] -- Symlinking: /home/yurs/softleg_ws/install/softleg_description/share/softleg_description/package.xml
[1.060s] Invoked command in '/home/yurs/softleg_ws/build/softleg_description' returned '0': CMAKE_PREFIX_PATH=/opt/ros/humble /usr/bin/cmake --install /home/yurs/softleg_ws/build/softleg_description
