[100%] Built target rbt_pd_cnt
-- Install configuration: ""
-- Execute custom install script
-- Up-to-date symlink: /home/yurs/softleg_ws/install/rbt_pd_cnt/share/rbt_pd_cnt//rbt_pd_cnt.xml
-- Up-to-date symlink: /home/yurs/softleg_ws/install/rbt_pd_cnt/include/rbt_pd_cnt/real_pd_cnt.hpp
-- Up-to-date symlink: /home/yurs/softleg_ws/install/rbt_pd_cnt/include/rbt_pd_cnt/robot_pd_cnt.hpp
-- Up-to-date symlink: /home/yurs/softleg_ws/install/rbt_pd_cnt/lib/librbt_pd_cnt.so
-- Up-to-date symlink: /home/yurs/softleg_ws/install/rbt_pd_cnt/share/rbt_pd_cnt/environment/library_path.sh
-- Up-to-date symlink: /home/yurs/softleg_ws/install/rbt_pd_cnt/share/rbt_pd_cnt/environment/library_path.dsv
-- Up-to-date symlink: /home/yurs/softleg_ws/install/rbt_pd_cnt/share/ament_index/resource_index/package_run_dependencies/rbt_pd_cnt
-- Up-to-date symlink: /home/yurs/softleg_ws/install/rbt_pd_cnt/share/ament_index/resource_index/parent_prefix_path/rbt_pd_cnt
-- Up-to-date symlink: /home/yurs/softleg_ws/install/rbt_pd_cnt/share/rbt_pd_cnt/environment/ament_prefix_path.sh
-- Up-to-date symlink: /home/yurs/softleg_ws/install/rbt_pd_cnt/share/rbt_pd_cnt/environment/ament_prefix_path.dsv
-- Up-to-date symlink: /home/yurs/softleg_ws/install/rbt_pd_cnt/share/rbt_pd_cnt/environment/path.sh
-- Up-to-date symlink: /home/yurs/softleg_ws/install/rbt_pd_cnt/share/rbt_pd_cnt/environment/path.dsv
-- Up-to-date symlink: /home/yurs/softleg_ws/install/rbt_pd_cnt/share/rbt_pd_cnt/local_setup.bash
-- Up-to-date symlink: /home/yurs/softleg_ws/install/rbt_pd_cnt/share/rbt_pd_cnt/local_setup.sh
-- Up-to-date symlink: /home/yurs/softleg_ws/install/rbt_pd_cnt/share/rbt_pd_cnt/local_setup.zsh
-- Up-to-date symlink: /home/yurs/softleg_ws/install/rbt_pd_cnt/share/rbt_pd_cnt/local_setup.dsv
-- Symlinking: /home/yurs/softleg_ws/install/rbt_pd_cnt/share/rbt_pd_cnt/package.dsv
-- Up-to-date symlink: /home/yurs/softleg_ws/install/rbt_pd_cnt/share/ament_index/resource_index/packages/rbt_pd_cnt
-- Up-to-date symlink: /home/yurs/softleg_ws/install/rbt_pd_cnt/share/ament_index/resource_index/controller_interface__pluginlib__plugin/rbt_pd_cnt
-- Up-to-date symlink: /home/yurs/softleg_ws/install/rbt_pd_cnt/share/rbt_pd_cnt/cmake/ament_cmake_export_dependencies-extras.cmake
-- Up-to-date symlink: /home/yurs/softleg_ws/install/rbt_pd_cnt/share/rbt_pd_cnt/cmake/ament_cmake_export_include_directories-extras.cmake
-- Up-to-date symlink: /home/yurs/softleg_ws/install/rbt_pd_cnt/share/rbt_pd_cnt/cmake/ament_cmake_export_libraries-extras.cmake
-- Up-to-date symlink: /home/yurs/softleg_ws/install/rbt_pd_cnt/share/rbt_pd_cnt/cmake/rbt_pd_cntConfig.cmake
-- Up-to-date symlink: /home/yurs/softleg_ws/install/rbt_pd_cnt/share/rbt_pd_cnt/cmake/rbt_pd_cntConfig-version.cmake
-- Up-to-date symlink: /home/yurs/softleg_ws/install/rbt_pd_cnt/share/rbt_pd_cnt/package.xml
