-- Install configuration: ""
-- Execute custom install script
-- Up-to-date symlink: /home/yurs/softleg_ws/install/softleg_gazebo/share/softleg_gazebo/launch/sim.launch.py
-- Up-to-date symlink: /home/yurs/softleg_ws/install/softleg_gazebo/share/softleg_gazebo/launch/sim.launch_debug.py
-- Up-to-date symlink: /home/yurs/softleg_ws/install/softleg_gazebo/share/softleg_gazebo/config/softleg_gazebo_sim_jnt_PD.yaml
-- Up-to-date symlink: /home/yurs/softleg_ws/install/softleg_gazebo/share/ament_index/resource_index/package_run_dependencies/softleg_gazebo
-- Up-to-date symlink: /home/yurs/softleg_ws/install/softleg_gazebo/share/ament_index/resource_index/parent_prefix_path/softleg_gazebo
-- Up-to-date symlink: /home/yurs/softleg_ws/install/softleg_gazebo/share/softleg_gazebo/environment/ament_prefix_path.sh
-- Up-to-date symlink: /home/yurs/softleg_ws/install/softleg_gazebo/share/softleg_gazebo/environment/ament_prefix_path.dsv
-- Up-to-date symlink: /home/yurs/softleg_ws/install/softleg_gazebo/share/softleg_gazebo/environment/path.sh
-- Up-to-date symlink: /home/yurs/softleg_ws/install/softleg_gazebo/share/softleg_gazebo/environment/path.dsv
-- Up-to-date symlink: /home/yurs/softleg_ws/install/softleg_gazebo/share/softleg_gazebo/local_setup.bash
-- Up-to-date symlink: /home/yurs/softleg_ws/install/softleg_gazebo/share/softleg_gazebo/local_setup.sh
-- Up-to-date symlink: /home/yurs/softleg_ws/install/softleg_gazebo/share/softleg_gazebo/local_setup.zsh
-- Up-to-date symlink: /home/yurs/softleg_ws/install/softleg_gazebo/share/softleg_gazebo/local_setup.dsv
-- Symlinking: /home/yurs/softleg_ws/install/softleg_gazebo/share/softleg_gazebo/package.dsv
-- Up-to-date symlink: /home/yurs/softleg_ws/install/softleg_gazebo/share/ament_index/resource_index/packages/softleg_gazebo
-- Up-to-date symlink: /home/yurs/softleg_ws/install/softleg_gazebo/share/softleg_gazebo/cmake/softleg_gazeboConfig.cmake
-- Up-to-date symlink: /home/yurs/softleg_ws/install/softleg_gazebo/share/softleg_gazebo/cmake/softleg_gazeboConfig-version.cmake
-- Up-to-date symlink: /home/yurs/softleg_ws/install/softleg_gazebo/share/softleg_gazebo/package.xml
