[0.182s] Invoking command in '/home/yurs/softleg_ws/build/rbt_pd_cnt': CMAKE_PREFIX_PATH=${CMAKE_PREFIX_PATH}:/home/yurs/softleg_ws/install/rlg_quad_controller:/home/yurs/softleg_ws/install/jumping_experiments:/opt/ros/humble /usr/bin/cmake --build /home/yurs/softleg_ws/build/rbt_pd_cnt -- -j8 -l8
[0.247s] [100%] Built target rbt_pd_cnt
[0.255s] Invoked command in '/home/yurs/softleg_ws/build/rbt_pd_cnt' returned '0': CMAKE_PREFIX_PATH=${CMAKE_PREFIX_PATH}:/home/yurs/softleg_ws/install/rlg_quad_controller:/home/yurs/softleg_ws/install/jumping_experiments:/opt/ros/humble /usr/bin/cmake --build /home/yurs/softleg_ws/build/rbt_pd_cnt -- -j8 -l8
[0.277s] Invoking command in '/home/yurs/softleg_ws/build/rbt_pd_cnt': CMAKE_PREFIX_PATH=${CMAKE_PREFIX_PATH}:/home/yurs/softleg_ws/install/rlg_quad_controller:/home/yurs/softleg_ws/install/jumping_experiments:/opt/ros/humble /usr/bin/cmake --install /home/yurs/softleg_ws/build/rbt_pd_cnt
[0.284s] -- Install configuration: ""
[0.285s] -- Execute custom install script
[0.285s] -- Up-to-date symlink: /home/yurs/softleg_ws/install/rbt_pd_cnt/share/rbt_pd_cnt//rbt_pd_cnt.xml
[0.286s] -- Up-to-date symlink: /home/yurs/softleg_ws/install/rbt_pd_cnt/include/real_pd_cnt.hpp
[0.286s] -- Up-to-date symlink: /home/yurs/softleg_ws/install/rbt_pd_cnt/include/robot_pd_cnt.hpp
[0.286s] -- Up-to-date symlink: /home/yurs/softleg_ws/install/rbt_pd_cnt/lib/librbt_pd_cnt.so
[0.286s] -- Up-to-date symlink: /home/yurs/softleg_ws/install/rbt_pd_cnt/share/rbt_pd_cnt/environment/library_path.sh
[0.286s] -- Up-to-date symlink: /home/yurs/softleg_ws/install/rbt_pd_cnt/share/rbt_pd_cnt/environment/library_path.dsv
[0.287s] -- Up-to-date symlink: /home/yurs/softleg_ws/install/rbt_pd_cnt/share/ament_index/resource_index/package_run_dependencies/rbt_pd_cnt
[0.287s] -- Up-to-date symlink: /home/yurs/softleg_ws/install/rbt_pd_cnt/share/ament_index/resource_index/parent_prefix_path/rbt_pd_cnt
[0.287s] -- Up-to-date symlink: /home/yurs/softleg_ws/install/rbt_pd_cnt/share/rbt_pd_cnt/environment/ament_prefix_path.sh
[0.287s] -- Up-to-date symlink: /home/yurs/softleg_ws/install/rbt_pd_cnt/share/rbt_pd_cnt/environment/ament_prefix_path.dsv
[0.287s] -- Up-to-date symlink: /home/yurs/softleg_ws/install/rbt_pd_cnt/share/rbt_pd_cnt/environment/path.sh
[0.287s] -- Up-to-date symlink: /home/yurs/softleg_ws/install/rbt_pd_cnt/share/rbt_pd_cnt/environment/path.dsv
[0.288s] -- Up-to-date symlink: /home/yurs/softleg_ws/install/rbt_pd_cnt/share/rbt_pd_cnt/local_setup.bash
[0.288s] -- Up-to-date symlink: /home/yurs/softleg_ws/install/rbt_pd_cnt/share/rbt_pd_cnt/local_setup.sh
[0.288s] -- Up-to-date symlink: /home/yurs/softleg_ws/install/rbt_pd_cnt/share/rbt_pd_cnt/local_setup.zsh
[0.288s] -- Up-to-date symlink: /home/yurs/softleg_ws/install/rbt_pd_cnt/share/rbt_pd_cnt/local_setup.dsv
[0.288s] -- Symlinking: /home/yurs/softleg_ws/install/rbt_pd_cnt/share/rbt_pd_cnt/package.dsv
[0.296s] -- Up-to-date symlink: /home/yurs/softleg_ws/install/rbt_pd_cnt/share/ament_index/resource_index/packages/rbt_pd_cnt
[0.296s] -- Up-to-date symlink: /home/yurs/softleg_ws/install/rbt_pd_cnt/share/ament_index/resource_index/controller_interface__pluginlib__plugin/rbt_pd_cnt
[0.296s] -- Up-to-date symlink: /home/yurs/softleg_ws/install/rbt_pd_cnt/share/rbt_pd_cnt/cmake/ament_cmake_export_dependencies-extras.cmake
[0.296s] -- Up-to-date symlink: /home/yurs/softleg_ws/install/rbt_pd_cnt/share/rbt_pd_cnt/cmake/ament_cmake_export_include_directories-extras.cmake
[0.296s] -- Up-to-date symlink: /home/yurs/softleg_ws/install/rbt_pd_cnt/share/rbt_pd_cnt/cmake/ament_cmake_export_libraries-extras.cmake
[0.297s] -- Up-to-date symlink: /home/yurs/softleg_ws/install/rbt_pd_cnt/share/rbt_pd_cnt/cmake/rbt_pd_cntConfig.cmake
[0.297s] -- Up-to-date symlink: /home/yurs/softleg_ws/install/rbt_pd_cnt/share/rbt_pd_cnt/cmake/rbt_pd_cntConfig-version.cmake
[0.297s] -- Up-to-date symlink: /home/yurs/softleg_ws/install/rbt_pd_cnt/share/rbt_pd_cnt/package.xml
[0.299s] Invoked command in '/home/yurs/softleg_ws/build/rbt_pd_cnt' returned '0': CMAKE_PREFIX_PATH=${CMAKE_PREFIX_PATH}:/home/yurs/softleg_ws/install/rlg_quad_controller:/home/yurs/softleg_ws/install/jumping_experiments:/opt/ros/humble /usr/bin/cmake --install /home/yurs/softleg_ws/build/rbt_pd_cnt
