-- The C compiler identification is GNU 11.4.0
-- The CXX compiler identification is GNU 11.4.0
-- Detecting C compiler ABI info
-- Detecting C compiler ABI info - done
-- Check for working C compiler: /usr/bin/cc - skipped
-- Detecting C compile features
-- Detecting C compile features - done
-- Detecting CXX compiler ABI info
-- Detecting CXX compiler ABI info - done
-- Check for working CXX compiler: /usr/bin/c++ - skipped
-- Detecting CXX compile features
-- Detecting CXX compile features - done
-- Found ament_cmake: 1.3.9 (/opt/ros/humble/share/ament_cmake/cmake)
-- Found Python3: /usr/bin/python3 (found version "3.10.12") found components: Interpreter 
-- Override CMake install command with custom implementation using symlinks instead of copying resources
-- Found ament_lint_auto: 0.12.11 (/opt/ros/humble/share/ament_lint_auto/cmake)
-- Added test 'flake8' to check Python code syntax and style conventions
-- Added test 'lint_cmake' to check CMake code style
-- Added test 'pep257' to check Python code against some of the docstring style conventions in PEP 257
-- Added test 'xmllint' to check XML markup files
-- Configuring done
-- Generating done
-- Build files have been written to: /home/yurs/softleg_ws/build/softleg_gazebo
-- Install configuration: ""
-- Execute custom install script
-- Symlinking: /home/yurs/softleg_ws/install/softleg_gazebo/share/softleg_gazebo/launch/sim.launch.py
-- Symlinking: /home/yurs/softleg_ws/install/softleg_gazebo/share/softleg_gazebo/launch/sim.launch_debug.py
-- Symlinking: /home/yurs/softleg_ws/install/softleg_gazebo/share/softleg_gazebo/config/softleg_gazebo_sim_jnt_PD.yaml
-- Symlinking: /home/yurs/softleg_ws/install/softleg_gazebo/share/ament_index/resource_index/package_run_dependencies/softleg_gazebo
-- Symlinking: /home/yurs/softleg_ws/install/softleg_gazebo/share/ament_index/resource_index/parent_prefix_path/softleg_gazebo
-- Symlinking: /home/yurs/softleg_ws/install/softleg_gazebo/share/softleg_gazebo/environment/ament_prefix_path.sh
-- Symlinking: /home/yurs/softleg_ws/install/softleg_gazebo/share/softleg_gazebo/environment/ament_prefix_path.dsv
-- Symlinking: /home/yurs/softleg_ws/install/softleg_gazebo/share/softleg_gazebo/environment/path.sh
-- Symlinking: /home/yurs/softleg_ws/install/softleg_gazebo/share/softleg_gazebo/environment/path.dsv
-- Symlinking: /home/yurs/softleg_ws/install/softleg_gazebo/share/softleg_gazebo/local_setup.bash
-- Symlinking: /home/yurs/softleg_ws/install/softleg_gazebo/share/softleg_gazebo/local_setup.sh
-- Symlinking: /home/yurs/softleg_ws/install/softleg_gazebo/share/softleg_gazebo/local_setup.zsh
-- Symlinking: /home/yurs/softleg_ws/install/softleg_gazebo/share/softleg_gazebo/local_setup.dsv
-- Symlinking: /home/yurs/softleg_ws/install/softleg_gazebo/share/softleg_gazebo/package.dsv
-- Symlinking: /home/yurs/softleg_ws/install/softleg_gazebo/share/ament_index/resource_index/packages/softleg_gazebo
-- Symlinking: /home/yurs/softleg_ws/install/softleg_gazebo/share/softleg_gazebo/cmake/softleg_gazeboConfig.cmake
-- Symlinking: /home/yurs/softleg_ws/install/softleg_gazebo/share/softleg_gazebo/cmake/softleg_gazeboConfig-version.cmake
-- Symlinking: /home/yurs/softleg_ws/install/softleg_gazebo/share/softleg_gazebo/package.xml
